Log file open, 07/19/22 23:06:34
LogInit: Display: Running engine for game: ActionRoguelike
LogPlatformFile: Not using cached read wrapper
LogTaskGraph: Started task graph with 5 named threads and 47 total threads with 3 sets of task threads.
LogStats: Stats thread started at 0.240738
LogD3D11RHI: Loaded GFSDK_Aftermath_Lib.x64.dll
LogICUInternationalization: ICU TimeZone Detection - Raw Offset: +8:00, Platform Override: ''
LogPluginManager: Mounting plugin Paper2D
LogPluginManager: Mounting plugin AISupport
LogPluginManager: Mounting plugin LightPropagationVolume
LogPluginManager: Mounting plugin CameraShakePreviewer
LogPluginManager: Mounting plugin ActorLayerUtilities
LogPluginManager: Mounting plugin AnimationSharing
LogPluginManager: Mounting plugin CLionSourceCodeAccess
LogPluginManager: Mounting plugin CodeLiteSourceCodeAccess
LogPluginManager: Mounting plugin GitSourceControl
LogPluginManager: Mounting plugin KDevelopSourceCodeAccess
LogPluginManager: Mounting plugin NullSourceCodeAccess
LogPluginManager: Mounting plugin PerforceSourceControl
LogPluginManager: Mounting plugin PlasticSourceControl
LogPluginManager: Mounting plugin RiderSourceCodeAccess
LogPluginManager: Mounting plugin SubversionSourceControl
LogPluginManager: Mounting plugin UObjectPlugin
LogPluginManager: Mounting plugin VisualStudioCodeSourceCodeAccess
LogPluginManager: Mounting plugin VisualStudioSourceCodeAccess
LogPluginManager: Mounting plugin XCodeSourceCodeAccess
LogPluginManager: Mounting plugin AssetManagerEditor
LogPluginManager: Mounting plugin CryptoKeys
LogPluginManager: Mounting plugin CurveEditorTools
LogPluginManager: Mounting plugin DataValidation
LogPluginManager: Mounting plugin EditorScriptingUtilities
LogPluginManager: Mounting plugin FacialAnimation
LogPluginManager: Mounting plugin GameplayTagsEditor
LogPluginManager: Mounting plugin GeometryMode
LogPluginManager: Mounting plugin MacGraphicsSwitching
LogPluginManager: Mounting plugin MaterialAnalyzer
LogPluginManager: Mounting plugin MobileLauncherProfileWizard
LogPluginManager: Mounting plugin PluginBrowser
LogPluginManager: Mounting plugin SpeedTreeImporter
LogPluginManager: Mounting plugin DatasmithContent
LogPluginManager: Mounting plugin VariantManagerContent
LogPluginManager: Mounting plugin AlembicImporter
LogPluginManager: Mounting plugin AutomationUtils
LogPluginManager: Mounting plugin BackChannel
LogPluginManager: Mounting plugin ChaosCloth
LogPluginManager: Mounting plugin ChaosClothEditor
LogPluginManager: Mounting plugin ChaosEditor
LogPluginManager: Mounting plugin ChaosNiagara
LogPluginManager: Mounting plugin ChaosSolverPlugin
LogPluginManager: Mounting plugin CharacterAI
LogPluginManager: Mounting plugin GeometryCache
LogPluginManager: Mounting plugin GeometryCollectionPlugin
LogPluginManager: Mounting plugin GeometryProcessing
LogPluginManager: Mounting plugin PlanarCut
LogPluginManager: Mounting plugin PlatformCrypto
LogPluginManager: Mounting plugin ProxyLODPlugin
LogPluginManager: Mounting plugin SkeletalReduction
LogPluginManager: Mounting plugin Niagara
LogPluginManager: Mounting plugin MagicLeap
LogPluginManager: Mounting plugin MagicLeapLightEstimation
LogPluginManager: Mounting plugin MagicLeapMedia
LogPluginManager: Mounting plugin MagicLeapPassableWorld
LogPluginManager: Mounting plugin MLSDK
LogPluginManager: Mounting plugin AndroidMedia
LogPluginManager: Mounting plugin AvfMedia
LogPluginManager: Mounting plugin ImgMedia
LogPluginManager: Mounting plugin MediaCompositing
LogPluginManager: Mounting plugin MediaPlayerEditor
LogPluginManager: Mounting plugin WebMMedia
LogPluginManager: Mounting plugin WmfMedia
LogPluginManager: Mounting plugin MeshPainting
LogPluginManager: Mounting plugin TcpMessaging
LogPluginManager: Mounting plugin UdpMessaging
LogPluginManager: Mounting plugin ActorSequence
LogPluginManager: Mounting plugin LevelSequenceEditor
LogPluginManager: Mounting plugin MatineeToLevelSequence
LogPluginManager: Mounting plugin MovieRenderPipeline
LogPluginManager: Mounting plugin TemplateSequence
LogPluginManager: Mounting plugin NetcodeUnitTest
LogPluginManager: Mounting plugin NUTUnrealEngine4
LogPluginManager: Mounting plugin OnlineSubsystemGooglePlay
LogPluginManager: Mounting plugin OnlineSubsystemIOS
LogPluginManager: Mounting plugin OnlineSubsystem
LogPluginManager: Mounting plugin OnlineSubsystemNull
LogPluginManager: Mounting plugin OnlineSubsystemUtils
LogPluginManager: Mounting plugin LauncherChunkInstaller
LogPluginManager: Mounting plugin AndroidDeviceProfileSelector
LogPluginManager: Mounting plugin AndroidMoviePlayer
LogPluginManager: Mounting plugin AndroidPermission
LogPluginManager: Mounting plugin AppleImageUtils
LogPluginManager: Mounting plugin AppleMoviePlayer
LogPluginManager: Mounting plugin ArchVisCharacter
LogPluginManager: Mounting plugin AssetTags
LogPluginManager: Mounting plugin AudioCapture
LogPluginManager: Mounting plugin CableComponent
LogPluginManager: Mounting plugin CustomMeshComponent
LogPluginManager: Mounting plugin EditableMesh
LogPluginManager: Mounting plugin ExampleDeviceProfileSelector
LogPluginManager: Mounting plugin GoogleCloudMessaging
LogPluginManager: Mounting plugin GooglePAD
LogPluginManager: Mounting plugin IOSDeviceProfileSelector
LogPluginManager: Mounting plugin LinuxDeviceProfileSelector
LogPluginManager: Mounting plugin LocationServicesBPLibrary
LogPluginManager: Mounting plugin MobilePatchingUtils
LogPluginManager: Mounting plugin OculusVR
LogPluginManager: Mounting plugin PhysXVehicles
LogPluginManager: Mounting plugin PostSplashScreen
LogPluginManager: Mounting plugin ProceduralMeshComponent
LogPluginManager: Mounting plugin RuntimePhysXCooking
LogPluginManager: Mounting plugin SignificanceManager
LogPluginManager: Mounting plugin SoundFields
LogPluginManager: Mounting plugin SteamVR
LogPluginManager: Mounting plugin Synthesis
LogPluginManager: Mounting plugin WebMMoviePlayer
LogPluginManager: Mounting plugin WindowsMoviePlayer
LogPluginManager: Mounting plugin ScreenshotTools
LogInit: Using libcurl 7.55.1-DEV
LogInit:  - built for x86_64-pc-win32
LogInit:  - supports SSL with OpenSSL/1.1.1
LogInit:  - supports HTTP deflate (compression) using libz 1.2.8
LogInit:  - other features:
LogInit:      CURL_VERSION_SSL
LogInit:      CURL_VERSION_LIBZ
LogInit:      CURL_VERSION_IPV6
LogInit:      CURL_VERSION_ASYNCHDNS
LogInit:      CURL_VERSION_LARGEFILE
LogInit:      CURL_VERSION_IDN
LogInit:  CurlRequestOptions (configurable via config and command line):
LogInit:  - bVerifyPeer = true  - Libcurl will verify peer certificate
LogInit:  - bUseHttpProxy = true  - Libcurl will use HTTP proxy
LogInit:  - HttpProxyAddress = '127.0.0.1:4780'
LogInit:  - bDontReuseConnections = false  - Libcurl will reuse connections
LogInit:  - MaxHostConnections = 16  - Libcurl will limit the number of connections to a host
LogInit:  - LocalHostAddr = Default
LogInit:  - BufferSize = 65536
LogOnline: OSS: Creating online subsystem instance for: NULL
LogInit: WinSock: version 1.1 (2.2), MaxSocks=32767, MaxUdp=65467
LogOnline: OSS: TryLoadSubsystemAndSetDefault: Loaded subsystem for module [NULL]
LogInit: Build: ++UE4+Release-4.25-CL-14469661
LogInit: Engine Version: 4.25.4-14469661+++UE4+Release-4.25
LogInit: Compatible Engine Version: 4.25.0-13144385+++UE4+Release-4.25
LogInit: Net CL: 13144385
LogInit: OS: Windows 10 (Release 2009) (), CPU: 11th Gen Intel(R) Core(TM) i7-11700F @ 2.50GHz, GPU: NVIDIA GeForce RTX 3060
LogInit: Compiled (64-bit): Oct 11 2020 08:10:49
LogInit: Compiled with Visual C++: 19.24.28315.00
LogInit: Build Configuration: Development
LogInit: Branch Name: ++UE4+Release-4.25
LogInit: Command Line:  -skipcompile
LogInit: Base Directory: I:/unrealEngine/UE_4.25/Engine/Binaries/Win64/
LogInit: Allocator: TBB
LogInit: Installed Engine Build: 1
LogDevObjectVersion: Number of dev versions registered: 26
LogDevObjectVersion:   Dev-Blueprints (B0D832E4-1F89-4F0D-ACCF-7EB736FD4AA2): 10
LogDevObjectVersion:   Dev-Build (E1C64328-A22C-4D53-A36C-8E866417BD8C): 0
LogDevObjectVersion:   Dev-Core (375EC13C-06E4-48FB-B500-84F0262A717E): 4
LogDevObjectVersion:   Dev-Editor (E4B068ED-F494-42E9-A231-DA0B2E46BB41): 38
LogDevObjectVersion:   Dev-Framework (CFFC743F-43B0-4480-9391-14DF171D2073): 37
LogDevObjectVersion:   Dev-Mobile (B02B49B5-BB20-44E9-A304-32B752E40360): 2
LogDevObjectVersion:   Dev-Networking (A4E4105C-59A1-49B5-A7C5-40C4547EDFEE): 0
LogDevObjectVersion:   Dev-Online (39C831C9-5AE6-47DC-9A44-9C173E1C8E7C): 0
LogDevObjectVersion:   Dev-Physics (78F01B33-EBEA-4F98-B9B4-84EACCB95AA2): 4
LogDevObjectVersion:   Dev-Platform (6631380F-2D4D-43E0-8009-CF276956A95A): 0
LogDevObjectVersion:   Dev-Rendering (12F88B9F-8875-4AFC-A67C-D90C383ABD29): 43
LogDevObjectVersion:   Dev-Sequencer (7B5AE74C-D270-4C10-A958-57980B212A5A): 12
LogDevObjectVersion:   Dev-VR (D7296918-1DD6-4BDD-9DE2-64A83CC13884): 3
LogDevObjectVersion:   Dev-LoadTimes (C2A15278-BFE7-4AFE-6C17-90FF531DF755): 1
LogDevObjectVersion:   Private-Geometry (6EACA3D4-40EC-4CC1-B786-8BED09428FC5): 3
LogDevObjectVersion:   Dev-AnimPhys (29E575DD-E0A3-4627-9D10-D276232CDCEA): 17
LogDevObjectVersion:   Dev-Anim (AF43A65D-7FD3-4947-9873-3E8ED9C1BB05): 7
LogDevObjectVersion:   Dev-ReflectionCapture (6B266CEC-1EC7-4B8F-A30B-E4D90942FC07): 1
LogDevObjectVersion:   Dev-Automation (0DF73D61-A23F-47EA-B727-89E90C41499A): 1
LogDevObjectVersion:   FortniteMain (601D1886-AC64-4F84-AA16-D3DE0DEAC7D6): 31
LogDevObjectVersion:   Dev-Enterprise (9DFFBCD6-494F-0158-E221-12823C92A888): 10
LogDevObjectVersion:   Dev-Niagara (F2AED0AC-9AFE-416F-8664-AA7FFA26D6FC): 1
LogDevObjectVersion:   Dev-Destruction (174F1F0B-B4C6-45A5-B13F-2EE8D0FB917D): 10
LogDevObjectVersion:   Dev-Physics-Ext (35F94A83-E258-406C-A318-09F59610247C): 37
LogDevObjectVersion:   Dev-PhysicsMaterial-Chaos (B68FC16E-8B1B-42E2-B453-215C058844FE): 1
LogDevObjectVersion:   Dev-CineCamera (B2E18506-4273-CFC2-A54E-F4BB758BBA07): 1
LogInit: Presizing for max 25165824 objects, including 0 objects not considered by GC, pre-allocating 0 bytes for permanent pool.
LogConfig: Applying CVar settings from Section [/Script/Engine.StreamingSettings] File [I:/githubProject/ActionRoguelike/ActionRoguelike/Saved/Config/Windows/Engine.ini]
LogConfig: Setting CVar [[s.MinBulkDataSizeForAsyncLoading:131072]]
LogConfig: Setting CVar [[s.AsyncLoadingThreadEnabled:0]]
LogConfig: Setting CVar [[s.EventDrivenLoaderEnabled:1]]
LogConfig: Setting CVar [[s.WarnIfTimeLimitExceeded:0]]
LogConfig: Setting CVar [[s.TimeLimitExceededMultiplier:1.5]]
LogConfig: Setting CVar [[s.TimeLimitExceededMinTime:0.005]]
LogConfig: Setting CVar [[s.UseBackgroundLevelStreaming:1]]
LogConfig: Setting CVar [[s.PriorityAsyncLoadingExtraTime:15.0]]
LogConfig: Setting CVar [[s.LevelStreamingActorsUpdateTimeLimit:5.0]]
LogConfig: Setting CVar [[s.PriorityLevelStreamingActorsUpdateExtraTime:5.0]]
LogConfig: Setting CVar [[s.LevelStreamingComponentsRegistrationGranularity:10]]
LogConfig: Setting CVar [[s.UnregisterComponentsTimeLimit:1.0]]
LogConfig: Setting CVar [[s.LevelStreamingComponentsUnregistrationGranularity:5]]
LogConfig: Setting CVar [[s.FlushStreamingOnExit:1]]
LogInit: Object subsystem initialized
LogConfig: Setting CVar [[con.DebugEarlyDefault:1]]
LogConfig: Setting CVar [[r.setres:1280x720]]
[2022.07.19-15.06.34:950][  0]LogConfig: Setting CVar [[r.VSync:0]]
[2022.07.19-15.06.34:950][  0]LogConfig: Setting CVar [[r.RHICmdBypass:0]]
[2022.07.19-15.06.34:950][  0]LogConfig: Applying CVar settings from Section [/Script/Engine.RendererSettings] File [I:/githubProject/ActionRoguelike/ActionRoguelike/Saved/Config/Windows/Engine.ini]
[2022.07.19-15.06.34:950][  0]LogConfig: Setting CVar [[r.GPUCrashDebugging:0]]
[2022.07.19-15.06.34:950][  0]LogConfig: Applying CVar settings from Section [/Script/Engine.RendererOverrideSettings] File [I:/githubProject/ActionRoguelike/ActionRoguelike/Saved/Config/Windows/Engine.ini]
[2022.07.19-15.06.34:950][  0]LogConfig: Applying CVar settings from Section [/Script/Engine.StreamingSettings] File [I:/githubProject/ActionRoguelike/ActionRoguelike/Saved/Config/Windows/Engine.ini]
[2022.07.19-15.06.34:950][  0]LogConfig: Setting CVar [[s.MinBulkDataSizeForAsyncLoading:131072]]
[2022.07.19-15.06.34:950][  0]LogConfig: Setting CVar [[s.AsyncLoadingThreadEnabled:0]]
[2022.07.19-15.06.34:951][  0]LogConfig: Setting CVar [[s.EventDrivenLoaderEnabled:1]]
[2022.07.19-15.06.34:951][  0]LogConfig: Setting CVar [[s.WarnIfTimeLimitExceeded:0]]
[2022.07.19-15.06.34:951][  0]LogConfig: Setting CVar [[s.TimeLimitExceededMultiplier:1.5]]
[2022.07.19-15.06.34:951][  0]LogConfig: Setting CVar [[s.TimeLimitExceededMinTime:0.005]]
[2022.07.19-15.06.34:951][  0]LogConfig: Setting CVar [[s.UseBackgroundLevelStreaming:1]]
[2022.07.19-15.06.34:951][  0]LogConfig: Setting CVar [[s.PriorityAsyncLoadingExtraTime:15.0]]
[2022.07.19-15.06.34:951][  0]LogConfig: Setting CVar [[s.LevelStreamingActorsUpdateTimeLimit:5.0]]
[2022.07.19-15.06.34:951][  0]LogConfig: Setting CVar [[s.PriorityLevelStreamingActorsUpdateExtraTime:5.0]]
[2022.07.19-15.06.34:951][  0]LogConfig: Setting CVar [[s.LevelStreamingComponentsRegistrationGranularity:10]]
[2022.07.19-15.06.34:951][  0]LogConfig: Setting CVar [[s.UnregisterComponentsTimeLimit:1.0]]
[2022.07.19-15.06.34:951][  0]LogConfig: Setting CVar [[s.LevelStreamingComponentsUnregistrationGranularity:5]]
[2022.07.19-15.06.34:951][  0]LogConfig: Setting CVar [[s.FlushStreamingOnExit:1]]
[2022.07.19-15.06.34:951][  0]LogConfig: Applying CVar settings from Section [/Script/Engine.GarbageCollectionSettings] File [I:/githubProject/ActionRoguelike/ActionRoguelike/Saved/Config/Windows/Engine.ini]
[2022.07.19-15.06.34:951][  0]LogConfig: Setting CVar [[gc.MaxObjectsNotConsideredByGC:1]]
[2022.07.19-15.06.34:951][  0]LogConfig: Setting CVar [[gc.SizeOfPermanentObjectPool:0]]
[2022.07.19-15.06.34:951][  0]LogConfig: Setting CVar [[gc.FlushStreamingOnGC:0]]
[2022.07.19-15.06.34:951][  0]LogConfig: Setting CVar [[gc.NumRetriesBeforeForcingGC:10]]
[2022.07.19-15.06.34:951][  0]LogConfig: Setting CVar [[gc.AllowParallelGC:1]]
[2022.07.19-15.06.34:951][  0]LogConfig: Setting CVar [[gc.TimeBetweenPurgingPendingKillObjects:61.1]]
[2022.07.19-15.06.34:951][  0]LogConfig: Setting CVar [[gc.MaxObjectsInEditor:25165824]]
[2022.07.19-15.06.34:951][  0]LogConfig: Setting CVar [[gc.IncrementalBeginDestroyEnabled:1]]
[2022.07.19-15.06.34:951][  0]LogConfig: Setting CVar [[gc.CreateGCClusters:1]]
[2022.07.19-15.06.34:951][  0]LogConfig: Setting CVar [[gc.MinGCClusterSize:5]]
[2022.07.19-15.06.34:951][  0]LogConfig: Setting CVar [[gc.ActorClusteringEnabled:0]]
[2022.07.19-15.06.34:951][  0]LogConfig: Setting CVar [[gc.BlueprintClusteringEnabled:0]]
[2022.07.19-15.06.34:951][  0]LogConfig: Setting CVar [[gc.UseDisregardForGCOnDedicatedServers:0]]
[2022.07.19-15.06.34:951][  0]LogConfig: Applying CVar settings from Section [/Script/Engine.NetworkSettings] File [I:/githubProject/ActionRoguelike/ActionRoguelike/Saved/Config/Windows/Engine.ini]
[2022.07.19-15.06.34:952][  0]LogConfig: Applying CVar settings from Section [/Script/UnrealEd.CookerSettings] File [I:/githubProject/ActionRoguelike/ActionRoguelike/Saved/Config/Windows/Engine.ini]
[2022.07.19-15.06.34:956][  0]LogConfig: Applying CVar settings from Section [ViewDistanceQuality@3] File [I:/githubProject/ActionRoguelike/ActionRoguelike/Saved/Config/Windows/Scalability.ini]
[2022.07.19-15.06.34:956][  0]LogConfig: Setting CVar [[r.SkeletalMeshLODBias:0]]
[2022.07.19-15.06.34:956][  0]LogConfig: Setting CVar [[r.ViewDistanceScale:1.0]]
[2022.07.19-15.06.34:956][  0]LogConfig: Applying CVar settings from Section [AntiAliasingQuality@3] File [I:/githubProject/ActionRoguelike/ActionRoguelike/Saved/Config/Windows/Scalability.ini]
[2022.07.19-15.06.34:956][  0]LogConfig: Setting CVar [[r.PostProcessAAQuality:4]]
[2022.07.19-15.06.34:956][  0]LogConfig: Applying CVar settings from Section [ShadowQuality@3] File [I:/githubProject/ActionRoguelike/ActionRoguelike/Saved/Config/Windows/Scalability.ini]
[2022.07.19-15.06.34:956][  0]LogConfig: Setting CVar [[r.LightFunctionQuality:1]]
[2022.07.19-15.06.34:956][  0]LogConfig: Setting CVar [[r.ShadowQuality:5]]
[2022.07.19-15.06.34:956][  0]LogConfig: Setting CVar [[r.Shadow.CSM.MaxCascades:10]]
[2022.07.19-15.06.34:956][  0]LogConfig: Setting CVar [[r.Shadow.MaxResolution:2048]]
[2022.07.19-15.06.34:956][  0]LogConfig: Setting CVar [[r.Shadow.MaxCSMResolution:2048]]
[2022.07.19-15.06.34:956][  0]LogConfig: Setting CVar [[r.Shadow.RadiusThreshold:0.01]]
[2022.07.19-15.06.34:956][  0]LogConfig: Setting CVar [[r.Shadow.DistanceScale:1.0]]
[2022.07.19-15.06.34:956][  0]LogConfig: Setting CVar [[r.Shadow.CSM.TransitionScale:1.0]]
[2022.07.19-15.06.34:956][  0]LogConfig: Setting CVar [[r.Shadow.PreShadowResolutionFactor:1.0]]
[2022.07.19-15.06.34:956][  0]LogConfig: Setting CVar [[r.DistanceFieldShadowing:1]]
[2022.07.19-15.06.34:956][  0]LogConfig: Setting CVar [[r.DistanceFieldAO:1]]
[2022.07.19-15.06.34:956][  0]LogConfig: Setting CVar [[r.AOQuality:2]]
[2022.07.19-15.06.34:956][  0]LogConfig: Setting CVar [[r.VolumetricFog:1]]
[2022.07.19-15.06.34:956][  0]LogConfig: Setting CVar [[r.VolumetricFog.GridPixelSize:8]]
[2022.07.19-15.06.34:956][  0]LogConfig: Setting CVar [[r.VolumetricFog.GridSizeZ:128]]
[2022.07.19-15.06.34:957][  0]LogConfig: Setting CVar [[r.VolumetricFog.HistoryMissSupersampleCount:4]]
[2022.07.19-15.06.34:957][  0]LogConfig: Setting CVar [[r.LightMaxDrawDistanceScale:1]]
[2022.07.19-15.06.34:957][  0]LogConfig: Setting CVar [[r.CapsuleShadows:1]]
[2022.07.19-15.06.34:957][  0]LogConfig: Applying CVar settings from Section [PostProcessQuality@3] File [I:/githubProject/ActionRoguelike/ActionRoguelike/Saved/Config/Windows/Scalability.ini]
[2022.07.19-15.06.34:957][  0]LogConfig: Setting CVar [[r.MotionBlurQuality:4]]
[2022.07.19-15.06.34:957][  0]LogConfig: Setting CVar [[r.AmbientOcclusionMipLevelFactor:0.4]]
[2022.07.19-15.06.34:957][  0]LogConfig: Setting CVar [[r.AmbientOcclusionMaxQuality:100]]
[2022.07.19-15.06.34:957][  0]LogConfig: Setting CVar [[r.AmbientOcclusionLevels:-1]]
[2022.07.19-15.06.34:957][  0]LogConfig: Setting CVar [[r.AmbientOcclusionRadiusScale:1.0]]
[2022.07.19-15.06.34:957][  0]LogConfig: Setting CVar [[r.DepthOfFieldQuality:2]]
[2022.07.19-15.06.34:957][  0]LogConfig: Setting CVar [[r.RenderTargetPoolMin:400]]
[2022.07.19-15.06.34:957][  0]LogConfig: Setting CVar [[r.LensFlareQuality:2]]
[2022.07.19-15.06.34:957][  0]LogConfig: Setting CVar [[r.SceneColorFringeQuality:1]]
[2022.07.19-15.06.34:957][  0]LogConfig: Setting CVar [[r.EyeAdaptationQuality:2]]
[2022.07.19-15.06.34:957][  0]LogConfig: Setting CVar [[r.BloomQuality:5]]
[2022.07.19-15.06.34:957][  0]LogConfig: Setting CVar [[r.FastBlurThreshold:100]]
[2022.07.19-15.06.34:957][  0]LogConfig: Setting CVar [[r.Upscale.Quality:3]]
[2022.07.19-15.06.34:957][  0]LogConfig: Setting CVar [[r.Tonemapper.GrainQuantization:1]]
[2022.07.19-15.06.34:957][  0]LogConfig: Setting CVar [[r.LightShaftQuality:1]]
[2022.07.19-15.06.34:957][  0]LogConfig: Setting CVar [[r.Filter.SizeScale:1]]
[2022.07.19-15.06.34:957][  0]LogConfig: Setting CVar [[r.Tonemapper.Quality:5]]
[2022.07.19-15.06.34:957][  0]LogConfig: Setting CVar [[r.DOF.Gather.AccumulatorQuality:1        ; higher gathering accumulator quality]]
[2022.07.19-15.06.34:957][  0]LogConfig: Setting CVar [[r.DOF.Gather.PostfilterMethod:1          ; Median3x3 postfilering method]]
[2022.07.19-15.06.34:957][  0]LogConfig: Setting CVar [[r.DOF.Gather.EnableBokehSettings:0       ; no bokeh simulation when gathering]]
[2022.07.19-15.06.34:957][  0]LogConfig: Setting CVar [[r.DOF.Gather.RingCount:4                 ; medium number of samples when gathering]]
[2022.07.19-15.06.34:958][  0]LogConfig: Setting CVar [[r.DOF.Scatter.ForegroundCompositing:1    ; additive foreground scattering]]
[2022.07.19-15.06.34:958][  0]LogConfig: Setting CVar [[r.DOF.Scatter.BackgroundCompositing:2    ; additive background scattering]]
[2022.07.19-15.06.34:958][  0]LogConfig: Setting CVar [[r.DOF.Scatter.EnableBokehSettings:1      ; bokeh simulation when scattering]]
[2022.07.19-15.06.34:958][  0]LogConfig: Setting CVar [[r.DOF.Scatter.MaxSpriteRatio:0.1         ; only a maximum of 10% of scattered bokeh]]
[2022.07.19-15.06.34:958][  0]LogConfig: Setting CVar [[r.DOF.Recombine.Quality:1                ; cheap slight out of focus]]
[2022.07.19-15.06.34:958][  0]LogConfig: Setting CVar [[r.DOF.Recombine.EnableBokehSettings:0    ; no bokeh simulation on slight out of focus]]
[2022.07.19-15.06.34:958][  0]LogConfig: Setting CVar [[r.DOF.TemporalAAQuality:1                ; more stable temporal accumulation]]
[2022.07.19-15.06.34:958][  0]LogConfig: Setting CVar [[r.DOF.Kernel.MaxForegroundRadius:0.025]]
[2022.07.19-15.06.34:958][  0]LogConfig: Setting CVar [[r.DOF.Kernel.MaxBackgroundRadius:0.025]]
[2022.07.19-15.06.34:958][  0]LogConfig: Applying CVar settings from Section [TextureQuality@3] File [I:/githubProject/ActionRoguelike/ActionRoguelike/Saved/Config/Windows/Scalability.ini]
[2022.07.19-15.06.34:958][  0]LogConfig: Setting CVar [[r.Streaming.MipBias:0]]
[2022.07.19-15.06.34:958][  0]LogConfig: Setting CVar [[r.Streaming.AmortizeCPUToGPUCopy:0]]
[2022.07.19-15.06.34:958][  0]LogConfig: Setting CVar [[r.Streaming.MaxNumTexturesToStreamPerFrame:0]]
[2022.07.19-15.06.34:958][  0]LogConfig: Setting CVar [[r.Streaming.Boost:1]]
[2022.07.19-15.06.34:958][  0]LogConfig: Setting CVar [[r.MaxAnisotropy:8]]
[2022.07.19-15.06.34:958][  0]LogConfig: Setting CVar [[r.VT.MaxAnisotropy:8]]
[2022.07.19-15.06.34:958][  0]LogConfig: Setting CVar [[r.Streaming.LimitPoolSizeToVRAM:0]]
[2022.07.19-15.06.34:958][  0]LogConfig: Setting CVar [[r.Streaming.PoolSize:1000]]
[2022.07.19-15.06.34:958][  0]LogConfig: Setting CVar [[r.Streaming.MaxEffectiveScreenSize:0]]
[2022.07.19-15.06.34:958][  0]LogConfig: Applying CVar settings from Section [EffectsQuality@3] File [I:/githubProject/ActionRoguelike/ActionRoguelike/Saved/Config/Windows/Scalability.ini]
[2022.07.19-15.06.34:958][  0]LogConfig: Setting CVar [[r.TranslucencyLightingVolumeDim:64]]
[2022.07.19-15.06.34:958][  0]LogConfig: Setting CVar [[r.RefractionQuality:2]]
[2022.07.19-15.06.34:958][  0]LogConfig: Setting CVar [[r.SSR.Quality:3]]
[2022.07.19-15.06.34:958][  0]LogConfig: Setting CVar [[r.SSR.HalfResSceneColor:0]]
[2022.07.19-15.06.34:958][  0]LogConfig: Setting CVar [[r.SceneColorFormat:4]]
[2022.07.19-15.06.34:958][  0]LogConfig: Setting CVar [[r.DetailMode:2]]
[2022.07.19-15.06.34:958][  0]LogConfig: Setting CVar [[r.TranslucencyVolumeBlur:1]]
[2022.07.19-15.06.34:958][  0]LogConfig: Setting CVar [[r.MaterialQualityLevel:1 ; High quality]]
[2022.07.19-15.06.34:958][  0]LogConfig: Setting CVar [[r.SSS.Scale:1]]
[2022.07.19-15.06.34:959][  0]LogConfig: Setting CVar [[r.SSS.SampleSet:2]]
[2022.07.19-15.06.34:959][  0]LogConfig: Setting CVar [[r.SSS.Quality:1]]
[2022.07.19-15.06.34:959][  0]LogConfig: Setting CVar [[r.SSS.HalfRes:0]]
[2022.07.19-15.06.34:959][  0]LogConfig: Setting CVar [[r.SSGI.Quality:3]]
[2022.07.19-15.06.34:959][  0]LogConfig: Setting CVar [[r.EmitterSpawnRateScale:1.0]]
[2022.07.19-15.06.34:959][  0]LogConfig: Setting CVar [[r.ParticleLightQuality:2]]
[2022.07.19-15.06.34:959][  0]LogConfig: Setting CVar [[r.SkyAtmosphere.AerialPerspectiveLUT.FastApplyOnOpaque:1 ; Always have FastSkyLUT 1 in this case to avoid wrong sky]]
[2022.07.19-15.06.34:959][  0]LogConfig: Setting CVar [[r.SkyAtmosphere.AerialPerspectiveLUT.SampleCountPerSlice:1]]
[2022.07.19-15.06.34:959][  0]LogConfig: Setting CVar [[r.SkyAtmosphere.AerialPerspectiveLUT.DepthResolution:16.0]]
[2022.07.19-15.06.34:959][  0]LogConfig: Setting CVar [[r.SkyAtmosphere.FastSkyLUT:1]]
[2022.07.19-15.06.34:959][  0]LogConfig: Setting CVar [[r.SkyAtmosphere.FastSkyLUT.SampleCountMin:4.0]]
[2022.07.19-15.06.34:959][  0]LogConfig: Setting CVar [[r.SkyAtmosphere.FastSkyLUT.SampleCountMax:32.0]]
[2022.07.19-15.06.34:959][  0]LogConfig: Setting CVar [[r.SkyAtmosphere.SampleCountMin:4.0]]
[2022.07.19-15.06.34:959][  0]LogConfig: Setting CVar [[r.SkyAtmosphere.SampleCountMax:32.0]]
[2022.07.19-15.06.34:959][  0]LogConfig: Setting CVar [[r.SkyAtmosphere.TransmittanceLUT.UseSmallFormat:0]]
[2022.07.19-15.06.34:959][  0]LogConfig: Setting CVar [[r.SkyAtmosphere.TransmittanceLUT.SampleCount:10.0]]
[2022.07.19-15.06.34:959][  0]LogConfig: Setting CVar [[r.SkyAtmosphere.MultiScatteringLUT.SampleCount:15.0]]
[2022.07.19-15.06.34:959][  0]LogConfig: Applying CVar settings from Section [FoliageQuality@3] File [I:/githubProject/ActionRoguelike/ActionRoguelike/Saved/Config/Windows/Scalability.ini]
[2022.07.19-15.06.34:959][  0]LogConfig: Setting CVar [[foliage.DensityScale:1.0]]
[2022.07.19-15.06.34:959][  0]LogConfig: Setting CVar [[grass.DensityScale:1.0]]
[2022.07.19-15.06.34:959][  0]LogConfig: Applying CVar settings from Section [ShadingQuality@3] File [I:/githubProject/ActionRoguelike/ActionRoguelike/Saved/Config/Windows/Scalability.ini]
[2022.07.19-15.06.34:959][  0]LogConfig: Setting CVar [[r.HairStrands.SkyLighting.SampleCount:16]]
[2022.07.19-15.06.34:959][  0]LogConfig: Setting CVar [[r.HairStrands.SkyLighting.JitterIntegration:0]]
[2022.07.19-15.06.34:959][  0]LogConfig: Setting CVar [[r.HairStrands.SkyAO.SampleCount:16]]
[2022.07.19-15.06.34:959][  0]LogConfig: Setting CVar [[r.HairStrands.DeepShadow.SuperSampling:0]]
[2022.07.19-15.06.34:959][  0]LogConfig: Setting CVar [[r.HairStrands.VisibilityPPLL:0]]
[2022.07.19-15.06.34:959][  0]LogConfig: Setting CVar [[r.HairStrands.RasterizationScale:0.5]]
[2022.07.19-15.06.34:959][  0]LogConfig: Setting CVar [[r.HairStrands.VelocityRasterizationScale:1]]
[2022.07.19-15.06.34:959][  0]LogInit: Selected Device Profile: [Windows]
[2022.07.19-15.06.34:959][  0]LogInit: Applying CVar settings loaded from the selected device profile: [Windows]
[2022.07.19-15.06.34:960][  0]LogHAL: Display: Platform has ~ 32 GB [34222546944 / 34359738368 / 32], which maps to Largest [LargestMinGB=32, LargerMinGB=12, DefaultMinGB=8, SmallerMinGB=6, SmallestMinGB=0)
[2022.07.19-15.06.34:960][  0]LogInit: Going up to parent DeviceProfile []
[2022.07.19-15.06.34:960][  0]LogConfig: Applying CVar settings from Section [ViewDistanceQuality@3] File [I:/githubProject/ActionRoguelike/ActionRoguelike/Saved/Config/Windows/Scalability.ini]
[2022.07.19-15.06.34:960][  0]LogConfig: Setting CVar [[r.SkeletalMeshLODBias:0]]
[2022.07.19-15.06.34:960][  0]LogConfig: Setting CVar [[r.ViewDistanceScale:1.0]]
[2022.07.19-15.06.34:960][  0]LogConfig: Applying CVar settings from Section [AntiAliasingQuality@3] File [I:/githubProject/ActionRoguelike/ActionRoguelike/Saved/Config/Windows/Scalability.ini]
[2022.07.19-15.06.34:960][  0]LogConfig: Setting CVar [[r.PostProcessAAQuality:4]]
[2022.07.19-15.06.34:960][  0]LogConfig: Applying CVar settings from Section [ShadowQuality@3] File [I:/githubProject/ActionRoguelike/ActionRoguelike/Saved/Config/Windows/Scalability.ini]
[2022.07.19-15.06.34:960][  0]LogConfig: Setting CVar [[r.LightFunctionQuality:1]]
[2022.07.19-15.06.34:960][  0]LogConfig: Setting CVar [[r.ShadowQuality:5]]
[2022.07.19-15.06.34:960][  0]LogConfig: Setting CVar [[r.Shadow.CSM.MaxCascades:10]]
[2022.07.19-15.06.34:960][  0]LogConfig: Setting CVar [[r.Shadow.MaxResolution:2048]]
[2022.07.19-15.06.34:960][  0]LogConfig: Setting CVar [[r.Shadow.MaxCSMResolution:2048]]
[2022.07.19-15.06.34:960][  0]LogConfig: Setting CVar [[r.Shadow.RadiusThreshold:0.01]]
[2022.07.19-15.06.34:960][  0]LogConfig: Setting CVar [[r.Shadow.DistanceScale:1.0]]
[2022.07.19-15.06.34:960][  0]LogConfig: Setting CVar [[r.Shadow.CSM.TransitionScale:1.0]]
[2022.07.19-15.06.34:960][  0]LogConfig: Setting CVar [[r.Shadow.PreShadowResolutionFactor:1.0]]
[2022.07.19-15.06.34:960][  0]LogConfig: Setting CVar [[r.DistanceFieldShadowing:1]]
[2022.07.19-15.06.34:960][  0]LogConfig: Setting CVar [[r.DistanceFieldAO:1]]
[2022.07.19-15.06.34:960][  0]LogConfig: Setting CVar [[r.AOQuality:2]]
[2022.07.19-15.06.34:960][  0]LogConfig: Setting CVar [[r.VolumetricFog:1]]
[2022.07.19-15.06.34:960][  0]LogConfig: Setting CVar [[r.VolumetricFog.GridPixelSize:8]]
[2022.07.19-15.06.34:960][  0]LogConfig: Setting CVar [[r.VolumetricFog.GridSizeZ:128]]
[2022.07.19-15.06.34:960][  0]LogConfig: Setting CVar [[r.VolumetricFog.HistoryMissSupersampleCount:4]]
[2022.07.19-15.06.34:960][  0]LogConfig: Setting CVar [[r.LightMaxDrawDistanceScale:1]]
[2022.07.19-15.06.34:960][  0]LogConfig: Setting CVar [[r.CapsuleShadows:1]]
[2022.07.19-15.06.34:961][  0]LogConfig: Applying CVar settings from Section [PostProcessQuality@3] File [I:/githubProject/ActionRoguelike/ActionRoguelike/Saved/Config/Windows/Scalability.ini]
[2022.07.19-15.06.34:961][  0]LogConfig: Setting CVar [[r.MotionBlurQuality:4]]
[2022.07.19-15.06.34:961][  0]LogConfig: Setting CVar [[r.AmbientOcclusionMipLevelFactor:0.4]]
[2022.07.19-15.06.34:961][  0]LogConfig: Setting CVar [[r.AmbientOcclusionMaxQuality:100]]
[2022.07.19-15.06.34:961][  0]LogConfig: Setting CVar [[r.AmbientOcclusionLevels:-1]]
[2022.07.19-15.06.34:961][  0]LogConfig: Setting CVar [[r.AmbientOcclusionRadiusScale:1.0]]
[2022.07.19-15.06.34:961][  0]LogConfig: Setting CVar [[r.DepthOfFieldQuality:2]]
[2022.07.19-15.06.34:961][  0]LogConfig: Setting CVar [[r.RenderTargetPoolMin:400]]
[2022.07.19-15.06.34:961][  0]LogConfig: Setting CVar [[r.LensFlareQuality:2]]
[2022.07.19-15.06.34:961][  0]LogConfig: Setting CVar [[r.SceneColorFringeQuality:1]]
[2022.07.19-15.06.34:961][  0]LogConfig: Setting CVar [[r.EyeAdaptationQuality:2]]
[2022.07.19-15.06.34:961][  0]LogConfig: Setting CVar [[r.BloomQuality:5]]
[2022.07.19-15.06.34:961][  0]LogConfig: Setting CVar [[r.FastBlurThreshold:100]]
[2022.07.19-15.06.34:961][  0]LogConfig: Setting CVar [[r.Upscale.Quality:3]]
[2022.07.19-15.06.34:961][  0]LogConfig: Setting CVar [[r.Tonemapper.GrainQuantization:1]]
[2022.07.19-15.06.34:961][  0]LogConfig: Setting CVar [[r.LightShaftQuality:1]]
[2022.07.19-15.06.34:961][  0]LogConfig: Setting CVar [[r.Filter.SizeScale:1]]
[2022.07.19-15.06.34:961][  0]LogConfig: Setting CVar [[r.Tonemapper.Quality:5]]
[2022.07.19-15.06.34:961][  0]LogConfig: Setting CVar [[r.DOF.Gather.AccumulatorQuality:1        ; higher gathering accumulator quality]]
[2022.07.19-15.06.34:961][  0]LogConfig: Setting CVar [[r.DOF.Gather.PostfilterMethod:1          ; Median3x3 postfilering method]]
[2022.07.19-15.06.34:961][  0]LogConfig: Setting CVar [[r.DOF.Gather.EnableBokehSettings:0       ; no bokeh simulation when gathering]]
[2022.07.19-15.06.34:961][  0]LogConfig: Setting CVar [[r.DOF.Gather.RingCount:4                 ; medium number of samples when gathering]]
[2022.07.19-15.06.34:961][  0]LogConfig: Setting CVar [[r.DOF.Scatter.ForegroundCompositing:1    ; additive foreground scattering]]
[2022.07.19-15.06.34:961][  0]LogConfig: Setting CVar [[r.DOF.Scatter.BackgroundCompositing:2    ; additive background scattering]]
[2022.07.19-15.06.34:961][  0]LogConfig: Setting CVar [[r.DOF.Scatter.EnableBokehSettings:1      ; bokeh simulation when scattering]]
[2022.07.19-15.06.34:961][  0]LogConfig: Setting CVar [[r.DOF.Scatter.MaxSpriteRatio:0.1         ; only a maximum of 10% of scattered bokeh]]
[2022.07.19-15.06.34:961][  0]LogConfig: Setting CVar [[r.DOF.Recombine.Quality:1                ; cheap slight out of focus]]
[2022.07.19-15.06.34:962][  0]LogConfig: Setting CVar [[r.DOF.Recombine.EnableBokehSettings:0    ; no bokeh simulation on slight out of focus]]
[2022.07.19-15.06.34:962][  0]LogConfig: Setting CVar [[r.DOF.TemporalAAQuality:1                ; more stable temporal accumulation]]
[2022.07.19-15.06.34:962][  0]LogConfig: Setting CVar [[r.DOF.Kernel.MaxForegroundRadius:0.025]]
[2022.07.19-15.06.34:962][  0]LogConfig: Setting CVar [[r.DOF.Kernel.MaxBackgroundRadius:0.025]]
[2022.07.19-15.06.34:962][  0]LogConfig: Applying CVar settings from Section [TextureQuality@3] File [I:/githubProject/ActionRoguelike/ActionRoguelike/Saved/Config/Windows/Scalability.ini]
[2022.07.19-15.06.34:962][  0]LogConfig: Setting CVar [[r.Streaming.MipBias:0]]
[2022.07.19-15.06.34:962][  0]LogConfig: Setting CVar [[r.Streaming.AmortizeCPUToGPUCopy:0]]
[2022.07.19-15.06.34:962][  0]LogConfig: Setting CVar [[r.Streaming.MaxNumTexturesToStreamPerFrame:0]]
[2022.07.19-15.06.34:962][  0]LogConfig: Setting CVar [[r.Streaming.Boost:1]]
[2022.07.19-15.06.34:962][  0]LogConfig: Setting CVar [[r.MaxAnisotropy:8]]
[2022.07.19-15.06.34:962][  0]LogConfig: Setting CVar [[r.VT.MaxAnisotropy:8]]
[2022.07.19-15.06.34:962][  0]LogConfig: Setting CVar [[r.Streaming.LimitPoolSizeToVRAM:0]]
[2022.07.19-15.06.34:962][  0]LogConfig: Setting CVar [[r.Streaming.PoolSize:1000]]
[2022.07.19-15.06.34:962][  0]LogConfig: Setting CVar [[r.Streaming.MaxEffectiveScreenSize:0]]
[2022.07.19-15.06.34:962][  0]LogConfig: Applying CVar settings from Section [EffectsQuality@3] File [I:/githubProject/ActionRoguelike/ActionRoguelike/Saved/Config/Windows/Scalability.ini]
[2022.07.19-15.06.34:962][  0]LogConfig: Setting CVar [[r.TranslucencyLightingVolumeDim:64]]
[2022.07.19-15.06.34:962][  0]LogConfig: Setting CVar [[r.RefractionQuality:2]]
[2022.07.19-15.06.34:962][  0]LogConfig: Setting CVar [[r.SSR.Quality:3]]
[2022.07.19-15.06.34:962][  0]LogConfig: Setting CVar [[r.SSR.HalfResSceneColor:0]]
[2022.07.19-15.06.34:962][  0]LogConfig: Setting CVar [[r.SceneColorFormat:4]]
[2022.07.19-15.06.34:962][  0]LogConfig: Setting CVar [[r.DetailMode:2]]
[2022.07.19-15.06.34:962][  0]LogConfig: Setting CVar [[r.TranslucencyVolumeBlur:1]]
[2022.07.19-15.06.34:962][  0]LogConfig: Setting CVar [[r.MaterialQualityLevel:1 ; High quality]]
[2022.07.19-15.06.34:962][  0]LogConfig: Setting CVar [[r.SSS.Scale:1]]
[2022.07.19-15.06.34:962][  0]LogConfig: Setting CVar [[r.SSS.SampleSet:2]]
[2022.07.19-15.06.34:962][  0]LogConfig: Setting CVar [[r.SSS.Quality:1]]
[2022.07.19-15.06.34:962][  0]LogConfig: Setting CVar [[r.SSS.HalfRes:0]]
[2022.07.19-15.06.34:962][  0]LogConfig: Setting CVar [[r.SSGI.Quality:3]]
[2022.07.19-15.06.34:962][  0]LogConfig: Setting CVar [[r.EmitterSpawnRateScale:1.0]]
[2022.07.19-15.06.34:962][  0]LogConfig: Setting CVar [[r.ParticleLightQuality:2]]
[2022.07.19-15.06.34:962][  0]LogConfig: Setting CVar [[r.SkyAtmosphere.AerialPerspectiveLUT.FastApplyOnOpaque:1 ; Always have FastSkyLUT 1 in this case to avoid wrong sky]]
[2022.07.19-15.06.34:963][  0]LogConfig: Setting CVar [[r.SkyAtmosphere.AerialPerspectiveLUT.SampleCountPerSlice:1]]
[2022.07.19-15.06.34:963][  0]LogConfig: Setting CVar [[r.SkyAtmosphere.AerialPerspectiveLUT.DepthResolution:16.0]]
[2022.07.19-15.06.34:963][  0]LogConfig: Setting CVar [[r.SkyAtmosphere.FastSkyLUT:1]]
[2022.07.19-15.06.34:963][  0]LogConfig: Setting CVar [[r.SkyAtmosphere.FastSkyLUT.SampleCountMin:4.0]]
[2022.07.19-15.06.34:963][  0]LogConfig: Setting CVar [[r.SkyAtmosphere.FastSkyLUT.SampleCountMax:32.0]]
[2022.07.19-15.06.34:963][  0]LogConfig: Setting CVar [[r.SkyAtmosphere.SampleCountMin:4.0]]
[2022.07.19-15.06.34:963][  0]LogConfig: Setting CVar [[r.SkyAtmosphere.SampleCountMax:32.0]]
[2022.07.19-15.06.34:963][  0]LogConfig: Setting CVar [[r.SkyAtmosphere.TransmittanceLUT.UseSmallFormat:0]]
[2022.07.19-15.06.34:963][  0]LogConfig: Setting CVar [[r.SkyAtmosphere.TransmittanceLUT.SampleCount:10.0]]
[2022.07.19-15.06.34:963][  0]LogConfig: Setting CVar [[r.SkyAtmosphere.MultiScatteringLUT.SampleCount:15.0]]
[2022.07.19-15.06.34:963][  0]LogConfig: Applying CVar settings from Section [FoliageQuality@3] File [I:/githubProject/ActionRoguelike/ActionRoguelike/Saved/Config/Windows/Scalability.ini]
[2022.07.19-15.06.34:963][  0]LogConfig: Setting CVar [[foliage.DensityScale:1.0]]
[2022.07.19-15.06.34:963][  0]LogConfig: Setting CVar [[grass.DensityScale:1.0]]
[2022.07.19-15.06.34:963][  0]LogConfig: Applying CVar settings from Section [ShadingQuality@3] File [I:/githubProject/ActionRoguelike/ActionRoguelike/Saved/Config/Windows/Scalability.ini]
[2022.07.19-15.06.34:963][  0]LogConfig: Setting CVar [[r.HairStrands.SkyLighting.SampleCount:16]]
[2022.07.19-15.06.34:963][  0]LogConfig: Setting CVar [[r.HairStrands.SkyLighting.JitterIntegration:0]]
[2022.07.19-15.06.34:963][  0]LogConfig: Setting CVar [[r.HairStrands.SkyAO.SampleCount:16]]
[2022.07.19-15.06.34:963][  0]LogConfig: Setting CVar [[r.HairStrands.DeepShadow.SuperSampling:0]]
[2022.07.19-15.06.34:963][  0]LogConfig: Setting CVar [[r.HairStrands.VisibilityPPLL:0]]
[2022.07.19-15.06.34:963][  0]LogConfig: Setting CVar [[r.HairStrands.RasterizationScale:0.5]]
[2022.07.19-15.06.34:963][  0]LogConfig: Setting CVar [[r.HairStrands.VelocityRasterizationScale:1]]
[2022.07.19-15.06.34:963][  0]LogConfig: Applying CVar settings from Section [Startup] File [../../../Engine/Config/ConsoleVariables.ini]
[2022.07.19-15.06.34:964][  0]LogConfig: Setting CVar [[net.UseAdaptiveNetUpdateFrequency:0]]
[2022.07.19-15.06.34:964][  0]LogConfig: Setting CVar [[p.chaos.AllowCreatePhysxBodies:1]]
[2022.07.19-15.06.34:964][  0]LogConfig: Setting CVar [[fx.SkipVectorVMBackendOptimizations:1]]
[2022.07.19-15.06.34:964][  0]LogConfig: Applying CVar settings from Section [ConsoleVariables] File [I:/githubProject/ActionRoguelike/ActionRoguelike/Saved/Config/Windows/Engine.ini]
[2022.07.19-15.06.34:964][  0]LogInit: Computer: DESKTOP-PCRVT7B
[2022.07.19-15.06.34:964][  0]LogInit: User: admin
[2022.07.19-15.06.34:964][  0]LogInit: CPU Page size=4096, Cores=8
[2022.07.19-15.06.34:964][  0]LogInit: High frequency timer resolution =10.000000 MHz
[2022.07.19-15.06.34:964][  0]LogMemory: Memory total: Physical=31.9GB (32GB approx)
[2022.07.19-15.06.34:964][  0]LogMemory: Platform Memory Stats for Windows
[2022.07.19-15.06.34:964][  0]LogMemory: Process Physical Memory: 117.59 MB used, 117.59 MB peak
[2022.07.19-15.06.34:964][  0]LogMemory: Process Virtual Memory: 108.84 MB used, 108.84 MB peak
[2022.07.19-15.06.34:964][  0]LogMemory: Physical Memory: 14780.30 MB used,  17856.86 MB free, 32637.16 MB total
[2022.07.19-15.06.34:964][  0]LogMemory: Virtual Memory: 5197.62 MB used,  134212528.00 MB free, 134217728.00 MB total
[2022.07.19-15.06.34:970][  0]LogWindows: WindowsPlatformFeatures enabled
[2022.07.19-15.06.35:100][  0]LogInit: Physics initialised using underlying interface: PhysX
[2022.07.19-15.06.35:101][  0]LogInit: Overriding language with editor language configuration option (en).
[2022.07.19-15.06.35:101][  0]LogInit: Overriding locale with editor culture configuration option ().
[2022.07.19-15.06.35:101][  0]LogInit: Using OS detected locale (zh-CN).
[2022.07.19-15.06.35:208][  0]LogInit: Setting process to per monitor DPI aware
[2022.07.19-15.06.35:274][  0]LogSlate: New Slate User Created.  User Index 0, Is Virtual User: 0
[2022.07.19-15.06.35:274][  0]LogSlate: Slate User Registered.  User Index 0, Is Virtual User: 0
[2022.07.19-15.06.35:351][  0]LogHMD: Failed to initialize OpenVR with code 110
[2022.07.19-15.06.35:351][  0]LogD3D11RHI: D3D11 min allowed feature level: 11_0
[2022.07.19-15.06.35:351][  0]LogD3D11RHI: D3D11 max allowed feature level: 11_0
[2022.07.19-15.06.35:351][  0]LogD3D11RHI: D3D11 adapters:
[2022.07.19-15.06.35:444][  0]LogD3D11RHI:    0. 'NVIDIA GeForce RTX 3060' (Feature Level 11_0)
[2022.07.19-15.06.35:444][  0]LogD3D11RHI:       12143/0/16318 MB DedicatedVideo/DedicatedSystem/SharedSystem, Outputs:2, VendorId:0x10de
[2022.07.19-15.06.35:447][  0]LogD3D11RHI:    1. 'Microsoft Basic Render Driver' (Feature Level 11_0)
[2022.07.19-15.06.35:447][  0]LogD3D11RHI:       0/0/16318 MB DedicatedVideo/DedicatedSystem/SharedSystem, Outputs:0, VendorId:0x1414
[2022.07.19-15.06.35:447][  0]LogD3D11RHI: Chosen D3D11 Adapter: 0
[2022.07.19-15.06.35:452][  0]LogD3D11RHI: Creating new Direct3DDevice
[2022.07.19-15.06.35:452][  0]LogD3D11RHI:     GPU DeviceId: 0x2504 (for the marketing name, search the web for "GPU Device Id")
[2022.07.19-15.06.35:452][  0]LogWindows: EnumDisplayDevices:
[2022.07.19-15.06.35:452][  0]LogWindows:    0. 'NVIDIA GeForce RTX 3060' (P:1 D:1)
[2022.07.19-15.06.35:452][  0]LogWindows:    1. 'NVIDIA GeForce RTX 3060' (P:0 D:1)
[2022.07.19-15.06.35:453][  0]LogWindows:    2. 'NVIDIA GeForce RTX 3060' (P:0 D:0)
[2022.07.19-15.06.35:453][  0]LogWindows:    3. 'NVIDIA GeForce RTX 3060' (P:0 D:0)
[2022.07.19-15.06.35:453][  0]LogWindows: DebugString: FoundDriverCount:4 
[2022.07.19-15.06.35:453][  0]LogD3D11RHI:     Adapter Name: NVIDIA GeForce RTX 3060
[2022.07.19-15.06.35:453][  0]LogD3D11RHI:   Driver Version: 471.11 (internal:30.0.14.7111, unified:471.11)
[2022.07.19-15.06.35:453][  0]LogD3D11RHI:      Driver Date: 6-21-2021
[2022.07.19-15.06.35:453][  0]LogRHI: Texture pool is 8500 MB (70% of 12143 MB)
[2022.07.19-15.06.35:515][  0]LogD3D11RHI: RHI has support for 64 bit atomics
[2022.07.19-15.06.35:515][  0]LogD3D11RHI: Async texture creation enabled
[2022.07.19-15.06.35:515][  0]LogD3D11RHI: Array index from any shader is supported
[2022.07.19-15.06.35:533][  0]LogD3D11RHI: GPU Timing Frequency: 1000.000000 (Debug: 2 2)
[2022.07.19-15.06.35:742][  0]LogTargetPlatformManager: Display: Loaded TargetPlatform 'AllDesktop'
[2022.07.19-15.06.35:759][  0]LogTargetPlatformManager: Display: Loaded TargetPlatform 'Android'
[2022.07.19-15.06.35:759][  0]LogTargetPlatformManager: Display: Loaded TargetPlatform 'Android_ASTC'
[2022.07.19-15.06.35:759][  0]LogTargetPlatformManager: Display: Loaded TargetPlatform 'Android_DXT'
[2022.07.19-15.06.35:759][  0]LogTargetPlatformManager: Display: Loaded TargetPlatform 'Android_ETC2'
[2022.07.19-15.06.35:759][  0]LogTargetPlatformManager: Display: Loaded TargetPlatform 'AndroidClient'
[2022.07.19-15.06.35:759][  0]LogTargetPlatformManager: Display: Loaded TargetPlatform 'Android_ASTCClient'
[2022.07.19-15.06.35:759][  0]LogTargetPlatformManager: Display: Loaded TargetPlatform 'Android_DXTClient'
[2022.07.19-15.06.35:759][  0]LogTargetPlatformManager: Display: Loaded TargetPlatform 'Android_ETC2Client'
[2022.07.19-15.06.35:759][  0]LogTargetPlatformManager: Display: Loaded TargetPlatform 'Android_Multi'
[2022.07.19-15.06.35:759][  0]LogTargetPlatformManager: Display: Loaded TargetPlatform 'Android_MultiClient'
[2022.07.19-15.06.35:787][  0]LogTargetPlatformManager: Display: Loaded TargetPlatform 'IOSClient'
[2022.07.19-15.06.35:787][  0]LogTargetPlatformManager: Display: Loaded TargetPlatform 'IOS'
[2022.07.19-15.06.35:796][  0]LogTargetPlatformManager: Display: Loaded TargetPlatform 'Linux'
[2022.07.19-15.06.35:805][  0]LogTargetPlatformManager: Display: Loaded TargetPlatform 'LinuxNoEditor'
[2022.07.19-15.06.35:814][  0]LogTargetPlatformManager: Display: Loaded TargetPlatform 'LinuxClient'
[2022.07.19-15.06.35:823][  0]LogTargetPlatformManager: Display: Loaded TargetPlatform 'LinuxServer'
[2022.07.19-15.06.35:832][  0]LogTargetPlatformManager: Display: Loaded TargetPlatform 'LinuxAArch64NoEditor'
[2022.07.19-15.06.35:841][  0]LogTargetPlatformManager: Display: Loaded TargetPlatform 'LinuxAArch64Client'
[2022.07.19-15.06.35:849][  0]LogTargetPlatformManager: Display: Loaded TargetPlatform 'LinuxAArch64Server'
[2022.07.19-15.06.35:869][  0]LogTargetPlatformManager: Display: Loaded TargetPlatform 'Lumin'
[2022.07.19-15.06.35:869][  0]LogTargetPlatformManager: Display: Loaded TargetPlatform 'LuminClient'
[2022.07.19-15.06.35:882][  0]LogTargetPlatformManager: Display: Loaded TargetPlatform 'TVOSClient'
[2022.07.19-15.06.35:882][  0]LogTargetPlatformManager: Display: Loaded TargetPlatform 'TVOS'
[2022.07.19-15.06.35:893][  0]LogTargetPlatformManager: Display: Loaded TargetPlatform 'WindowsNoEditor'
[2022.07.19-15.06.35:905][  0]LogTargetPlatformManager: Display: Loaded TargetPlatform 'Windows'
[2022.07.19-15.06.35:917][  0]LogTargetPlatformManager: Display: Loaded TargetPlatform 'WindowsClient'
[2022.07.19-15.06.35:930][  0]LogTargetPlatformManager: Display: Loaded TargetPlatform 'WindowsServer'
[2022.07.19-15.06.35:930][  0]LogTargetPlatformManager: Display: Building Assets For Windows
[2022.07.19-15.06.35:948][  0]LogAudioDebug: Display: Lib vorbis DLL was dynamically loaded.
[2022.07.19-15.06.36:069][  0]LogShaderCompilers: Guid format shader working directory is -15 characters bigger than the processId version (../../../../../githubProject/ActionRoguelike/ActionRoguelike/Intermediate/Shaders/WorkingDirectory/15612/).
[2022.07.19-15.06.36:069][  0]LogShaderCompilers: Cleaned the shader compiler working directory 'C:/Users/admin/AppData/Local/Temp/UnrealShaderWorkingDir/1466A785474B7918E100A291C6E9C683/'.
[2022.07.19-15.06.36:070][  0]LogXGEController: Cleaning working directory: C:/Users/admin/AppData/Local/Temp/UnrealXGEWorkingDir/
[2022.07.19-15.06.36:070][  0]LogXGEController: Cannot use XGE Controller as Incredibuild is not installed on this machine.
[2022.07.19-15.06.36:070][  0]LogShaderCompilers: Cannot use XGE Shader Compiler as Incredibuild is not installed on this machine.
[2022.07.19-15.06.36:070][  0]LogShaderCompilers: Display: Using Local Shader Compiler.
[2022.07.19-15.06.36:610][  0]LogDerivedDataCache: Display: Max Cache Size: 512 MB
[2022.07.19-15.06.36:642][  0]LogDerivedDataCache: Loaded boot cache 0.03s 76MB C:/Users/admin/AppData/Local/UnrealEngine/4.25/DerivedDataCache/Boot.ddc.
[2022.07.19-15.06.36:643][  0]LogDerivedDataCache: Display: Loaded Boot cache: C:/Users/admin/AppData/Local/UnrealEngine/4.25/DerivedDataCache/Boot.ddc
[2022.07.19-15.06.36:643][  0]LogDerivedDataCache: FDerivedDataBackendGraph:  Pak pak cache file ../../../../../githubProject/ActionRoguelike/ActionRoguelike/DerivedDataCache/DDC.ddp not found, will not use a pak cache.
[2022.07.19-15.06.36:643][  0]LogDerivedDataCache: Unable to find inner node Pak for hierarchical cache Hierarchy.
[2022.07.19-15.06.36:643][  0]LogDerivedDataCache: FDerivedDataBackendGraph:  CompressedPak pak cache file ../../../../../githubProject/ActionRoguelike/ActionRoguelike/DerivedDataCache/Compressed.ddp not found, will not use a pak cache.
[2022.07.19-15.06.36:643][  0]LogDerivedDataCache: Unable to find inner node CompressedPak for hierarchical cache Hierarchy.
[2022.07.19-15.06.36:651][  0]LogDerivedDataCache: Display: Pak cache opened for reading ../../../Engine/DerivedDataCache/Compressed.ddp.
[2022.07.19-15.06.36:651][  0]LogDerivedDataCache: FDerivedDataBackendGraph:  EnterprisePak pak cache file ../../../Enterprise/DerivedDataCache/Compressed.ddp not found, will not use a pak cache.
[2022.07.19-15.06.36:651][  0]LogDerivedDataCache: Unable to find inner node EnterprisePak for hierarchical cache Hierarchy.
[2022.07.19-15.06.36:654][  0]LogDerivedDataCache: Using Local data cache path C:/Users/admin/AppData/Local/UnrealEngine/Common/DerivedDataCache: Writable
[2022.07.19-15.06.36:654][  0]LogDerivedDataCache: Shared data cache path not found in *engine.ini, will not use an Shared cache.
[2022.07.19-15.06.36:654][  0]LogDerivedDataCache: Unable to find inner node Shared for hierarchical cache Hierarchy.
[2022.07.19-15.06.36:690][  0]LogSlate: Using FreeType 2.10.0
[2022.07.19-15.06.36:690][  0]LogSlate: SlateFontServices - WITH_FREETYPE: 1, WITH_HARFBUZZ: 1
[2022.07.19-15.06.36:712][  0]LogAssetRegistry: FAssetRegistry took 0.0039 seconds to start up
[2022.07.19-15.06.36:863][  0]LogInit: Selected Device Profile: [Windows]
[2022.07.19-15.06.36:989][  0]LogMeshReduction: Using QuadricMeshReduction for automatic static mesh reduction
[2022.07.19-15.06.36:989][  0]LogMeshReduction: Using SimplygonMeshReduction for automatic skeletal mesh reduction
[2022.07.19-15.06.36:989][  0]LogMeshReduction: Using ProxyLODMeshReduction for automatic mesh merging
[2022.07.19-15.06.36:989][  0]LogMeshReduction: No distributed automatic mesh merging module available
[2022.07.19-15.06.36:989][  0]LogMeshMerging: No distributed automatic mesh merging module available
[2022.07.19-15.06.37:004][  0]LogNetVersion: ActionRoguelike 1.0.0, NetCL: 13144385, EngineNetVer: 14, GameNetVer: 0 (Checksum: 3012751956)
[2022.07.19-15.06.37:273][  0]LogAISub: UAISubsystem::UAISubsystem AISubsystem (000002321DAE5BC0), frame # 0
[2022.07.19-15.06.37:273][  0]LogAISub: UAISubsystem::UAISubsystem AIPerceptionSystem (000002321DA747C0), frame # 0
[2022.07.19-15.06.37:274][  0]LogAISub: UAISubsystem::UAISubsystem EnvQueryManager (000002321DAA1E00), frame # 0
[2022.07.19-15.06.37:293][  0]LogPackageLocalizationCache: Processed 19 localized package path(s) for 1 prioritized culture(s) in 0.014656 seconds
[2022.07.19-15.06.37:296][  0]LogUObjectArray: 15917 objects as part of root set at end of initial load.
[2022.07.19-15.06.37:296][  0]LogUObjectAllocator: 3965568 out of 0 bytes used by permanent object pool.
[2022.07.19-15.06.37:296][  0]LogUObjectArray: CloseDisregardForGC: 0/0 objects in disregard for GC pool
[2022.07.19-15.06.37:881][  0]LogTcpMessaging: Initializing TcpMessaging bridge
[2022.07.19-15.06.37:889][  0]LogUdpMessaging: Initializing bridge on interface 0.0.0.0:0 to multicast group 230.0.0.1:6666.
[2022.07.19-15.06.38:077][  0]SourceControl: Source control is disabled
[2022.07.19-15.06.38:078][  0]SourceControl: Source control is disabled
[2022.07.19-15.06.38:093][  0]SourceControl: Source control is disabled
[2022.07.19-15.06.38:103][  0]SourceControl: Source control is disabled
[2022.07.19-15.06.38:118][  0]SourceControl: Source control is disabled
[2022.07.19-15.06.38:607][  0]LogAndroidPermission: UAndroidPermissionCallbackProxy::GetInstance
[2022.07.19-15.06.38:652][  0]LogAudioCaptureCore: Display: No Audio Capture implementations found. Audio input will be silent.
[2022.07.19-15.06.38:652][  0]LogAudioCaptureCore: Display: No Audio Capture implementations found. Audio input will be silent.
[2022.07.19-15.06.38:726][  0]LogOcInput: OculusInput pre-init called
[2022.07.19-15.06.38:741][  0]LogWindows: Failed to load 'OVRPlugin.dll' (GetLastError=126)
[2022.07.19-15.06.38:742][  0]LogWindows: File 'OVRPlugin.dll' does not exist
[2022.07.19-15.06.38:821][  0]LogEngine: Initializing Engine...
[2022.07.19-15.06.38:821][  0]LogHMD: Failed to initialize OpenVR with code 110
[2022.07.19-15.06.38:821][  0]LogMagicLeap: Warning: VR disabled because ZI is not enabled.  To enable, in the editor, Edit -> Project Settings -> Plugins -> Magic Leap Plugin -> Enable Zero Iteration
[2022.07.19-15.06.38:822][  0]LogStats: UGameplayTagsManager::InitializeManager -  0.000 s
[2022.07.19-15.06.38:893][  0]LogInit: Initializing FReadOnlyCVARCache
[2022.07.19-15.06.38:906][  0]LogAIModule: Creating AISystem for world Untitled
[2022.07.19-15.06.38:906][  0]LogAISub: UAISubsystem::UAISubsystem EnvQueryManager (000002321FAEBC00), frame # 0
[2022.07.19-15.06.38:906][  0]LogAISub: UAISubsystem::UAISubsystem AIPerceptionSystem (000002321FAE7B00), frame # 0
[2022.07.19-15.06.38:920][  0]LogAudioMixer: Display: Audio Mixer Platform Settings:
[2022.07.19-15.06.38:920][  0]LogAudioMixer: Display: 	Sample Rate:						  48000
[2022.07.19-15.06.38:920][  0]LogAudioMixer: Display: 	Callback Buffer Frame Size Requested: 1024
[2022.07.19-15.06.38:920][  0]LogAudioMixer: Display: 	Callback Buffer Frame Size To Use:	  1024
[2022.07.19-15.06.38:920][  0]LogAudioMixer: Display: 	Number of buffers to queue:			  2
[2022.07.19-15.06.38:920][  0]LogAudioMixer: Display: 	Max Channels (voices):				  32
[2022.07.19-15.06.38:920][  0]LogAudioMixer: Display: 	Number of Async Source Workers:		  0
[2022.07.19-15.06.38:920][  0]LogAudio: Display: AudioDevice MaxSources: 32
[2022.07.19-15.06.38:921][  0]LogAudio: Display: Using built-in audio occlusion.
[2022.07.19-15.06.38:921][  0]LogAudioMixer: Display: Initializing audio mixer.
[2022.07.19-15.06.38:931][  0]LogAudioMixer: Display: 0: FrontLeft
[2022.07.19-15.06.38:931][  0]LogAudioMixer: Display: 1: FrontRight
[2022.07.19-15.06.38:964][  0]LogAudioMixer: Display: Using Audio Device 扬声器 (USBAudio2.0)
[2022.07.19-15.06.38:965][  0]LogAudioMixer: Display: Initializing Sound Submixes...
[2022.07.19-15.06.38:966][  0]LogAudioMixer: Display: Creating Master Submix 'MasterSubmixDefault'
[2022.07.19-15.06.38:966][  0]LogAudioMixer: Display: Creating Master Submix 'MasterReverbSubmixDefault'
[2022.07.19-15.06.38:967][  0]LogAudioMixer: Display: Creating Master Submix 'MasterEQSubmixDefault'
[2022.07.19-15.06.38:968][  0]LogInit: FAudioDevice initialized.
[2022.07.19-15.06.38:969][  0]LogNetVersion: Set ProjectVersion to 1.0.0.0. Version Checksum will be recalculated on next use.
[2022.07.19-15.06.38:995][  0]LogDerivedDataCache: Saved boot cache 0.03s 76MB C:/Users/admin/AppData/Local/UnrealEngine/4.25/DerivedDataCache/Boot.ddc.
[2022.07.19-15.06.38:996][  0]LogInit: Texture streaming: Enabled
[2022.07.19-15.06.39:023][  0]LogEngineSessionManager: EngineSessionManager initialized
[2022.07.19-15.06.39:024][  0]LogEditorSessionSummary: Verbose: Initializing EditorSessionSummaryWriter for editor session tracking
[2022.07.19-15.06.39:024][  0]LogEditorSessionSummary: EditorSessionSummaryWriter initialized
[2022.07.19-15.06.39:054][  0]LogInit: Transaction tracking system initialized
[2022.07.19-15.06.39:102][  0]BlueprintLog: New page: Editor Load
[2022.07.19-15.06.39:248][  0]LocalizationService: Localization service is disabled
[2022.07.19-15.06.39:607][  0]LogCook: Display: Max memory allowance for cook 16384mb min free memory 0mb
[2022.07.19-15.06.39:607][  0]LogFileCache: Scanning file cache for directory 'I:/githubProject/ActionRoguelike/ActionRoguelike/Content/' took 0.00s
[2022.07.19-15.06.39:607][  0]LogCook: Display: Mobile HDR setting 1
[2022.07.19-15.06.40:017][  0]SourceControl: Source control is disabled
[2022.07.19-15.06.40:017][  0]LogUnrealEdMisc: Loading editor; pre map load, took 6.167
[2022.07.19-15.06.40:017][  0]Cmd: MAP LOAD FILE="../../../../../githubProject/ActionRoguelike/ActionRoguelike/Content/ActionRoguelike/Maps/testmap.umap" TEMPLATE=0 SHOWPROGRESS=1 FEATURELEVEL=3
[2022.07.19-15.06.40:017][  0]LightingResults: New page: Lighting Build
[2022.07.19-15.06.40:018][  0]LogWorld: UWorld::CleanupWorld for Untitled, bSessionEnded=true, bCleanupResources=true
[2022.07.19-15.06.40:018][  0]LogSlate: InvalidateAllWidgets triggered.  All widgets were invalidated
[2022.07.19-15.06.40:018][  0]MapCheck: New page: Map Check
[2022.07.19-15.06.40:018][  0]LightingResults: New page: Lighting Build
[2022.07.19-15.06.40:031][  0]LogAISub: UAISubsystem::~UAISubsystem EnvQueryManager (000002321FAEBC00), frame # 0
[2022.07.19-15.06.40:031][  0]LogAISub: UAISubsystem::~UAISubsystem AIPerceptionSystem (000002321FAE7B00), frame # 0
[2022.07.19-15.06.40:032][  0]LogUObjectHash: Compacting FUObjectHashTables data took   0.41ms
[2022.07.19-15.06.40:072][  0]LogAIModule: Creating AISystem for world testmap
[2022.07.19-15.06.40:072][  0]LogAISub: UAISubsystem::UAISubsystem EnvQueryManager (000002320F2C8600), frame # 0
[2022.07.19-15.06.40:072][  0]LogAISub: UAISubsystem::UAISubsystem AIPerceptionSystem (000002320FBAA200), frame # 0
[2022.07.19-15.06.40:078][  0]LogEditorServer: Finished looking for orphan Actors (0.000 secs)
[2022.07.19-15.06.40:090][  0]LogUObjectHash: Compacting FUObjectHashTables data took   0.63ms
[2022.07.19-15.06.40:090][  0]Cmd: MAP CHECKDEP NOCLEARLOG
[2022.07.19-15.06.40:090][  0]MapCheck: Map check complete: 0 Error(s), 0 Warning(s), took 0.091ms to complete.
[2022.07.19-15.06.40:090][  0]LogFileHelpers: Loading map 'testmap' took 0.073
[2022.07.19-15.06.40:092][  0]LogUnrealEdMisc: Total Editor Startup Time, took 6.241
[2022.07.19-15.06.40:199][  0]LogSlate: Updating window title bar state: overlay mode, drag disabled, window buttons hidden, title bar hidden
[2022.07.19-15.06.40:204][  0]LogSlate: Updating window title bar state: overlay mode, drag disabled, window buttons hidden, title bar hidden
[2022.07.19-15.06.40:208][  0]LogSlate: Updating window title bar state: overlay mode, drag disabled, window buttons hidden, title bar hidden
[2022.07.19-15.06.40:213][  0]LogSlate: Updating window title bar state: overlay mode, drag disabled, window buttons hidden, title bar hidden
[2022.07.19-15.06.40:221][  0]LogCollectionManager: Loaded 0 collections in 0.000528 seconds
[2022.07.19-15.06.40:235][  0]LogFileCache: Scanning file cache for directory 'I:/githubProject/ActionRoguelike/ActionRoguelike/Saved/Collections/' took 0.00s
[2022.07.19-15.06.40:235][  0]LogFileCache: Scanning file cache for directory 'I:/githubProject/ActionRoguelike/ActionRoguelike/Content/Developers/admin/Collections/' took 0.00s
[2022.07.19-15.06.40:235][  0]LogFileCache: Scanning file cache for directory 'I:/githubProject/ActionRoguelike/ActionRoguelike/Content/Collections/' took 0.00s
[2022.07.19-15.06.40:235][  0]LogContentBrowser: Native class hierarchy populated in 0.0065 seconds. Added 3429 classes and 824 folders.
[2022.07.19-15.06.40:237][  0]LogContentBrowser: Native class hierarchy updated for 'WidgetCarousel' in 0.0002 seconds. Added 0 classes and 0 folders.
[2022.07.19-15.06.40:260][  0]LogContentBrowser: Native class hierarchy updated for 'AddContentDialog' in 0.0003 seconds. Added 0 classes and 0 folders.
[2022.07.19-15.06.40:261][  0]LogContentBrowser: Native class hierarchy updated for 'SceneOutliner' in 0.0002 seconds. Added 2 classes and 0 folders.
[2022.07.19-15.06.40:293][  0]LogSlate: Took 0.000100 seconds to synchronously load lazily loaded font '../../../Engine/Content/Slate/Fonts/Roboto-Regular.ttf' (155K)
[2022.07.19-15.06.40:294][  0]LogSlate: Took 0.000140 seconds to synchronously load lazily loaded font '../../../Engine/Content/Slate/Fonts/Roboto-Bold.ttf' (160K)
[2022.07.19-15.06.40:297][  0]LogSlate: Took 0.000096 seconds to synchronously load lazily loaded font '../../../Engine/Content/Editor/Slate/Fonts/FontAwesome.ttf' (139K)
[2022.07.19-15.06.40:338][  0]LogRenderer: Reallocating scene render targets to support 1252x676 Format 10 NumSamples 1 (Frame:1).
[2022.07.19-15.06.40:405][  0]LogContentBrowser: Native class hierarchy updated for 'HierarchicalLODOutliner' in 0.0003 seconds. Added 0 classes and 0 folders.
[2022.07.19-15.06.40:405][  0]LogLoad: (Engine Initialization) Total time: 6.55 seconds
[2022.07.19-15.06.40:405][  0]LogLoad: (Engine Initialization) Total Blueprint compile time: 0.00 seconds
[2022.07.19-15.06.40:430][  0]LogAssetRegistry: Asset discovery search completed in 3.7212 seconds
[2022.07.19-15.06.40:432][  0]LogCollectionManager: Fixed up redirectors for 0 collections in 0.000002 seconds (updated 0 objects)
[2022.07.19-15.06.40:433][  0]LogContentStreaming: Texture pool size now 1000 MB
[2022.07.19-15.06.40:451][  0]LogSlate: Took 0.000129 seconds to synchronously load lazily loaded font '../../../Engine/Content/Slate/Fonts/Roboto-Light.ttf' (167K)
[2022.07.19-15.06.52:647][445]LogEditorViewport: Clicking on Actor (LMB): BP_Sky_Sphere_C (Sky Sphere)
[2022.07.19-15.06.53:673][565]LogSlate: Took 0.000053 seconds to synchronously load lazily loaded font '../../../Engine/Content/Slate/Fonts/Roboto-Italic.ttf' (157K)
[2022.07.19-15.07.00:256][347]LogEditorViewport: Clicking on Actor (LMB): BP_Sky_Sphere_C (Sky Sphere)
[2022.07.19-15.07.17:811][413]LogSlate: Took 0.000101 seconds to synchronously load lazily loaded font '../../../Engine/Content/Slate/Fonts/Roboto-Light.ttf' (167K)
[2022.07.19-15.07.17:842][413]LogUObjectHash: Compacting FUObjectHashTables data took   0.33ms
[2022.07.19-15.07.17:851][413]LogSavePackage: Moving '../../../../../githubProject/ActionRoguelike/ActionRoguelike/Saved/testmapAC77E8A54B54FE892F07E39135808896.tmp' to '../../../../../githubProject/ActionRoguelike/ActionRoguelike/Content/ActionRoguelike/Maps/testmap.umap'
[2022.07.19-15.07.17:869][413]LogSavePackage: Moving '../../../../../githubProject/ActionRoguelike/ActionRoguelike/Saved/testmap_BuiltData8F0CE3C44F925B9279C9E6A4FA3B8F6C.tmp' to '../../../../../githubProject/ActionRoguelike/ActionRoguelike/Content/ActionRoguelike/Maps/testmap_BuiltData.uasset'
[2022.07.19-15.07.17:880][413]AssetCheck: New page: Asset Save: multiple assets
[2022.07.19-15.07.17:881][413]LogContentValidation: Display: Validating World /Game/ActionRoguelike/Maps/testmap.testmap
[2022.07.19-15.07.17:881][413]LogContentValidation: Display: Validating MapBuildDataRegistry /Game/ActionRoguelike/Maps/testmap_BuiltData.testmap_BuiltData
[2022.07.19-15.07.19:812][644]LogTemp: Repeating last play command: Selected Viewport
[2022.07.19-15.07.19:818][644]LogPlayLevel: PlayLevel: No blueprints needed recompiling
[2022.07.19-15.07.19:818][644]PIE: New page: PIE session: testmap (2022年7月20日 上午7:07:19)
[2022.07.19-15.07.19:820][644]LogOnline: OSS: Creating online subsystem instance for: NULL
[2022.07.19-15.07.19:821][644]LogOnline: OSS: TryLoadSubsystemAndSetDefault: Loaded subsystem for module [NULL]
[2022.07.19-15.07.19:822][644]LogPlayLevel: Creating play world package: /Game/ActionRoguelike/Maps/UEDPIE_0_testmap
[2022.07.19-15.07.19:823][644]LogPlayLevel: PIE: StaticDuplicateObject took: (0.001516s)
[2022.07.19-15.07.19:824][644]LogAIModule: Creating AISystem for world testmap
[2022.07.19-15.07.19:824][644]LogAISub: UAISubsystem::UAISubsystem EnvQueryManager (0000023233FDD800), frame # 4644
[2022.07.19-15.07.19:824][644]LogAISub: UAISubsystem::UAISubsystem AIPerceptionSystem (000002320FBA42C0), frame # 4644
[2022.07.19-15.07.19:824][644]LogPlayLevel: PIE: World Init took: (0.001218s)
[2022.07.19-15.07.19:825][644]LogPlayLevel: PIE: Created PIE world by copying editor world from /Game/ActionRoguelike/Maps/testmap.testmap to /Game/ActionRoguelike/Maps/UEDPIE_0_testmap.testmap (0.002964s)
[2022.07.19-15.07.19:835][644]LogUObjectHash: Compacting FUObjectHashTables data took   0.35ms
[2022.07.19-15.07.19:836][644]LogAudioMixer: Display: Audio Mixer Platform Settings:
[2022.07.19-15.07.19:836][644]LogAudioMixer: Display: 	Sample Rate:						  48000
[2022.07.19-15.07.19:836][644]LogAudioMixer: Display: 	Callback Buffer Frame Size Requested: 1024
[2022.07.19-15.07.19:836][644]LogAudioMixer: Display: 	Callback Buffer Frame Size To Use:	  1024
[2022.07.19-15.07.19:836][644]LogAudioMixer: Display: 	Number of buffers to queue:			  2
[2022.07.19-15.07.19:836][644]LogAudioMixer: Display: 	Max Channels (voices):				  32
[2022.07.19-15.07.19:836][644]LogAudioMixer: Display: 	Number of Async Source Workers:		  0
[2022.07.19-15.07.19:836][644]LogAudio: Display: AudioDevice MaxSources: 32
[2022.07.19-15.07.19:836][644]LogAudio: Display: Using built-in audio occlusion.
[2022.07.19-15.07.19:836][644]LogAudioMixer: Display: Initializing audio mixer.
[2022.07.19-15.07.19:838][644]LogAudioMixer: Display: 0: FrontLeft
[2022.07.19-15.07.19:838][644]LogAudioMixer: Display: 1: FrontRight
[2022.07.19-15.07.19:857][644]LogAudioMixer: Display: Using Audio Device 扬声器 (USBAudio2.0)
[2022.07.19-15.07.19:857][644]LogAudioMixer: Display: Initializing Sound Submixes...
[2022.07.19-15.07.19:857][644]LogAudioMixer: Display: Creating Master Submix 'MasterSubmixDefault'
[2022.07.19-15.07.19:858][644]LogAudioMixer: Display: Creating Master Submix 'MasterReverbSubmixDefault'
[2022.07.19-15.07.19:858][644]LogAudioMixer: Display: Creating Master Submix 'MasterEQSubmixDefault'
[2022.07.19-15.07.19:866][644]LogInit: FAudioDevice initialized.
[2022.07.19-15.07.19:877][644]LogLoad: Game class is 'GameModeBase'
[2022.07.19-15.07.19:878][644]LogWorld: Bringing World /Game/ActionRoguelike/Maps/UEDPIE_0_testmap.testmap up for play (max tick rate 0) at 2022.07.19-23.07.19
[2022.07.19-15.07.19:878][644]LogWorld: Bringing up level for play took: 0.000464
[2022.07.19-15.07.19:878][644]LogOnline: OSS: Creating online subsystem instance for: :Context_1
[2022.07.19-15.07.24:277][644]LogContentBrowser: Native class hierarchy updated for 'MovieSceneCapture' in 0.0003 seconds. Added 20 classes and 0 folders.
[2022.07.19-15.07.24:278][644]PIE: Server logged in
[2022.07.19-15.07.24:279][644]PIE: Play in editor total start time 4.462 seconds.
[2022.07.19-15.07.25:586][644]LogTemp: Resetting audio stream to device id 
[2022.07.19-15.07.25:619][644]LogAudioMixer: Display: 0: FrontLeft
[2022.07.19-15.07.25:619][644]LogAudioMixer: Display: 1: FrontRight
[2022.07.19-15.07.25:639][644]LogTemp: Resetting audio stream to device id 
[2022.07.19-15.07.25:666][644]LogAudioMixer: Display: 0: FrontLeft
[2022.07.19-15.07.25:666][644]LogAudioMixer: Display: 1: FrontRight
[2022.07.19-15.07.35:784][829]LogSlate: Updating window title bar state: overlay mode, drag disabled, window buttons hidden, title bar hidden
[2022.07.19-15.07.35:784][829]LogWorld: BeginTearingDown for /Game/ActionRoguelike/Maps/UEDPIE_0_testmap
[2022.07.19-15.07.35:784][829]LogWorld: UWorld::CleanupWorld for testmap, bSessionEnded=true, bCleanupResources=true
[2022.07.19-15.07.35:785][829]LogSlate: InvalidateAllWidgets triggered.  All widgets were invalidated
[2022.07.19-15.07.35:791][829]LogPlayLevel: Display: Shutting down PIE online subsystems
[2022.07.19-15.07.35:792][829]LogSlate: InvalidateAllWidgets triggered.  All widgets were invalidated
[2022.07.19-15.07.35:802][829]LogSlate: Updating window title bar state: overlay mode, drag disabled, window buttons hidden, title bar hidden
[2022.07.19-15.07.35:823][829]LogAISub: UAISubsystem::~UAISubsystem AIPerceptionSystem (000002320FBA42C0), frame # 5829
[2022.07.19-15.07.35:823][829]LogAISub: UAISubsystem::~UAISubsystem EnvQueryManager (0000023233FDD800), frame # 5829
[2022.07.19-15.07.35:824][829]LogUObjectHash: Compacting FUObjectHashTables data took   0.35ms
[2022.07.19-15.07.35:857][830]LogPlayLevel: Display: Destroying online subsystem :Context_1
