Log file open, 07/19/22 22:44:42
LogInit: Display: Running engine for game: ActionRoguelike
LogPlatformFile: Not using cached read wrapper
LogTaskGraph: Started task graph with 5 named threads and 47 total threads with 3 sets of task threads.
LogStats: Stats thread started at 0.226687
LogD3D11RHI: Loaded GFSDK_Aftermath_Lib.x64.dll
LogICUInternationalization: ICU TimeZone Detection - Raw Offset: +8:00, Platform Override: ''
LogPluginManager: Mounting plugin Paper2D
LogPluginManager: Mounting plugin AISupport
LogPluginManager: Mounting plugin LightPropagationVolume
LogPluginManager: Mounting plugin CameraShakePreviewer
LogPluginManager: Mounting plugin ActorLayerUtilities
LogPluginManager: Mounting plugin AnimationSharing
LogPluginManager: Mounting plugin CLionSourceCodeAccess
LogPluginManager: Mounting plugin CodeLiteSourceCodeAccess
LogPluginManager: Mounting plugin GitSourceControl
LogPluginManager: Mounting plugin KDevelopSourceCodeAccess
LogPluginManager: Mounting plugin NullSourceCodeAccess
LogPluginManager: Mounting plugin PerforceSourceControl
LogPluginManager: Mounting plugin PlasticSourceControl
LogPluginManager: Mounting plugin RiderSourceCodeAccess
LogPluginManager: Mounting plugin SubversionSourceControl
LogPluginManager: Mounting plugin UObjectPlugin
LogPluginManager: Mounting plugin VisualStudioCodeSourceCodeAccess
LogPluginManager: Mounting plugin VisualStudioSourceCodeAccess
LogPluginManager: Mounting plugin XCodeSourceCodeAccess
LogPluginManager: Mounting plugin AssetManagerEditor
LogPluginManager: Mounting plugin CryptoKeys
LogPluginManager: Mounting plugin CurveEditorTools
LogPluginManager: Mounting plugin DataValidation
LogPluginManager: Mounting plugin EditorScriptingUtilities
LogPluginManager: Mounting plugin FacialAnimation
LogPluginManager: Mounting plugin GameplayTagsEditor
LogPluginManager: Mounting plugin GeometryMode
LogPluginManager: Mounting plugin MacGraphicsSwitching
LogPluginManager: Mounting plugin MaterialAnalyzer
LogPluginManager: Mounting plugin MobileLauncherProfileWizard
LogPluginManager: Mounting plugin PluginBrowser
LogPluginManager: Mounting plugin SpeedTreeImporter
LogPluginManager: Mounting plugin DatasmithContent
LogPluginManager: Mounting plugin VariantManagerContent
LogPluginManager: Mounting plugin AlembicImporter
LogPluginManager: Mounting plugin AutomationUtils
LogPluginManager: Mounting plugin BackChannel
LogPluginManager: Mounting plugin ChaosCloth
LogPluginManager: Mounting plugin ChaosClothEditor
LogPluginManager: Mounting plugin ChaosEditor
LogPluginManager: Mounting plugin ChaosNiagara
LogPluginManager: Mounting plugin ChaosSolverPlugin
LogPluginManager: Mounting plugin CharacterAI
LogPluginManager: Mounting plugin GeometryCache
LogPluginManager: Mounting plugin GeometryCollectionPlugin
LogPluginManager: Mounting plugin GeometryProcessing
LogPluginManager: Mounting plugin PlanarCut
LogPluginManager: Mounting plugin PlatformCrypto
LogPluginManager: Mounting plugin ProxyLODPlugin
LogPluginManager: Mounting plugin SkeletalReduction
LogPluginManager: Mounting plugin Niagara
LogPluginManager: Mounting plugin MagicLeap
LogPluginManager: Mounting plugin MagicLeapLightEstimation
LogPluginManager: Mounting plugin MagicLeapMedia
LogPluginManager: Mounting plugin MagicLeapPassableWorld
LogPluginManager: Mounting plugin MLSDK
LogPluginManager: Mounting plugin AndroidMedia
LogPluginManager: Mounting plugin AvfMedia
LogPluginManager: Mounting plugin ImgMedia
LogPluginManager: Mounting plugin MediaCompositing
LogPluginManager: Mounting plugin MediaPlayerEditor
LogPluginManager: Mounting plugin WebMMedia
LogPluginManager: Mounting plugin WmfMedia
LogPluginManager: Mounting plugin MeshPainting
LogPluginManager: Mounting plugin TcpMessaging
LogPluginManager: Mounting plugin UdpMessaging
LogPluginManager: Mounting plugin ActorSequence
LogPluginManager: Mounting plugin LevelSequenceEditor
LogPluginManager: Mounting plugin MatineeToLevelSequence
LogPluginManager: Mounting plugin MovieRenderPipeline
LogPluginManager: Mounting plugin TemplateSequence
LogPluginManager: Mounting plugin NetcodeUnitTest
LogPluginManager: Mounting plugin NUTUnrealEngine4
LogPluginManager: Mounting plugin OnlineSubsystemGooglePlay
LogPluginManager: Mounting plugin OnlineSubsystemIOS
LogPluginManager: Mounting plugin OnlineSubsystem
LogPluginManager: Mounting plugin OnlineSubsystemNull
LogPluginManager: Mounting plugin OnlineSubsystemUtils
LogPluginManager: Mounting plugin LauncherChunkInstaller
LogPluginManager: Mounting plugin AndroidDeviceProfileSelector
LogPluginManager: Mounting plugin AndroidMoviePlayer
LogPluginManager: Mounting plugin AndroidPermission
LogPluginManager: Mounting plugin AppleImageUtils
LogPluginManager: Mounting plugin AppleMoviePlayer
LogPluginManager: Mounting plugin ArchVisCharacter
LogPluginManager: Mounting plugin AssetTags
LogPluginManager: Mounting plugin AudioCapture
LogPluginManager: Mounting plugin CableComponent
LogPluginManager: Mounting plugin CustomMeshComponent
LogPluginManager: Mounting plugin EditableMesh
LogPluginManager: Mounting plugin ExampleDeviceProfileSelector
LogPluginManager: Mounting plugin GoogleCloudMessaging
LogPluginManager: Mounting plugin GooglePAD
LogPluginManager: Mounting plugin IOSDeviceProfileSelector
LogPluginManager: Mounting plugin LinuxDeviceProfileSelector
LogPluginManager: Mounting plugin LocationServicesBPLibrary
LogPluginManager: Mounting plugin MobilePatchingUtils
LogPluginManager: Mounting plugin OculusVR
LogPluginManager: Mounting plugin PhysXVehicles
LogPluginManager: Mounting plugin PostSplashScreen
LogPluginManager: Mounting plugin ProceduralMeshComponent
LogPluginManager: Mounting plugin RuntimePhysXCooking
LogPluginManager: Mounting plugin SignificanceManager
LogPluginManager: Mounting plugin SoundFields
LogPluginManager: Mounting plugin SteamVR
LogPluginManager: Mounting plugin Synthesis
LogPluginManager: Mounting plugin WebMMoviePlayer
LogPluginManager: Mounting plugin WindowsMoviePlayer
LogPluginManager: Mounting plugin ScreenshotTools
LogInit: Using libcurl 7.55.1-DEV
LogInit:  - built for x86_64-pc-win32
LogInit:  - supports SSL with OpenSSL/1.1.1
LogInit:  - supports HTTP deflate (compression) using libz 1.2.8
LogInit:  - other features:
LogInit:      CURL_VERSION_SSL
LogInit:      CURL_VERSION_LIBZ
LogInit:      CURL_VERSION_IPV6
LogInit:      CURL_VERSION_ASYNCHDNS
LogInit:      CURL_VERSION_LARGEFILE
LogInit:      CURL_VERSION_IDN
LogInit:  CurlRequestOptions (configurable via config and command line):
LogInit:  - bVerifyPeer = true  - Libcurl will verify peer certificate
LogInit:  - bUseHttpProxy = true  - Libcurl will use HTTP proxy
LogInit:  - HttpProxyAddress = '127.0.0.1:4780'
LogInit:  - bDontReuseConnections = false  - Libcurl will reuse connections
LogInit:  - MaxHostConnections = 16  - Libcurl will limit the number of connections to a host
LogInit:  - LocalHostAddr = Default
LogInit:  - BufferSize = 65536
LogOnline: OSS: Creating online subsystem instance for: NULL
LogInit: WinSock: version 1.1 (2.2), MaxSocks=32767, MaxUdp=65467
LogOnline: OSS: TryLoadSubsystemAndSetDefault: Loaded subsystem for module [NULL]
LogInit: Build: ++UE4+Release-4.25-CL-14469661
LogInit: Engine Version: 4.25.4-14469661+++UE4+Release-4.25
LogInit: Compatible Engine Version: 4.25.0-13144385+++UE4+Release-4.25
LogInit: Net CL: 13144385
LogInit: OS: Windows 10 (Release 2009) (), CPU: 11th Gen Intel(R) Core(TM) i7-11700F @ 2.50GHz, GPU: NVIDIA GeForce RTX 3060
LogInit: Compiled (64-bit): Oct 11 2020 08:10:49
LogInit: Compiled with Visual C++: 19.24.28315.00
LogInit: Build Configuration: Development
LogInit: Branch Name: ++UE4+Release-4.25
LogInit: Command Line:  -skipcompile
LogInit: Base Directory: I:/unrealEngine/UE_4.25/Engine/Binaries/Win64/
LogInit: Allocator: TBB
LogInit: Installed Engine Build: 1
LogDevObjectVersion: Number of dev versions registered: 26
LogDevObjectVersion:   Dev-Blueprints (B0D832E4-1F89-4F0D-ACCF-7EB736FD4AA2): 10
LogDevObjectVersion:   Dev-Build (E1C64328-A22C-4D53-A36C-8E866417BD8C): 0
LogDevObjectVersion:   Dev-Core (375EC13C-06E4-48FB-B500-84F0262A717E): 4
LogDevObjectVersion:   Dev-Editor (E4B068ED-F494-42E9-A231-DA0B2E46BB41): 38
LogDevObjectVersion:   Dev-Framework (CFFC743F-43B0-4480-9391-14DF171D2073): 37
LogDevObjectVersion:   Dev-Mobile (B02B49B5-BB20-44E9-A304-32B752E40360): 2
LogDevObjectVersion:   Dev-Networking (A4E4105C-59A1-49B5-A7C5-40C4547EDFEE): 0
LogDevObjectVersion:   Dev-Online (39C831C9-5AE6-47DC-9A44-9C173E1C8E7C): 0
LogDevObjectVersion:   Dev-Physics (78F01B33-EBEA-4F98-B9B4-84EACCB95AA2): 4
LogDevObjectVersion:   Dev-Platform (6631380F-2D4D-43E0-8009-CF276956A95A): 0
LogDevObjectVersion:   Dev-Rendering (12F88B9F-8875-4AFC-A67C-D90C383ABD29): 43
LogDevObjectVersion:   Dev-Sequencer (7B5AE74C-D270-4C10-A958-57980B212A5A): 12
LogDevObjectVersion:   Dev-VR (D7296918-1DD6-4BDD-9DE2-64A83CC13884): 3
LogDevObjectVersion:   Dev-LoadTimes (C2A15278-BFE7-4AFE-6C17-90FF531DF755): 1
LogDevObjectVersion:   Private-Geometry (6EACA3D4-40EC-4CC1-B786-8BED09428FC5): 3
LogDevObjectVersion:   Dev-AnimPhys (29E575DD-E0A3-4627-9D10-D276232CDCEA): 17
LogDevObjectVersion:   Dev-Anim (AF43A65D-7FD3-4947-9873-3E8ED9C1BB05): 7
LogDevObjectVersion:   Dev-ReflectionCapture (6B266CEC-1EC7-4B8F-A30B-E4D90942FC07): 1
LogDevObjectVersion:   Dev-Automation (0DF73D61-A23F-47EA-B727-89E90C41499A): 1
LogDevObjectVersion:   FortniteMain (601D1886-AC64-4F84-AA16-D3DE0DEAC7D6): 31
LogDevObjectVersion:   Dev-Enterprise (9DFFBCD6-494F-0158-E221-12823C92A888): 10
LogDevObjectVersion:   Dev-Niagara (F2AED0AC-9AFE-416F-8664-AA7FFA26D6FC): 1
LogDevObjectVersion:   Dev-Destruction (174F1F0B-B4C6-45A5-B13F-2EE8D0FB917D): 10
LogDevObjectVersion:   Dev-Physics-Ext (35F94A83-E258-406C-A318-09F59610247C): 37
LogDevObjectVersion:   Dev-PhysicsMaterial-Chaos (B68FC16E-8B1B-42E2-B453-215C058844FE): 1
LogDevObjectVersion:   Dev-CineCamera (B2E18506-4273-CFC2-A54E-F4BB758BBA07): 1
LogInit: Presizing for max 25165824 objects, including 0 objects not considered by GC, pre-allocating 0 bytes for permanent pool.
LogConfig: Applying CVar settings from Section [/Script/Engine.StreamingSettings] File [I:/githubProject/ActionRoguelike/ActionRoguelike/Saved/Config/Windows/Engine.ini]
LogConfig: Setting CVar [[s.MinBulkDataSizeForAsyncLoading:131072]]
LogConfig: Setting CVar [[s.AsyncLoadingThreadEnabled:0]]
LogConfig: Setting CVar [[s.EventDrivenLoaderEnabled:1]]
LogConfig: Setting CVar [[s.WarnIfTimeLimitExceeded:0]]
LogConfig: Setting CVar [[s.TimeLimitExceededMultiplier:1.5]]
LogConfig: Setting CVar [[s.TimeLimitExceededMinTime:0.005]]
LogConfig: Setting CVar [[s.UseBackgroundLevelStreaming:1]]
LogConfig: Setting CVar [[s.PriorityAsyncLoadingExtraTime:15.0]]
LogConfig: Setting CVar [[s.LevelStreamingActorsUpdateTimeLimit:5.0]]
LogConfig: Setting CVar [[s.PriorityLevelStreamingActorsUpdateExtraTime:5.0]]
LogConfig: Setting CVar [[s.LevelStreamingComponentsRegistrationGranularity:10]]
LogConfig: Setting CVar [[s.UnregisterComponentsTimeLimit:1.0]]
LogConfig: Setting CVar [[s.LevelStreamingComponentsUnregistrationGranularity:5]]
LogConfig: Setting CVar [[s.FlushStreamingOnExit:1]]
LogInit: Object subsystem initialized
LogConfig: Setting CVar [[con.DebugEarlyDefault:1]]
LogConfig: Setting CVar [[r.setres:1280x720]]
[2022.07.19-14.44.42:466][  0]LogConfig: Setting CVar [[r.VSync:0]]
[2022.07.19-14.44.42:466][  0]LogConfig: Setting CVar [[r.RHICmdBypass:0]]
[2022.07.19-14.44.42:466][  0]LogConfig: Applying CVar settings from Section [/Script/Engine.RendererSettings] File [I:/githubProject/ActionRoguelike/ActionRoguelike/Saved/Config/Windows/Engine.ini]
[2022.07.19-14.44.42:466][  0]LogConfig: Setting CVar [[r.GPUCrashDebugging:0]]
[2022.07.19-14.44.42:466][  0]LogConfig: Applying CVar settings from Section [/Script/Engine.RendererOverrideSettings] File [I:/githubProject/ActionRoguelike/ActionRoguelike/Saved/Config/Windows/Engine.ini]
[2022.07.19-14.44.42:466][  0]LogConfig: Applying CVar settings from Section [/Script/Engine.StreamingSettings] File [I:/githubProject/ActionRoguelike/ActionRoguelike/Saved/Config/Windows/Engine.ini]
[2022.07.19-14.44.42:466][  0]LogConfig: Setting CVar [[s.MinBulkDataSizeForAsyncLoading:131072]]
[2022.07.19-14.44.42:466][  0]LogConfig: Setting CVar [[s.AsyncLoadingThreadEnabled:0]]
[2022.07.19-14.44.42:466][  0]LogConfig: Setting CVar [[s.EventDrivenLoaderEnabled:1]]
[2022.07.19-14.44.42:466][  0]LogConfig: Setting CVar [[s.WarnIfTimeLimitExceeded:0]]
[2022.07.19-14.44.42:466][  0]LogConfig: Setting CVar [[s.TimeLimitExceededMultiplier:1.5]]
[2022.07.19-14.44.42:466][  0]LogConfig: Setting CVar [[s.TimeLimitExceededMinTime:0.005]]
[2022.07.19-14.44.42:466][  0]LogConfig: Setting CVar [[s.UseBackgroundLevelStreaming:1]]
[2022.07.19-14.44.42:466][  0]LogConfig: Setting CVar [[s.PriorityAsyncLoadingExtraTime:15.0]]
[2022.07.19-14.44.42:466][  0]LogConfig: Setting CVar [[s.LevelStreamingActorsUpdateTimeLimit:5.0]]
[2022.07.19-14.44.42:466][  0]LogConfig: Setting CVar [[s.PriorityLevelStreamingActorsUpdateExtraTime:5.0]]
[2022.07.19-14.44.42:466][  0]LogConfig: Setting CVar [[s.LevelStreamingComponentsRegistrationGranularity:10]]
[2022.07.19-14.44.42:466][  0]LogConfig: Setting CVar [[s.UnregisterComponentsTimeLimit:1.0]]
[2022.07.19-14.44.42:466][  0]LogConfig: Setting CVar [[s.LevelStreamingComponentsUnregistrationGranularity:5]]
[2022.07.19-14.44.42:466][  0]LogConfig: Setting CVar [[s.FlushStreamingOnExit:1]]
[2022.07.19-14.44.42:466][  0]LogConfig: Applying CVar settings from Section [/Script/Engine.GarbageCollectionSettings] File [I:/githubProject/ActionRoguelike/ActionRoguelike/Saved/Config/Windows/Engine.ini]
[2022.07.19-14.44.42:467][  0]LogConfig: Setting CVar [[gc.MaxObjectsNotConsideredByGC:1]]
[2022.07.19-14.44.42:467][  0]LogConfig: Setting CVar [[gc.SizeOfPermanentObjectPool:0]]
[2022.07.19-14.44.42:467][  0]LogConfig: Setting CVar [[gc.FlushStreamingOnGC:0]]
[2022.07.19-14.44.42:467][  0]LogConfig: Setting CVar [[gc.NumRetriesBeforeForcingGC:10]]
[2022.07.19-14.44.42:467][  0]LogConfig: Setting CVar [[gc.AllowParallelGC:1]]
[2022.07.19-14.44.42:467][  0]LogConfig: Setting CVar [[gc.TimeBetweenPurgingPendingKillObjects:61.1]]
[2022.07.19-14.44.42:467][  0]LogConfig: Setting CVar [[gc.MaxObjectsInEditor:25165824]]
[2022.07.19-14.44.42:467][  0]LogConfig: Setting CVar [[gc.IncrementalBeginDestroyEnabled:1]]
[2022.07.19-14.44.42:467][  0]LogConfig: Setting CVar [[gc.CreateGCClusters:1]]
[2022.07.19-14.44.42:467][  0]LogConfig: Setting CVar [[gc.MinGCClusterSize:5]]
[2022.07.19-14.44.42:467][  0]LogConfig: Setting CVar [[gc.ActorClusteringEnabled:0]]
[2022.07.19-14.44.42:467][  0]LogConfig: Setting CVar [[gc.BlueprintClusteringEnabled:0]]
[2022.07.19-14.44.42:467][  0]LogConfig: Setting CVar [[gc.UseDisregardForGCOnDedicatedServers:0]]
[2022.07.19-14.44.42:467][  0]LogConfig: Applying CVar settings from Section [/Script/Engine.NetworkSettings] File [I:/githubProject/ActionRoguelike/ActionRoguelike/Saved/Config/Windows/Engine.ini]
[2022.07.19-14.44.42:467][  0]LogConfig: Applying CVar settings from Section [/Script/UnrealEd.CookerSettings] File [I:/githubProject/ActionRoguelike/ActionRoguelike/Saved/Config/Windows/Engine.ini]
[2022.07.19-14.44.42:471][  0]LogConfig: Applying CVar settings from Section [ViewDistanceQuality@3] File [I:/githubProject/ActionRoguelike/ActionRoguelike/Saved/Config/Windows/Scalability.ini]
[2022.07.19-14.44.42:471][  0]LogConfig: Setting CVar [[r.SkeletalMeshLODBias:0]]
[2022.07.19-14.44.42:471][  0]LogConfig: Setting CVar [[r.ViewDistanceScale:1.0]]
[2022.07.19-14.44.42:471][  0]LogConfig: Applying CVar settings from Section [AntiAliasingQuality@3] File [I:/githubProject/ActionRoguelike/ActionRoguelike/Saved/Config/Windows/Scalability.ini]
[2022.07.19-14.44.42:471][  0]LogConfig: Setting CVar [[r.PostProcessAAQuality:4]]
[2022.07.19-14.44.42:471][  0]LogConfig: Applying CVar settings from Section [ShadowQuality@3] File [I:/githubProject/ActionRoguelike/ActionRoguelike/Saved/Config/Windows/Scalability.ini]
[2022.07.19-14.44.42:471][  0]LogConfig: Setting CVar [[r.LightFunctionQuality:1]]
[2022.07.19-14.44.42:471][  0]LogConfig: Setting CVar [[r.ShadowQuality:5]]
[2022.07.19-14.44.42:472][  0]LogConfig: Setting CVar [[r.Shadow.CSM.MaxCascades:10]]
[2022.07.19-14.44.42:472][  0]LogConfig: Setting CVar [[r.Shadow.MaxResolution:2048]]
[2022.07.19-14.44.42:472][  0]LogConfig: Setting CVar [[r.Shadow.MaxCSMResolution:2048]]
[2022.07.19-14.44.42:472][  0]LogConfig: Setting CVar [[r.Shadow.RadiusThreshold:0.01]]
[2022.07.19-14.44.42:472][  0]LogConfig: Setting CVar [[r.Shadow.DistanceScale:1.0]]
[2022.07.19-14.44.42:472][  0]LogConfig: Setting CVar [[r.Shadow.CSM.TransitionScale:1.0]]
[2022.07.19-14.44.42:472][  0]LogConfig: Setting CVar [[r.Shadow.PreShadowResolutionFactor:1.0]]
[2022.07.19-14.44.42:472][  0]LogConfig: Setting CVar [[r.DistanceFieldShadowing:1]]
[2022.07.19-14.44.42:472][  0]LogConfig: Setting CVar [[r.DistanceFieldAO:1]]
[2022.07.19-14.44.42:472][  0]LogConfig: Setting CVar [[r.AOQuality:2]]
[2022.07.19-14.44.42:472][  0]LogConfig: Setting CVar [[r.VolumetricFog:1]]
[2022.07.19-14.44.42:472][  0]LogConfig: Setting CVar [[r.VolumetricFog.GridPixelSize:8]]
[2022.07.19-14.44.42:472][  0]LogConfig: Setting CVar [[r.VolumetricFog.GridSizeZ:128]]
[2022.07.19-14.44.42:472][  0]LogConfig: Setting CVar [[r.VolumetricFog.HistoryMissSupersampleCount:4]]
[2022.07.19-14.44.42:472][  0]LogConfig: Setting CVar [[r.LightMaxDrawDistanceScale:1]]
[2022.07.19-14.44.42:472][  0]LogConfig: Setting CVar [[r.CapsuleShadows:1]]
[2022.07.19-14.44.42:472][  0]LogConfig: Applying CVar settings from Section [PostProcessQuality@3] File [I:/githubProject/ActionRoguelike/ActionRoguelike/Saved/Config/Windows/Scalability.ini]
[2022.07.19-14.44.42:472][  0]LogConfig: Setting CVar [[r.MotionBlurQuality:4]]
[2022.07.19-14.44.42:472][  0]LogConfig: Setting CVar [[r.AmbientOcclusionMipLevelFactor:0.4]]
[2022.07.19-14.44.42:472][  0]LogConfig: Setting CVar [[r.AmbientOcclusionMaxQuality:100]]
[2022.07.19-14.44.42:472][  0]LogConfig: Setting CVar [[r.AmbientOcclusionLevels:-1]]
[2022.07.19-14.44.42:472][  0]LogConfig: Setting CVar [[r.AmbientOcclusionRadiusScale:1.0]]
[2022.07.19-14.44.42:472][  0]LogConfig: Setting CVar [[r.DepthOfFieldQuality:2]]
[2022.07.19-14.44.42:472][  0]LogConfig: Setting CVar [[r.RenderTargetPoolMin:400]]
[2022.07.19-14.44.42:472][  0]LogConfig: Setting CVar [[r.LensFlareQuality:2]]
[2022.07.19-14.44.42:472][  0]LogConfig: Setting CVar [[r.SceneColorFringeQuality:1]]
[2022.07.19-14.44.42:472][  0]LogConfig: Setting CVar [[r.EyeAdaptationQuality:2]]
[2022.07.19-14.44.42:472][  0]LogConfig: Setting CVar [[r.BloomQuality:5]]
[2022.07.19-14.44.42:472][  0]LogConfig: Setting CVar [[r.FastBlurThreshold:100]]
[2022.07.19-14.44.42:472][  0]LogConfig: Setting CVar [[r.Upscale.Quality:3]]
[2022.07.19-14.44.42:472][  0]LogConfig: Setting CVar [[r.Tonemapper.GrainQuantization:1]]
[2022.07.19-14.44.42:473][  0]LogConfig: Setting CVar [[r.LightShaftQuality:1]]
[2022.07.19-14.44.42:473][  0]LogConfig: Setting CVar [[r.Filter.SizeScale:1]]
[2022.07.19-14.44.42:473][  0]LogConfig: Setting CVar [[r.Tonemapper.Quality:5]]
[2022.07.19-14.44.42:473][  0]LogConfig: Setting CVar [[r.DOF.Gather.AccumulatorQuality:1        ; higher gathering accumulator quality]]
[2022.07.19-14.44.42:473][  0]LogConfig: Setting CVar [[r.DOF.Gather.PostfilterMethod:1          ; Median3x3 postfilering method]]
[2022.07.19-14.44.42:473][  0]LogConfig: Setting CVar [[r.DOF.Gather.EnableBokehSettings:0       ; no bokeh simulation when gathering]]
[2022.07.19-14.44.42:473][  0]LogConfig: Setting CVar [[r.DOF.Gather.RingCount:4                 ; medium number of samples when gathering]]
[2022.07.19-14.44.42:473][  0]LogConfig: Setting CVar [[r.DOF.Scatter.ForegroundCompositing:1    ; additive foreground scattering]]
[2022.07.19-14.44.42:473][  0]LogConfig: Setting CVar [[r.DOF.Scatter.BackgroundCompositing:2    ; additive background scattering]]
[2022.07.19-14.44.42:473][  0]LogConfig: Setting CVar [[r.DOF.Scatter.EnableBokehSettings:1      ; bokeh simulation when scattering]]
[2022.07.19-14.44.42:473][  0]LogConfig: Setting CVar [[r.DOF.Scatter.MaxSpriteRatio:0.1         ; only a maximum of 10% of scattered bokeh]]
[2022.07.19-14.44.42:473][  0]LogConfig: Setting CVar [[r.DOF.Recombine.Quality:1                ; cheap slight out of focus]]
[2022.07.19-14.44.42:473][  0]LogConfig: Setting CVar [[r.DOF.Recombine.EnableBokehSettings:0    ; no bokeh simulation on slight out of focus]]
[2022.07.19-14.44.42:473][  0]LogConfig: Setting CVar [[r.DOF.TemporalAAQuality:1                ; more stable temporal accumulation]]
[2022.07.19-14.44.42:473][  0]LogConfig: Setting CVar [[r.DOF.Kernel.MaxForegroundRadius:0.025]]
[2022.07.19-14.44.42:473][  0]LogConfig: Setting CVar [[r.DOF.Kernel.MaxBackgroundRadius:0.025]]
[2022.07.19-14.44.42:473][  0]LogConfig: Applying CVar settings from Section [TextureQuality@3] File [I:/githubProject/ActionRoguelike/ActionRoguelike/Saved/Config/Windows/Scalability.ini]
[2022.07.19-14.44.42:473][  0]LogConfig: Setting CVar [[r.Streaming.MipBias:0]]
[2022.07.19-14.44.42:473][  0]LogConfig: Setting CVar [[r.Streaming.AmortizeCPUToGPUCopy:0]]
[2022.07.19-14.44.42:473][  0]LogConfig: Setting CVar [[r.Streaming.MaxNumTexturesToStreamPerFrame:0]]
[2022.07.19-14.44.42:473][  0]LogConfig: Setting CVar [[r.Streaming.Boost:1]]
[2022.07.19-14.44.42:473][  0]LogConfig: Setting CVar [[r.MaxAnisotropy:8]]
[2022.07.19-14.44.42:473][  0]LogConfig: Setting CVar [[r.VT.MaxAnisotropy:8]]
[2022.07.19-14.44.42:473][  0]LogConfig: Setting CVar [[r.Streaming.LimitPoolSizeToVRAM:0]]
[2022.07.19-14.44.42:473][  0]LogConfig: Setting CVar [[r.Streaming.PoolSize:1000]]
[2022.07.19-14.44.42:473][  0]LogConfig: Setting CVar [[r.Streaming.MaxEffectiveScreenSize:0]]
[2022.07.19-14.44.42:473][  0]LogConfig: Applying CVar settings from Section [EffectsQuality@3] File [I:/githubProject/ActionRoguelike/ActionRoguelike/Saved/Config/Windows/Scalability.ini]
[2022.07.19-14.44.42:473][  0]LogConfig: Setting CVar [[r.TranslucencyLightingVolumeDim:64]]
[2022.07.19-14.44.42:473][  0]LogConfig: Setting CVar [[r.RefractionQuality:2]]
[2022.07.19-14.44.42:473][  0]LogConfig: Setting CVar [[r.SSR.Quality:3]]
[2022.07.19-14.44.42:474][  0]LogConfig: Setting CVar [[r.SSR.HalfResSceneColor:0]]
[2022.07.19-14.44.42:474][  0]LogConfig: Setting CVar [[r.SceneColorFormat:4]]
[2022.07.19-14.44.42:474][  0]LogConfig: Setting CVar [[r.DetailMode:2]]
[2022.07.19-14.44.42:474][  0]LogConfig: Setting CVar [[r.TranslucencyVolumeBlur:1]]
[2022.07.19-14.44.42:474][  0]LogConfig: Setting CVar [[r.MaterialQualityLevel:1 ; High quality]]
[2022.07.19-14.44.42:474][  0]LogConfig: Setting CVar [[r.SSS.Scale:1]]
[2022.07.19-14.44.42:474][  0]LogConfig: Setting CVar [[r.SSS.SampleSet:2]]
[2022.07.19-14.44.42:474][  0]LogConfig: Setting CVar [[r.SSS.Quality:1]]
[2022.07.19-14.44.42:474][  0]LogConfig: Setting CVar [[r.SSS.HalfRes:0]]
[2022.07.19-14.44.42:474][  0]LogConfig: Setting CVar [[r.SSGI.Quality:3]]
[2022.07.19-14.44.42:474][  0]LogConfig: Setting CVar [[r.EmitterSpawnRateScale:1.0]]
[2022.07.19-14.44.42:474][  0]LogConfig: Setting CVar [[r.ParticleLightQuality:2]]
[2022.07.19-14.44.42:474][  0]LogConfig: Setting CVar [[r.SkyAtmosphere.AerialPerspectiveLUT.FastApplyOnOpaque:1 ; Always have FastSkyLUT 1 in this case to avoid wrong sky]]
[2022.07.19-14.44.42:474][  0]LogConfig: Setting CVar [[r.SkyAtmosphere.AerialPerspectiveLUT.SampleCountPerSlice:1]]
[2022.07.19-14.44.42:474][  0]LogConfig: Setting CVar [[r.SkyAtmosphere.AerialPerspectiveLUT.DepthResolution:16.0]]
[2022.07.19-14.44.42:474][  0]LogConfig: Setting CVar [[r.SkyAtmosphere.FastSkyLUT:1]]
[2022.07.19-14.44.42:474][  0]LogConfig: Setting CVar [[r.SkyAtmosphere.FastSkyLUT.SampleCountMin:4.0]]
[2022.07.19-14.44.42:474][  0]LogConfig: Setting CVar [[r.SkyAtmosphere.FastSkyLUT.SampleCountMax:32.0]]
[2022.07.19-14.44.42:474][  0]LogConfig: Setting CVar [[r.SkyAtmosphere.SampleCountMin:4.0]]
[2022.07.19-14.44.42:474][  0]LogConfig: Setting CVar [[r.SkyAtmosphere.SampleCountMax:32.0]]
[2022.07.19-14.44.42:474][  0]LogConfig: Setting CVar [[r.SkyAtmosphere.TransmittanceLUT.UseSmallFormat:0]]
[2022.07.19-14.44.42:474][  0]LogConfig: Setting CVar [[r.SkyAtmosphere.TransmittanceLUT.SampleCount:10.0]]
[2022.07.19-14.44.42:474][  0]LogConfig: Setting CVar [[r.SkyAtmosphere.MultiScatteringLUT.SampleCount:15.0]]
[2022.07.19-14.44.42:474][  0]LogConfig: Applying CVar settings from Section [FoliageQuality@3] File [I:/githubProject/ActionRoguelike/ActionRoguelike/Saved/Config/Windows/Scalability.ini]
[2022.07.19-14.44.42:474][  0]LogConfig: Setting CVar [[foliage.DensityScale:1.0]]
[2022.07.19-14.44.42:474][  0]LogConfig: Setting CVar [[grass.DensityScale:1.0]]
[2022.07.19-14.44.42:474][  0]LogConfig: Applying CVar settings from Section [ShadingQuality@3] File [I:/githubProject/ActionRoguelike/ActionRoguelike/Saved/Config/Windows/Scalability.ini]
[2022.07.19-14.44.42:474][  0]LogConfig: Setting CVar [[r.HairStrands.SkyLighting.SampleCount:16]]
[2022.07.19-14.44.42:474][  0]LogConfig: Setting CVar [[r.HairStrands.SkyLighting.JitterIntegration:0]]
[2022.07.19-14.44.42:474][  0]LogConfig: Setting CVar [[r.HairStrands.SkyAO.SampleCount:16]]
[2022.07.19-14.44.42:474][  0]LogConfig: Setting CVar [[r.HairStrands.DeepShadow.SuperSampling:0]]
[2022.07.19-14.44.42:475][  0]LogConfig: Setting CVar [[r.HairStrands.VisibilityPPLL:0]]
[2022.07.19-14.44.42:475][  0]LogConfig: Setting CVar [[r.HairStrands.RasterizationScale:0.5]]
[2022.07.19-14.44.42:475][  0]LogConfig: Setting CVar [[r.HairStrands.VelocityRasterizationScale:1]]
[2022.07.19-14.44.42:475][  0]LogInit: Selected Device Profile: [Windows]
[2022.07.19-14.44.42:475][  0]LogInit: Applying CVar settings loaded from the selected device profile: [Windows]
[2022.07.19-14.44.42:475][  0]LogHAL: Display: Platform has ~ 32 GB [34222546944 / 34359738368 / 32], which maps to Largest [LargestMinGB=32, LargerMinGB=12, DefaultMinGB=8, SmallerMinGB=6, SmallestMinGB=0)
[2022.07.19-14.44.42:475][  0]LogInit: Going up to parent DeviceProfile []
[2022.07.19-14.44.42:475][  0]LogConfig: Applying CVar settings from Section [ViewDistanceQuality@3] File [I:/githubProject/ActionRoguelike/ActionRoguelike/Saved/Config/Windows/Scalability.ini]
[2022.07.19-14.44.42:475][  0]LogConfig: Setting CVar [[r.SkeletalMeshLODBias:0]]
[2022.07.19-14.44.42:475][  0]LogConfig: Setting CVar [[r.ViewDistanceScale:1.0]]
[2022.07.19-14.44.42:475][  0]LogConfig: Applying CVar settings from Section [AntiAliasingQuality@3] File [I:/githubProject/ActionRoguelike/ActionRoguelike/Saved/Config/Windows/Scalability.ini]
[2022.07.19-14.44.42:475][  0]LogConfig: Setting CVar [[r.PostProcessAAQuality:4]]
[2022.07.19-14.44.42:475][  0]LogConfig: Applying CVar settings from Section [ShadowQuality@3] File [I:/githubProject/ActionRoguelike/ActionRoguelike/Saved/Config/Windows/Scalability.ini]
[2022.07.19-14.44.42:475][  0]LogConfig: Setting CVar [[r.LightFunctionQuality:1]]
[2022.07.19-14.44.42:475][  0]LogConfig: Setting CVar [[r.ShadowQuality:5]]
[2022.07.19-14.44.42:475][  0]LogConfig: Setting CVar [[r.Shadow.CSM.MaxCascades:10]]
[2022.07.19-14.44.42:475][  0]LogConfig: Setting CVar [[r.Shadow.MaxResolution:2048]]
[2022.07.19-14.44.42:475][  0]LogConfig: Setting CVar [[r.Shadow.MaxCSMResolution:2048]]
[2022.07.19-14.44.42:475][  0]LogConfig: Setting CVar [[r.Shadow.RadiusThreshold:0.01]]
[2022.07.19-14.44.42:475][  0]LogConfig: Setting CVar [[r.Shadow.DistanceScale:1.0]]
[2022.07.19-14.44.42:475][  0]LogConfig: Setting CVar [[r.Shadow.CSM.TransitionScale:1.0]]
[2022.07.19-14.44.42:475][  0]LogConfig: Setting CVar [[r.Shadow.PreShadowResolutionFactor:1.0]]
[2022.07.19-14.44.42:475][  0]LogConfig: Setting CVar [[r.DistanceFieldShadowing:1]]
[2022.07.19-14.44.42:475][  0]LogConfig: Setting CVar [[r.DistanceFieldAO:1]]
[2022.07.19-14.44.42:475][  0]LogConfig: Setting CVar [[r.AOQuality:2]]
[2022.07.19-14.44.42:476][  0]LogConfig: Setting CVar [[r.VolumetricFog:1]]
[2022.07.19-14.44.42:476][  0]LogConfig: Setting CVar [[r.VolumetricFog.GridPixelSize:8]]
[2022.07.19-14.44.42:476][  0]LogConfig: Setting CVar [[r.VolumetricFog.GridSizeZ:128]]
[2022.07.19-14.44.42:476][  0]LogConfig: Setting CVar [[r.VolumetricFog.HistoryMissSupersampleCount:4]]
[2022.07.19-14.44.42:476][  0]LogConfig: Setting CVar [[r.LightMaxDrawDistanceScale:1]]
[2022.07.19-14.44.42:476][  0]LogConfig: Setting CVar [[r.CapsuleShadows:1]]
[2022.07.19-14.44.42:476][  0]LogConfig: Applying CVar settings from Section [PostProcessQuality@3] File [I:/githubProject/ActionRoguelike/ActionRoguelike/Saved/Config/Windows/Scalability.ini]
[2022.07.19-14.44.42:476][  0]LogConfig: Setting CVar [[r.MotionBlurQuality:4]]
[2022.07.19-14.44.42:476][  0]LogConfig: Setting CVar [[r.AmbientOcclusionMipLevelFactor:0.4]]
[2022.07.19-14.44.42:476][  0]LogConfig: Setting CVar [[r.AmbientOcclusionMaxQuality:100]]
[2022.07.19-14.44.42:476][  0]LogConfig: Setting CVar [[r.AmbientOcclusionLevels:-1]]
[2022.07.19-14.44.42:476][  0]LogConfig: Setting CVar [[r.AmbientOcclusionRadiusScale:1.0]]
[2022.07.19-14.44.42:476][  0]LogConfig: Setting CVar [[r.DepthOfFieldQuality:2]]
[2022.07.19-14.44.42:476][  0]LogConfig: Setting CVar [[r.RenderTargetPoolMin:400]]
[2022.07.19-14.44.42:476][  0]LogConfig: Setting CVar [[r.LensFlareQuality:2]]
[2022.07.19-14.44.42:476][  0]LogConfig: Setting CVar [[r.SceneColorFringeQuality:1]]
[2022.07.19-14.44.42:476][  0]LogConfig: Setting CVar [[r.EyeAdaptationQuality:2]]
[2022.07.19-14.44.42:476][  0]LogConfig: Setting CVar [[r.BloomQuality:5]]
[2022.07.19-14.44.42:476][  0]LogConfig: Setting CVar [[r.FastBlurThreshold:100]]
[2022.07.19-14.44.42:476][  0]LogConfig: Setting CVar [[r.Upscale.Quality:3]]
[2022.07.19-14.44.42:476][  0]LogConfig: Setting CVar [[r.Tonemapper.GrainQuantization:1]]
[2022.07.19-14.44.42:476][  0]LogConfig: Setting CVar [[r.LightShaftQuality:1]]
[2022.07.19-14.44.42:476][  0]LogConfig: Setting CVar [[r.Filter.SizeScale:1]]
[2022.07.19-14.44.42:476][  0]LogConfig: Setting CVar [[r.Tonemapper.Quality:5]]
[2022.07.19-14.44.42:476][  0]LogConfig: Setting CVar [[r.DOF.Gather.AccumulatorQuality:1        ; higher gathering accumulator quality]]
[2022.07.19-14.44.42:476][  0]LogConfig: Setting CVar [[r.DOF.Gather.PostfilterMethod:1          ; Median3x3 postfilering method]]
[2022.07.19-14.44.42:476][  0]LogConfig: Setting CVar [[r.DOF.Gather.EnableBokehSettings:0       ; no bokeh simulation when gathering]]
[2022.07.19-14.44.42:476][  0]LogConfig: Setting CVar [[r.DOF.Gather.RingCount:4                 ; medium number of samples when gathering]]
[2022.07.19-14.44.42:476][  0]LogConfig: Setting CVar [[r.DOF.Scatter.ForegroundCompositing:1    ; additive foreground scattering]]
[2022.07.19-14.44.42:476][  0]LogConfig: Setting CVar [[r.DOF.Scatter.BackgroundCompositing:2    ; additive background scattering]]
[2022.07.19-14.44.42:476][  0]LogConfig: Setting CVar [[r.DOF.Scatter.EnableBokehSettings:1      ; bokeh simulation when scattering]]
[2022.07.19-14.44.42:477][  0]LogConfig: Setting CVar [[r.DOF.Scatter.MaxSpriteRatio:0.1         ; only a maximum of 10% of scattered bokeh]]
[2022.07.19-14.44.42:477][  0]LogConfig: Setting CVar [[r.DOF.Recombine.Quality:1                ; cheap slight out of focus]]
[2022.07.19-14.44.42:477][  0]LogConfig: Setting CVar [[r.DOF.Recombine.EnableBokehSettings:0    ; no bokeh simulation on slight out of focus]]
[2022.07.19-14.44.42:477][  0]LogConfig: Setting CVar [[r.DOF.TemporalAAQuality:1                ; more stable temporal accumulation]]
[2022.07.19-14.44.42:477][  0]LogConfig: Setting CVar [[r.DOF.Kernel.MaxForegroundRadius:0.025]]
[2022.07.19-14.44.42:477][  0]LogConfig: Setting CVar [[r.DOF.Kernel.MaxBackgroundRadius:0.025]]
[2022.07.19-14.44.42:477][  0]LogConfig: Applying CVar settings from Section [TextureQuality@3] File [I:/githubProject/ActionRoguelike/ActionRoguelike/Saved/Config/Windows/Scalability.ini]
[2022.07.19-14.44.42:477][  0]LogConfig: Setting CVar [[r.Streaming.MipBias:0]]
[2022.07.19-14.44.42:477][  0]LogConfig: Setting CVar [[r.Streaming.AmortizeCPUToGPUCopy:0]]
[2022.07.19-14.44.42:477][  0]LogConfig: Setting CVar [[r.Streaming.MaxNumTexturesToStreamPerFrame:0]]
[2022.07.19-14.44.42:477][  0]LogConfig: Setting CVar [[r.Streaming.Boost:1]]
[2022.07.19-14.44.42:477][  0]LogConfig: Setting CVar [[r.MaxAnisotropy:8]]
[2022.07.19-14.44.42:477][  0]LogConfig: Setting CVar [[r.VT.MaxAnisotropy:8]]
[2022.07.19-14.44.42:477][  0]LogConfig: Setting CVar [[r.Streaming.LimitPoolSizeToVRAM:0]]
[2022.07.19-14.44.42:477][  0]LogConfig: Setting CVar [[r.Streaming.PoolSize:1000]]
[2022.07.19-14.44.42:477][  0]LogConfig: Setting CVar [[r.Streaming.MaxEffectiveScreenSize:0]]
[2022.07.19-14.44.42:477][  0]LogConfig: Applying CVar settings from Section [EffectsQuality@3] File [I:/githubProject/ActionRoguelike/ActionRoguelike/Saved/Config/Windows/Scalability.ini]
[2022.07.19-14.44.42:477][  0]LogConfig: Setting CVar [[r.TranslucencyLightingVolumeDim:64]]
[2022.07.19-14.44.42:477][  0]LogConfig: Setting CVar [[r.RefractionQuality:2]]
[2022.07.19-14.44.42:477][  0]LogConfig: Setting CVar [[r.SSR.Quality:3]]
[2022.07.19-14.44.42:477][  0]LogConfig: Setting CVar [[r.SSR.HalfResSceneColor:0]]
[2022.07.19-14.44.42:477][  0]LogConfig: Setting CVar [[r.SceneColorFormat:4]]
[2022.07.19-14.44.42:477][  0]LogConfig: Setting CVar [[r.DetailMode:2]]
[2022.07.19-14.44.42:477][  0]LogConfig: Setting CVar [[r.TranslucencyVolumeBlur:1]]
[2022.07.19-14.44.42:477][  0]LogConfig: Setting CVar [[r.MaterialQualityLevel:1 ; High quality]]
[2022.07.19-14.44.42:477][  0]LogConfig: Setting CVar [[r.SSS.Scale:1]]
[2022.07.19-14.44.42:477][  0]LogConfig: Setting CVar [[r.SSS.SampleSet:2]]
[2022.07.19-14.44.42:477][  0]LogConfig: Setting CVar [[r.SSS.Quality:1]]
[2022.07.19-14.44.42:477][  0]LogConfig: Setting CVar [[r.SSS.HalfRes:0]]
[2022.07.19-14.44.42:477][  0]LogConfig: Setting CVar [[r.SSGI.Quality:3]]
[2022.07.19-14.44.42:478][  0]LogConfig: Setting CVar [[r.EmitterSpawnRateScale:1.0]]
[2022.07.19-14.44.42:478][  0]LogConfig: Setting CVar [[r.ParticleLightQuality:2]]
[2022.07.19-14.44.42:478][  0]LogConfig: Setting CVar [[r.SkyAtmosphere.AerialPerspectiveLUT.FastApplyOnOpaque:1 ; Always have FastSkyLUT 1 in this case to avoid wrong sky]]
[2022.07.19-14.44.42:478][  0]LogConfig: Setting CVar [[r.SkyAtmosphere.AerialPerspectiveLUT.SampleCountPerSlice:1]]
[2022.07.19-14.44.42:478][  0]LogConfig: Setting CVar [[r.SkyAtmosphere.AerialPerspectiveLUT.DepthResolution:16.0]]
[2022.07.19-14.44.42:478][  0]LogConfig: Setting CVar [[r.SkyAtmosphere.FastSkyLUT:1]]
[2022.07.19-14.44.42:478][  0]LogConfig: Setting CVar [[r.SkyAtmosphere.FastSkyLUT.SampleCountMin:4.0]]
[2022.07.19-14.44.42:478][  0]LogConfig: Setting CVar [[r.SkyAtmosphere.FastSkyLUT.SampleCountMax:32.0]]
[2022.07.19-14.44.42:478][  0]LogConfig: Setting CVar [[r.SkyAtmosphere.SampleCountMin:4.0]]
[2022.07.19-14.44.42:478][  0]LogConfig: Setting CVar [[r.SkyAtmosphere.SampleCountMax:32.0]]
[2022.07.19-14.44.42:478][  0]LogConfig: Setting CVar [[r.SkyAtmosphere.TransmittanceLUT.UseSmallFormat:0]]
[2022.07.19-14.44.42:478][  0]LogConfig: Setting CVar [[r.SkyAtmosphere.TransmittanceLUT.SampleCount:10.0]]
[2022.07.19-14.44.42:478][  0]LogConfig: Setting CVar [[r.SkyAtmosphere.MultiScatteringLUT.SampleCount:15.0]]
[2022.07.19-14.44.42:478][  0]LogConfig: Applying CVar settings from Section [FoliageQuality@3] File [I:/githubProject/ActionRoguelike/ActionRoguelike/Saved/Config/Windows/Scalability.ini]
[2022.07.19-14.44.42:478][  0]LogConfig: Setting CVar [[foliage.DensityScale:1.0]]
[2022.07.19-14.44.42:478][  0]LogConfig: Setting CVar [[grass.DensityScale:1.0]]
[2022.07.19-14.44.42:478][  0]LogConfig: Applying CVar settings from Section [ShadingQuality@3] File [I:/githubProject/ActionRoguelike/ActionRoguelike/Saved/Config/Windows/Scalability.ini]
[2022.07.19-14.44.42:478][  0]LogConfig: Setting CVar [[r.HairStrands.SkyLighting.SampleCount:16]]
[2022.07.19-14.44.42:478][  0]LogConfig: Setting CVar [[r.HairStrands.SkyLighting.JitterIntegration:0]]
[2022.07.19-14.44.42:478][  0]LogConfig: Setting CVar [[r.HairStrands.SkyAO.SampleCount:16]]
[2022.07.19-14.44.42:478][  0]LogConfig: Setting CVar [[r.HairStrands.DeepShadow.SuperSampling:0]]
[2022.07.19-14.44.42:478][  0]LogConfig: Setting CVar [[r.HairStrands.VisibilityPPLL:0]]
[2022.07.19-14.44.42:478][  0]LogConfig: Setting CVar [[r.HairStrands.RasterizationScale:0.5]]
[2022.07.19-14.44.42:478][  0]LogConfig: Setting CVar [[r.HairStrands.VelocityRasterizationScale:1]]
[2022.07.19-14.44.42:478][  0]LogConfig: Applying CVar settings from Section [Startup] File [../../../Engine/Config/ConsoleVariables.ini]
[2022.07.19-14.44.42:479][  0]LogConfig: Setting CVar [[net.UseAdaptiveNetUpdateFrequency:0]]
[2022.07.19-14.44.42:479][  0]LogConfig: Setting CVar [[p.chaos.AllowCreatePhysxBodies:1]]
[2022.07.19-14.44.42:479][  0]LogConfig: Setting CVar [[fx.SkipVectorVMBackendOptimizations:1]]
[2022.07.19-14.44.42:479][  0]LogConfig: Applying CVar settings from Section [ConsoleVariables] File [I:/githubProject/ActionRoguelike/ActionRoguelike/Saved/Config/Windows/Engine.ini]
[2022.07.19-14.44.42:479][  0]LogInit: Computer: DESKTOP-PCRVT7B
[2022.07.19-14.44.42:479][  0]LogInit: User: admin
[2022.07.19-14.44.42:479][  0]LogInit: CPU Page size=4096, Cores=8
[2022.07.19-14.44.42:479][  0]LogInit: High frequency timer resolution =10.000000 MHz
[2022.07.19-14.44.42:479][  0]LogMemory: Memory total: Physical=31.9GB (32GB approx)
[2022.07.19-14.44.42:479][  0]LogMemory: Platform Memory Stats for Windows
[2022.07.19-14.44.42:479][  0]LogMemory: Process Physical Memory: 117.32 MB used, 117.33 MB peak
[2022.07.19-14.44.42:479][  0]LogMemory: Process Virtual Memory: 110.93 MB used, 110.93 MB peak
[2022.07.19-14.44.42:479][  0]LogMemory: Physical Memory: 14246.55 MB used,  18390.61 MB free, 32637.16 MB total
[2022.07.19-14.44.42:479][  0]LogMemory: Virtual Memory: 5199.68 MB used,  134212528.00 MB free, 134217728.00 MB total
[2022.07.19-14.44.42:486][  0]LogWindows: WindowsPlatformFeatures enabled
[2022.07.19-14.44.42:616][  0]LogInit: Physics initialised using underlying interface: PhysX
[2022.07.19-14.44.42:617][  0]LogInit: Overriding language with editor language configuration option (en).
[2022.07.19-14.44.42:617][  0]LogInit: Overriding locale with editor culture configuration option ().
[2022.07.19-14.44.42:617][  0]LogInit: Using OS detected locale (zh-CN).
[2022.07.19-14.44.42:721][  0]LogInit: Setting process to per monitor DPI aware
[2022.07.19-14.44.42:783][  0]LogSlate: New Slate User Created.  User Index 0, Is Virtual User: 0
[2022.07.19-14.44.42:783][  0]LogSlate: Slate User Registered.  User Index 0, Is Virtual User: 0
[2022.07.19-14.44.42:854][  0]LogHMD: Failed to initialize OpenVR with code 110
[2022.07.19-14.44.42:854][  0]LogD3D11RHI: D3D11 min allowed feature level: 11_0
[2022.07.19-14.44.42:854][  0]LogD3D11RHI: D3D11 max allowed feature level: 11_0
[2022.07.19-14.44.42:854][  0]LogD3D11RHI: D3D11 adapters:
[2022.07.19-14.44.42:951][  0]LogD3D11RHI:    0. 'NVIDIA GeForce RTX 3060' (Feature Level 11_0)
[2022.07.19-14.44.42:951][  0]LogD3D11RHI:       12143/0/16318 MB DedicatedVideo/DedicatedSystem/SharedSystem, Outputs:2, VendorId:0x10de
[2022.07.19-14.44.42:955][  0]LogD3D11RHI:    1. 'Microsoft Basic Render Driver' (Feature Level 11_0)
[2022.07.19-14.44.42:955][  0]LogD3D11RHI:       0/0/16318 MB DedicatedVideo/DedicatedSystem/SharedSystem, Outputs:0, VendorId:0x1414
[2022.07.19-14.44.42:955][  0]LogD3D11RHI: Chosen D3D11 Adapter: 0
[2022.07.19-14.44.42:960][  0]LogD3D11RHI: Creating new Direct3DDevice
[2022.07.19-14.44.42:960][  0]LogD3D11RHI:     GPU DeviceId: 0x2504 (for the marketing name, search the web for "GPU Device Id")
[2022.07.19-14.44.42:960][  0]LogWindows: EnumDisplayDevices:
[2022.07.19-14.44.42:960][  0]LogWindows:    0. 'NVIDIA GeForce RTX 3060' (P:1 D:1)
[2022.07.19-14.44.42:960][  0]LogWindows:    1. 'NVIDIA GeForce RTX 3060' (P:0 D:1)
[2022.07.19-14.44.42:960][  0]LogWindows:    2. 'NVIDIA GeForce RTX 3060' (P:0 D:0)
[2022.07.19-14.44.42:961][  0]LogWindows:    3. 'NVIDIA GeForce RTX 3060' (P:0 D:0)
[2022.07.19-14.44.42:961][  0]LogWindows: DebugString: FoundDriverCount:4 
[2022.07.19-14.44.42:961][  0]LogD3D11RHI:     Adapter Name: NVIDIA GeForce RTX 3060
[2022.07.19-14.44.42:961][  0]LogD3D11RHI:   Driver Version: 471.11 (internal:30.0.14.7111, unified:471.11)
[2022.07.19-14.44.42:961][  0]LogD3D11RHI:      Driver Date: 6-21-2021
[2022.07.19-14.44.42:961][  0]LogRHI: Texture pool is 8500 MB (70% of 12143 MB)
[2022.07.19-14.44.43:028][  0]LogD3D11RHI: RHI has support for 64 bit atomics
[2022.07.19-14.44.43:028][  0]LogD3D11RHI: Async texture creation enabled
[2022.07.19-14.44.43:028][  0]LogD3D11RHI: Array index from any shader is supported
[2022.07.19-14.44.43:047][  0]LogD3D11RHI: GPU Timing Frequency: 1000.000000 (Debug: 2 2)
[2022.07.19-14.44.43:257][  0]LogTargetPlatformManager: Display: Loaded TargetPlatform 'AllDesktop'
[2022.07.19-14.44.43:274][  0]LogTargetPlatformManager: Display: Loaded TargetPlatform 'Android'
[2022.07.19-14.44.43:274][  0]LogTargetPlatformManager: Display: Loaded TargetPlatform 'Android_ASTC'
[2022.07.19-14.44.43:274][  0]LogTargetPlatformManager: Display: Loaded TargetPlatform 'Android_DXT'
[2022.07.19-14.44.43:274][  0]LogTargetPlatformManager: Display: Loaded TargetPlatform 'Android_ETC2'
[2022.07.19-14.44.43:274][  0]LogTargetPlatformManager: Display: Loaded TargetPlatform 'AndroidClient'
[2022.07.19-14.44.43:274][  0]LogTargetPlatformManager: Display: Loaded TargetPlatform 'Android_ASTCClient'
[2022.07.19-14.44.43:274][  0]LogTargetPlatformManager: Display: Loaded TargetPlatform 'Android_DXTClient'
[2022.07.19-14.44.43:274][  0]LogTargetPlatformManager: Display: Loaded TargetPlatform 'Android_ETC2Client'
[2022.07.19-14.44.43:275][  0]LogTargetPlatformManager: Display: Loaded TargetPlatform 'Android_Multi'
[2022.07.19-14.44.43:275][  0]LogTargetPlatformManager: Display: Loaded TargetPlatform 'Android_MultiClient'
[2022.07.19-14.44.43:304][  0]LogTargetPlatformManager: Display: Loaded TargetPlatform 'IOSClient'
[2022.07.19-14.44.43:304][  0]LogTargetPlatformManager: Display: Loaded TargetPlatform 'IOS'
[2022.07.19-14.44.43:314][  0]LogTargetPlatformManager: Display: Loaded TargetPlatform 'Linux'
[2022.07.19-14.44.43:322][  0]LogTargetPlatformManager: Display: Loaded TargetPlatform 'LinuxNoEditor'
[2022.07.19-14.44.43:331][  0]LogTargetPlatformManager: Display: Loaded TargetPlatform 'LinuxClient'
[2022.07.19-14.44.43:339][  0]LogTargetPlatformManager: Display: Loaded TargetPlatform 'LinuxServer'
[2022.07.19-14.44.43:348][  0]LogTargetPlatformManager: Display: Loaded TargetPlatform 'LinuxAArch64NoEditor'
[2022.07.19-14.44.43:357][  0]LogTargetPlatformManager: Display: Loaded TargetPlatform 'LinuxAArch64Client'
[2022.07.19-14.44.43:366][  0]LogTargetPlatformManager: Display: Loaded TargetPlatform 'LinuxAArch64Server'
[2022.07.19-14.44.43:388][  0]LogTargetPlatformManager: Display: Loaded TargetPlatform 'Lumin'
[2022.07.19-14.44.43:388][  0]LogTargetPlatformManager: Display: Loaded TargetPlatform 'LuminClient'
[2022.07.19-14.44.43:403][  0]LogTargetPlatformManager: Display: Loaded TargetPlatform 'TVOSClient'
[2022.07.19-14.44.43:403][  0]LogTargetPlatformManager: Display: Loaded TargetPlatform 'TVOS'
[2022.07.19-14.44.43:415][  0]LogTargetPlatformManager: Display: Loaded TargetPlatform 'WindowsNoEditor'
[2022.07.19-14.44.43:427][  0]LogTargetPlatformManager: Display: Loaded TargetPlatform 'Windows'
[2022.07.19-14.44.43:438][  0]LogTargetPlatformManager: Display: Loaded TargetPlatform 'WindowsClient'
[2022.07.19-14.44.43:449][  0]LogTargetPlatformManager: Display: Loaded TargetPlatform 'WindowsServer'
[2022.07.19-14.44.43:449][  0]LogTargetPlatformManager: Display: Building Assets For Windows
[2022.07.19-14.44.43:467][  0]LogAudioDebug: Display: Lib vorbis DLL was dynamically loaded.
[2022.07.19-14.44.43:590][  0]LogShaderCompilers: Guid format shader working directory is -15 characters bigger than the processId version (../../../../../githubProject/ActionRoguelike/ActionRoguelike/Intermediate/Shaders/WorkingDirectory/17908/).
[2022.07.19-14.44.43:591][  0]LogShaderCompilers: Cleaned the shader compiler working directory 'C:/Users/admin/AppData/Local/Temp/UnrealShaderWorkingDir/A97E756F44E7F8E908938A8722236F2C/'.
[2022.07.19-14.44.43:591][  0]LogXGEController: Cleaning working directory: C:/Users/admin/AppData/Local/Temp/UnrealXGEWorkingDir/
[2022.07.19-14.44.43:591][  0]LogXGEController: Cannot use XGE Controller as Incredibuild is not installed on this machine.
[2022.07.19-14.44.43:591][  0]LogShaderCompilers: Cannot use XGE Shader Compiler as Incredibuild is not installed on this machine.
[2022.07.19-14.44.43:591][  0]LogShaderCompilers: Display: Using Local Shader Compiler.
[2022.07.19-14.44.44:133][  0]LogDerivedDataCache: Display: Max Cache Size: 512 MB
[2022.07.19-14.44.44:164][  0]LogDerivedDataCache: Loaded boot cache 0.03s 76MB C:/Users/admin/AppData/Local/UnrealEngine/4.25/DerivedDataCache/Boot.ddc.
[2022.07.19-14.44.44:164][  0]LogDerivedDataCache: Display: Loaded Boot cache: C:/Users/admin/AppData/Local/UnrealEngine/4.25/DerivedDataCache/Boot.ddc
[2022.07.19-14.44.44:164][  0]LogDerivedDataCache: FDerivedDataBackendGraph:  Pak pak cache file ../../../../../githubProject/ActionRoguelike/ActionRoguelike/DerivedDataCache/DDC.ddp not found, will not use a pak cache.
[2022.07.19-14.44.44:164][  0]LogDerivedDataCache: Unable to find inner node Pak for hierarchical cache Hierarchy.
[2022.07.19-14.44.44:164][  0]LogDerivedDataCache: FDerivedDataBackendGraph:  CompressedPak pak cache file ../../../../../githubProject/ActionRoguelike/ActionRoguelike/DerivedDataCache/Compressed.ddp not found, will not use a pak cache.
[2022.07.19-14.44.44:164][  0]LogDerivedDataCache: Unable to find inner node CompressedPak for hierarchical cache Hierarchy.
[2022.07.19-14.44.44:172][  0]LogDerivedDataCache: Display: Pak cache opened for reading ../../../Engine/DerivedDataCache/Compressed.ddp.
[2022.07.19-14.44.44:172][  0]LogDerivedDataCache: FDerivedDataBackendGraph:  EnterprisePak pak cache file ../../../Enterprise/DerivedDataCache/Compressed.ddp not found, will not use a pak cache.
[2022.07.19-14.44.44:172][  0]LogDerivedDataCache: Unable to find inner node EnterprisePak for hierarchical cache Hierarchy.
[2022.07.19-14.44.44:174][  0]LogDerivedDataCache: Using Local data cache path C:/Users/admin/AppData/Local/UnrealEngine/Common/DerivedDataCache: Writable
[2022.07.19-14.44.44:174][  0]LogDerivedDataCache: Shared data cache path not found in *engine.ini, will not use an Shared cache.
[2022.07.19-14.44.44:174][  0]LogDerivedDataCache: Unable to find inner node Shared for hierarchical cache Hierarchy.
[2022.07.19-14.44.44:209][  0]LogSlate: Using FreeType 2.10.0
[2022.07.19-14.44.44:209][  0]LogSlate: SlateFontServices - WITH_FREETYPE: 1, WITH_HARFBUZZ: 1
[2022.07.19-14.44.44:229][  0]LogAssetRegistry: FAssetRegistry took 0.0029 seconds to start up
[2022.07.19-14.44.44:379][  0]LogInit: Selected Device Profile: [Windows]
[2022.07.19-14.44.44:524][  0]LogMeshReduction: Using QuadricMeshReduction for automatic static mesh reduction
[2022.07.19-14.44.44:524][  0]LogMeshReduction: Using SimplygonMeshReduction for automatic skeletal mesh reduction
[2022.07.19-14.44.44:524][  0]LogMeshReduction: Using ProxyLODMeshReduction for automatic mesh merging
[2022.07.19-14.44.44:524][  0]LogMeshReduction: No distributed automatic mesh merging module available
[2022.07.19-14.44.44:524][  0]LogMeshMerging: No distributed automatic mesh merging module available
[2022.07.19-14.44.44:541][  0]LogNetVersion: ActionRoguelike 1.0.0, NetCL: 13144385, EngineNetVer: 14, GameNetVer: 0 (Checksum: 3012751956)
[2022.07.19-14.44.44:822][  0]LogAISub: UAISubsystem::UAISubsystem AISubsystem (0000017AD5A94380), frame # 0
[2022.07.19-14.44.44:822][  0]LogAISub: UAISubsystem::UAISubsystem AIPerceptionSystem (0000017AD5A107C0), frame # 0
[2022.07.19-14.44.44:823][  0]LogAISub: UAISubsystem::UAISubsystem EnvQueryManager (0000017AD5A35E00), frame # 0
[2022.07.19-14.44.44:848][  0]LogPackageLocalizationCache: Processed 19 localized package path(s) for 1 prioritized culture(s) in 0.019707 seconds
[2022.07.19-14.44.44:851][  0]LogUObjectArray: 15917 objects as part of root set at end of initial load.
[2022.07.19-14.44.44:851][  0]LogUObjectAllocator: 3965568 out of 0 bytes used by permanent object pool.
[2022.07.19-14.44.44:851][  0]LogUObjectArray: CloseDisregardForGC: 0/0 objects in disregard for GC pool
[2022.07.19-14.44.45:463][  0]LogTcpMessaging: Initializing TcpMessaging bridge
[2022.07.19-14.44.45:471][  0]LogUdpMessaging: Initializing bridge on interface 0.0.0.0:0 to multicast group 230.0.0.1:6666.
[2022.07.19-14.44.45:649][  0]SourceControl: Source control is disabled
[2022.07.19-14.44.45:649][  0]SourceControl: Source control is disabled
[2022.07.19-14.44.45:663][  0]SourceControl: Source control is disabled
[2022.07.19-14.44.45:670][  0]SourceControl: Source control is disabled
[2022.07.19-14.44.45:685][  0]SourceControl: Source control is disabled
[2022.07.19-14.44.46:187][  0]LogAndroidPermission: UAndroidPermissionCallbackProxy::GetInstance
[2022.07.19-14.44.46:231][  0]LogAudioCaptureCore: Display: No Audio Capture implementations found. Audio input will be silent.
[2022.07.19-14.44.46:231][  0]LogAudioCaptureCore: Display: No Audio Capture implementations found. Audio input will be silent.
[2022.07.19-14.44.46:307][  0]LogOcInput: OculusInput pre-init called
[2022.07.19-14.44.46:322][  0]LogWindows: Failed to load 'OVRPlugin.dll' (GetLastError=126)
[2022.07.19-14.44.46:322][  0]LogWindows: File 'OVRPlugin.dll' does not exist
[2022.07.19-14.44.46:398][  0]LogEngine: Initializing Engine...
[2022.07.19-14.44.46:399][  0]LogHMD: Failed to initialize OpenVR with code 110
[2022.07.19-14.44.46:399][  0]LogMagicLeap: Warning: VR disabled because ZI is not enabled.  To enable, in the editor, Edit -> Project Settings -> Plugins -> Magic Leap Plugin -> Enable Zero Iteration
[2022.07.19-14.44.46:400][  0]LogStats: UGameplayTagsManager::InitializeManager -  0.000 s
[2022.07.19-14.44.46:473][  0]LogInit: Initializing FReadOnlyCVARCache
[2022.07.19-14.44.46:483][  0]LogAIModule: Creating AISystem for world Untitled
[2022.07.19-14.44.46:483][  0]LogAISub: UAISubsystem::UAISubsystem EnvQueryManager (0000017AD82F7C00), frame # 0
[2022.07.19-14.44.46:483][  0]LogAISub: UAISubsystem::UAISubsystem AIPerceptionSystem (0000017AD8303B00), frame # 0
[2022.07.19-14.44.46:496][  0]LogAudioMixer: Display: Audio Mixer Platform Settings:
[2022.07.19-14.44.46:497][  0]LogAudioMixer: Display: 	Sample Rate:						  48000
[2022.07.19-14.44.46:497][  0]LogAudioMixer: Display: 	Callback Buffer Frame Size Requested: 1024
[2022.07.19-14.44.46:497][  0]LogAudioMixer: Display: 	Callback Buffer Frame Size To Use:	  1024
[2022.07.19-14.44.46:497][  0]LogAudioMixer: Display: 	Number of buffers to queue:			  2
[2022.07.19-14.44.46:497][  0]LogAudioMixer: Display: 	Max Channels (voices):				  32
[2022.07.19-14.44.46:497][  0]LogAudioMixer: Display: 	Number of Async Source Workers:		  0
[2022.07.19-14.44.46:497][  0]LogAudio: Display: AudioDevice MaxSources: 32
[2022.07.19-14.44.46:497][  0]LogAudio: Display: Using built-in audio occlusion.
[2022.07.19-14.44.46:497][  0]LogAudioMixer: Display: Initializing audio mixer.
[2022.07.19-14.44.46:508][  0]LogAudioMixer: Display: 0: FrontLeft
[2022.07.19-14.44.46:508][  0]LogAudioMixer: Display: 1: FrontRight
[2022.07.19-14.44.46:542][  0]LogAudioMixer: Display: Using Audio Device 扬声器 (USBAudio2.0)
[2022.07.19-14.44.46:543][  0]LogAudioMixer: Display: Initializing Sound Submixes...
[2022.07.19-14.44.46:544][  0]LogAudioMixer: Display: Creating Master Submix 'MasterSubmixDefault'
[2022.07.19-14.44.46:544][  0]LogAudioMixer: Display: Creating Master Submix 'MasterReverbSubmixDefault'
[2022.07.19-14.44.46:545][  0]LogAudioMixer: Display: Creating Master Submix 'MasterEQSubmixDefault'
[2022.07.19-14.44.46:547][  0]LogInit: FAudioDevice initialized.
[2022.07.19-14.44.46:547][  0]LogNetVersion: Set ProjectVersion to 1.0.0.0. Version Checksum will be recalculated on next use.
[2022.07.19-14.44.46:573][  0]LogDerivedDataCache: Saved boot cache 0.03s 76MB C:/Users/admin/AppData/Local/UnrealEngine/4.25/DerivedDataCache/Boot.ddc.
[2022.07.19-14.44.46:574][  0]LogInit: Texture streaming: Enabled
[2022.07.19-14.44.46:600][  0]LogEngineSessionManager: EngineSessionManager initialized
[2022.07.19-14.44.46:600][  0]LogEngineSessionManager: EngineSessionManager sent abnormal shutdown report. Type=Debugger, SessionId={8C45A51B-4F9A-2A3B-D77D-B6BCFDA38760}
[2022.07.19-14.44.46:600][  0]LogEditorSessionSummary: Verbose: Initializing EditorSessionSummaryWriter for editor session tracking
[2022.07.19-14.44.46:601][  0]LogEditorSessionSummary: EditorSessionSummaryWriter initialized
[2022.07.19-14.44.46:629][  0]LogInit: Transaction tracking system initialized
[2022.07.19-14.44.46:675][  0]BlueprintLog: New page: Editor Load
[2022.07.19-14.44.46:821][  0]LocalizationService: Localization service is disabled
[2022.07.19-14.44.47:195][  0]LogCook: Display: Max memory allowance for cook 16384mb min free memory 0mb
[2022.07.19-14.44.47:195][  0]LogFileCache: Scanning file cache for directory 'I:/githubProject/ActionRoguelike/ActionRoguelike/Content/' took 0.00s
[2022.07.19-14.44.47:195][  0]LogCook: Display: Mobile HDR setting 1
[2022.07.19-14.44.47:607][  0]SourceControl: Source control is disabled
[2022.07.19-14.44.47:607][  0]LogUnrealEdMisc: Loading editor; pre map load, took 6.195
[2022.07.19-14.44.47:607][  0]Cmd: MAP LOAD FILE="../../../Engine/Content/Maps/Templates/Template_Default.umap" TEMPLATE=1 SHOWPROGRESS=1 FEATURELEVEL=3
[2022.07.19-14.44.47:608][  0]LightingResults: New page: Lighting Build
[2022.07.19-14.44.47:608][  0]LogWorld: UWorld::CleanupWorld for Untitled, bSessionEnded=true, bCleanupResources=true
[2022.07.19-14.44.47:608][  0]LogSlate: InvalidateAllWidgets triggered.  All widgets were invalidated
[2022.07.19-14.44.47:608][  0]MapCheck: New page: Map Check
[2022.07.19-14.44.47:608][  0]LightingResults: New page: Lighting Build
[2022.07.19-14.44.47:621][  0]LogAISub: UAISubsystem::~UAISubsystem EnvQueryManager (0000017AD82F7C00), frame # 0
[2022.07.19-14.44.47:621][  0]LogAISub: UAISubsystem::~UAISubsystem AIPerceptionSystem (0000017AD8303B00), frame # 0
[2022.07.19-14.44.47:621][  0]LogUObjectHash: Compacting FUObjectHashTables data took   0.40ms
[2022.07.19-14.44.47:662][  0]LogAIModule: Creating AISystem for world Untitled_1
[2022.07.19-14.44.47:662][  0]LogAISub: UAISubsystem::UAISubsystem EnvQueryManager (0000017AC797E000), frame # 0
[2022.07.19-14.44.47:662][  0]LogAISub: UAISubsystem::UAISubsystem AIPerceptionSystem (0000017AC7E81A80), frame # 0
[2022.07.19-14.44.47:668][  0]LogEditorServer: Finished looking for orphan Actors (0.000 secs)
[2022.07.19-14.44.47:679][  0]LogUObjectHash: Compacting FUObjectHashTables data took   0.50ms
[2022.07.19-14.44.47:679][  0]Cmd: MAP CHECKDEP NOCLEARLOG
[2022.07.19-14.44.47:679][  0]MapCheck: Map check complete: 0 Error(s), 0 Warning(s), took 0.129ms to complete.
[2022.07.19-14.44.47:680][  0]LogFileHelpers: Loading map 'Template_Default' took 0.072
[2022.07.19-14.44.47:681][  0]LogUnrealEdMisc: Total Editor Startup Time, took 6.268
[2022.07.19-14.44.47:798][  0]LogSlate: Updating window title bar state: overlay mode, drag disabled, window buttons hidden, title bar hidden
[2022.07.19-14.44.47:803][  0]LogSlate: Updating window title bar state: overlay mode, drag disabled, window buttons hidden, title bar hidden
[2022.07.19-14.44.47:807][  0]LogSlate: Updating window title bar state: overlay mode, drag disabled, window buttons hidden, title bar hidden
[2022.07.19-14.44.47:811][  0]LogSlate: Updating window title bar state: overlay mode, drag disabled, window buttons hidden, title bar hidden
[2022.07.19-14.44.47:820][  0]LogCollectionManager: Loaded 0 collections in 0.000534 seconds
[2022.07.19-14.44.47:833][  0]LogFileCache: Scanning file cache for directory 'I:/githubProject/ActionRoguelike/ActionRoguelike/Saved/Collections/' took 0.00s
[2022.07.19-14.44.47:833][  0]LogFileCache: Scanning file cache for directory 'I:/githubProject/ActionRoguelike/ActionRoguelike/Content/Developers/admin/Collections/' took 0.00s
[2022.07.19-14.44.47:833][  0]LogFileCache: Scanning file cache for directory 'I:/githubProject/ActionRoguelike/ActionRoguelike/Content/Collections/' took 0.00s
[2022.07.19-14.44.47:833][  0]LogContentBrowser: Native class hierarchy populated in 0.0063 seconds. Added 3429 classes and 824 folders.
[2022.07.19-14.44.47:834][  0]LogContentBrowser: Native class hierarchy updated for 'WidgetCarousel' in 0.0002 seconds. Added 0 classes and 0 folders.
[2022.07.19-14.44.47:860][  0]LogContentBrowser: Native class hierarchy updated for 'AddContentDialog' in 0.0002 seconds. Added 0 classes and 0 folders.
[2022.07.19-14.44.47:861][  0]LogContentBrowser: Native class hierarchy updated for 'SceneOutliner' in 0.0002 seconds. Added 2 classes and 0 folders.
[2022.07.19-14.44.47:895][  0]LogSlate: Took 0.000122 seconds to synchronously load lazily loaded font '../../../Engine/Content/Slate/Fonts/Roboto-Regular.ttf' (155K)
[2022.07.19-14.44.47:896][  0]LogSlate: Took 0.000094 seconds to synchronously load lazily loaded font '../../../Engine/Content/Slate/Fonts/Roboto-Bold.ttf' (160K)
[2022.07.19-14.44.47:900][  0]LogSlate: Took 0.000091 seconds to synchronously load lazily loaded font '../../../Engine/Content/Editor/Slate/Fonts/FontAwesome.ttf' (139K)
[2022.07.19-14.44.47:942][  0]LogRenderer: Reallocating scene render targets to support 1292x648 Format 10 NumSamples 1 (Frame:1).
[2022.07.19-14.44.48:016][  0]LogContentBrowser: Native class hierarchy updated for 'HierarchicalLODOutliner' in 0.0002 seconds. Added 0 classes and 0 folders.
[2022.07.19-14.44.48:016][  0]LogLoad: (Engine Initialization) Total time: 6.60 seconds
[2022.07.19-14.44.48:016][  0]LogLoad: (Engine Initialization) Total Blueprint compile time: 0.00 seconds
[2022.07.19-14.44.48:041][  0]LogAssetRegistry: Asset discovery search completed in 3.8141 seconds
[2022.07.19-14.44.48:044][  0]LogCollectionManager: Fixed up redirectors for 0 collections in 0.000002 seconds (updated 0 objects)
[2022.07.19-14.44.48:045][  0]LogContentStreaming: Texture pool size now 1000 MB
[2022.07.19-14.44.48:060][  0]LogSlate: Took 0.000063 seconds to synchronously load lazily loaded font '../../../Engine/Content/Slate/Fonts/Roboto-Light.ttf' (167K)
[2022.07.19-14.44.50:349][147]LogRenderer: Reallocating scene render targets to support 1292x676 Format 10 NumSamples 1 (Frame:151).
[2022.07.19-14.45.03:430][715]LogEditorViewport: Clicking on Actor (LMB): PlayerStart (Player Start)
[2022.07.19-14.45.10:195][520]LogSlate: Took 0.000110 seconds to synchronously load lazily loaded font '../../../Engine/Content/Slate/Fonts/Roboto-Light.ttf' (167K)
[2022.07.19-14.45.10:238][520]LogAssetEditorSubsystem: Opening Asset editor for World /Game/ActionRoguelike/Maps/testmap.testmap
[2022.07.19-14.45.10:249][520]LogUObjectHash: Compacting FUObjectHashTables data took   0.38ms
[2022.07.19-14.45.10:250][520]Cmd: MAP LOAD FILE="../../../../../githubProject/ActionRoguelike/ActionRoguelike/Content/ActionRoguelike/Maps/testmap.umap" TEMPLATE=0 SHOWPROGRESS=1 FEATURELEVEL=3
[2022.07.19-14.45.10:250][520]LightingResults: New page: Lighting Build
[2022.07.19-14.45.10:250][520]LoadErrors: New page: Loading map: testmap.umap
[2022.07.19-14.45.10:274][520]LogWorld: UWorld::CleanupWorld for Untitled_1, bSessionEnded=true, bCleanupResources=true
[2022.07.19-14.45.10:274][520]LogSlate: InvalidateAllWidgets triggered.  All widgets were invalidated
[2022.07.19-14.45.10:274][520]MapCheck: New page: Map Check
[2022.07.19-14.45.10:274][520]LightingResults: New page: Lighting Build
[2022.07.19-14.45.10:284][520]LogAISub: UAISubsystem::~UAISubsystem EnvQueryManager (0000017AC797E000), frame # 2520
[2022.07.19-14.45.10:285][520]LogAISub: UAISubsystem::~UAISubsystem AIPerceptionSystem (0000017AC7E81A80), frame # 2520
[2022.07.19-14.45.10:285][520]LogUObjectHash: Compacting FUObjectHashTables data took   0.38ms
[2022.07.19-14.45.10:290][520]LogEditorServer: Finished looking for orphan Actors (0.000 secs)
[2022.07.19-14.45.10:290][520]LogAIModule: Creating AISystem for world testmap
[2022.07.19-14.45.10:290][520]LogAISub: UAISubsystem::UAISubsystem EnvQueryManager (0000017AC797FC00), frame # 2520
[2022.07.19-14.45.10:290][520]LogAISub: UAISubsystem::UAISubsystem AIPerceptionSystem (0000017AC7E80E00), frame # 2520
[2022.07.19-14.45.10:300][520]LogUObjectHash: Compacting FUObjectHashTables data took   0.37ms
[2022.07.19-14.45.10:309][520]Cmd: MAP CHECKDEP NOCLEARLOG
[2022.07.19-14.45.10:309][520]MapCheck: Map check complete: 0 Error(s), 0 Warning(s), took 0.079ms to complete.
[2022.07.19-14.45.10:309][520]LogFileHelpers: Loading map 'testmap' took 0.059
[2022.07.19-14.48.48:084][461]LogHttp: Warning: 0000017AE2934100: invalid HTTP response code received. URL: https://datarouter.ol.epicgames.com/datarouter/api/v1/public/data?SessionID=%7B2D5DC311-42A5-AF48-25AF-2F96C4BFF19B%7D&AppID=UEEditor.Rocket.Release&AppVersion=4.25.4-14469661%2B%2B%2BUE4%2BRelease-4.25&UserID=ee02f0b2420013ce6272f09156c0dfa1%7C9d15eed15e9f43baa3c6380e53147671%7C58991dc6-ea27-4622-8afa-0584a5920bda&AppEnvironment=datacollector-source&UploadType=eteventstream, HTTP code: 0, content length: 0, actual payload size: 0
[2022.07.19-14.48.48:084][461]LogHttp: Warning: 0000017AE2934100: request failed, libcurl error: 0 (No error)
[2022.07.19-14.48.48:084][461]LogHttp: Warning: 0000017AE2934100: libcurl info message cache 0 (Found bundle for host datarouter.ol.epicgames.com: 0x17aadafff70 [can pipeline])
[2022.07.19-14.48.48:085][461]LogHttp: Warning: 0000017AE2934100: libcurl info message cache 1 (Re-using existing connection! (#0) with proxy 127.0.0.1)
[2022.07.19-14.48.48:085][461]LogHttp: Warning: 0000017AE2934100: libcurl info message cache 2 (Connected to 127.0.0.1 (127.0.0.1) port 4780 (#0))
[2022.07.19-14.48.48:085][461]LogHttp: Warning: 0000017AE2934100: libcurl info message cache 3 (We are completely uploaded and fine)
[2022.07.19-14.48.48:085][461]LogHttp: Warning: 0000017AE2934100: libcurl info message cache 4 (Connection died, retrying a fresh connect)
[2022.07.19-14.48.48:085][461]LogHttp: Warning: 0000017AE2934100: libcurl info message cache 5 (necessary data rewind wasn't possible)
[2022.07.19-14.48.48:085][461]LogHttp: Warning: 0000017AE2934100: libcurl info message cache 6 (Closing connection 0)
[2022.07.19-14.48.48:085][461]LogHttp: Warning: 0000017AE2934100: libcurl info message cache 7 (TLSv1.2 (OUT), TLS alert, Client hello (1):)
[2022.07.19-14.48.48:094][462]LogHttp: Warning: Retry exhausted on https://datarouter.ol.epicgames.com/datarouter/api/v1/public/data?SessionID=%7B2D5DC311-42A5-AF48-25AF-2F96C4BFF19B%7D&AppID=UEEditor.Rocket.Release&AppVersion=4.25.4-14469661%2B%2B%2BUE4%2BRelease-4.25&UserID=ee02f0b2420013ce6272f09156c0dfa1%7C9d15eed15e9f43baa3c6380e53147671%7C58991dc6-ea27-4622-8afa-0584a5920bda&AppEnvironment=datacollector-source&UploadType=eteventstream
[2022.07.19-14.54.34:166][933]LogSlate: Window 'Project Settings' being destroyed
[2022.07.19-14.54.34:168][933]LogSlate: Window 'Project Settings' being destroyed
[2022.07.19-14.54.35:816][120]LogTemp: Repeating last play command: Selected Viewport
[2022.07.19-14.54.35:822][120]LogPlayLevel: PlayLevel: No blueprints needed recompiling
[2022.07.19-14.54.35:822][120]PIE: New page: PIE session: testmap (2022年7月20日 上午6:54:35)
[2022.07.19-14.54.35:824][120]LogOnline: OSS: Creating online subsystem instance for: NULL
[2022.07.19-14.54.35:826][120]LogOnline: OSS: TryLoadSubsystemAndSetDefault: Loaded subsystem for module [NULL]
[2022.07.19-14.54.35:826][120]LogPlayLevel: Creating play world package: /Game/ActionRoguelike/Maps/UEDPIE_0_testmap
[2022.07.19-14.54.35:827][120]LogPlayLevel: PIE: StaticDuplicateObject took: (0.001711s)
[2022.07.19-14.54.35:828][120]LogAIModule: Creating AISystem for world testmap
[2022.07.19-14.54.35:828][120]LogAISub: UAISubsystem::UAISubsystem EnvQueryManager (0000017A86DF8A00), frame # 69120
[2022.07.19-14.54.35:828][120]LogAISub: UAISubsystem::UAISubsystem AIPerceptionSystem (0000017A81655800), frame # 69120
[2022.07.19-14.54.35:829][120]LogPlayLevel: PIE: World Init took: (0.001036s)
[2022.07.19-14.54.35:829][120]LogPlayLevel: PIE: Created PIE world by copying editor world from /Game/ActionRoguelike/Maps/testmap.testmap to /Game/ActionRoguelike/Maps/UEDPIE_0_testmap.testmap (0.002933s)
[2022.07.19-14.54.35:839][120]LogUObjectHash: Compacting FUObjectHashTables data took   0.38ms
[2022.07.19-14.54.35:840][120]LogAudioMixer: Display: Audio Mixer Platform Settings:
[2022.07.19-14.54.35:840][120]LogAudioMixer: Display: 	Sample Rate:						  48000
[2022.07.19-14.54.35:840][120]LogAudioMixer: Display: 	Callback Buffer Frame Size Requested: 1024
[2022.07.19-14.54.35:840][120]LogAudioMixer: Display: 	Callback Buffer Frame Size To Use:	  1024
[2022.07.19-14.54.35:841][120]LogAudioMixer: Display: 	Number of buffers to queue:			  2
[2022.07.19-14.54.35:841][120]LogAudioMixer: Display: 	Max Channels (voices):				  32
[2022.07.19-14.54.35:841][120]LogAudioMixer: Display: 	Number of Async Source Workers:		  0
[2022.07.19-14.54.35:841][120]LogAudio: Display: AudioDevice MaxSources: 32
[2022.07.19-14.54.35:841][120]LogAudio: Display: Using built-in audio occlusion.
[2022.07.19-14.54.35:841][120]LogAudioMixer: Display: Initializing audio mixer.
[2022.07.19-14.54.35:843][120]LogAudioMixer: Display: 0: FrontLeft
[2022.07.19-14.54.35:843][120]LogAudioMixer: Display: 1: FrontRight
[2022.07.19-14.54.35:864][120]LogAudioMixer: Display: Using Audio Device 扬声器 (USBAudio2.0)
[2022.07.19-14.54.35:865][120]LogAudioMixer: Display: Initializing Sound Submixes...
[2022.07.19-14.54.35:865][120]LogAudioMixer: Display: Creating Master Submix 'MasterSubmixDefault'
[2022.07.19-14.54.35:865][120]LogAudioMixer: Display: Creating Master Submix 'MasterReverbSubmixDefault'
[2022.07.19-14.54.35:865][120]LogAudioMixer: Display: Creating Master Submix 'MasterEQSubmixDefault'
[2022.07.19-14.54.35:874][120]LogInit: FAudioDevice initialized.
[2022.07.19-14.54.35:883][120]LogLoad: Game class is 'GameModeBase'
[2022.07.19-14.54.35:884][120]LogWorld: Bringing World /Game/ActionRoguelike/Maps/UEDPIE_0_testmap.testmap up for play (max tick rate 0) at 2022.07.19-22.54.35
[2022.07.19-14.54.35:884][120]LogWorld: Bringing up level for play took: 0.000726
[2022.07.19-14.54.35:884][120]LogOnline: OSS: Creating online subsystem instance for: :Context_2
[2022.07.19-14.54.35:887][120]LogContentBrowser: Native class hierarchy updated for 'MovieSceneCapture' in 0.0003 seconds. Added 20 classes and 0 folders.
[2022.07.19-14.54.35:888][120]PIE: Server logged in
[2022.07.19-14.54.35:889][120]PIE: Play in editor total start time 0.067 seconds.
[2022.07.19-14.54.52:152][ 67]LogSlate: Updating window title bar state: overlay mode, drag disabled, window buttons hidden, title bar hidden
[2022.07.19-14.54.52:152][ 67]LogWorld: BeginTearingDown for /Game/ActionRoguelike/Maps/UEDPIE_0_testmap
[2022.07.19-14.54.52:153][ 67]LogWorld: UWorld::CleanupWorld for testmap, bSessionEnded=true, bCleanupResources=true
[2022.07.19-14.54.52:153][ 67]LogSlate: InvalidateAllWidgets triggered.  All widgets were invalidated
[2022.07.19-14.54.52:167][ 67]LogPlayLevel: Display: Shutting down PIE online subsystems
[2022.07.19-14.54.52:168][ 67]LogSlate: InvalidateAllWidgets triggered.  All widgets were invalidated
[2022.07.19-14.54.52:200][ 67]LogSlate: Updating window title bar state: overlay mode, drag disabled, window buttons hidden, title bar hidden
[2022.07.19-14.54.52:201][ 67]LogAISub: UAISubsystem::~UAISubsystem EnvQueryManager (0000017A86DF8A00), frame # 71067
[2022.07.19-14.54.52:201][ 67]LogAISub: UAISubsystem::~UAISubsystem AIPerceptionSystem (0000017A81655800), frame # 71067
[2022.07.19-14.54.52:202][ 67]LogUObjectHash: Compacting FUObjectHashTables data took   0.37ms
[2022.07.19-14.54.52:233][ 69]LogPlayLevel: Display: Destroying online subsystem :Context_2
[2022.07.19-14.55.04:172][472]LogTemp: Repeating last play command: Selected Viewport
[2022.07.19-14.55.04:178][472]LogPlayLevel: PlayLevel: No blueprints needed recompiling
[2022.07.19-14.55.04:178][472]PIE: New page: PIE session: testmap (2022年7月20日 上午6:55:04)
[2022.07.19-14.55.04:213][472]LogPlayLevel: Creating play world package: /Game/ActionRoguelike/Maps/UEDPIE_0_testmap
[2022.07.19-14.55.04:214][472]LogPlayLevel: PIE: StaticDuplicateObject took: (0.001457s)
[2022.07.19-14.55.04:215][472]LogAIModule: Creating AISystem for world testmap
[2022.07.19-14.55.04:215][472]LogAISub: UAISubsystem::UAISubsystem EnvQueryManager (0000017A8D631A00), frame # 72472
[2022.07.19-14.55.04:215][472]LogAISub: UAISubsystem::UAISubsystem AIPerceptionSystem (0000017A81656340), frame # 72472
[2022.07.19-14.55.04:216][472]LogPlayLevel: PIE: World Init took: (0.001368s)
[2022.07.19-14.55.04:216][472]LogPlayLevel: PIE: Created PIE world by copying editor world from /Game/ActionRoguelike/Maps/testmap.testmap to /Game/ActionRoguelike/Maps/UEDPIE_0_testmap.testmap (0.003270s)
[2022.07.19-14.55.04:226][472]LogUObjectHash: Compacting FUObjectHashTables data took   0.33ms
[2022.07.19-14.55.04:228][472]LogAudioMixer: Display: Audio Mixer Platform Settings:
[2022.07.19-14.55.04:228][472]LogAudioMixer: Display: 	Sample Rate:						  48000
[2022.07.19-14.55.04:228][472]LogAudioMixer: Display: 	Callback Buffer Frame Size Requested: 1024
[2022.07.19-14.55.04:228][472]LogAudioMixer: Display: 	Callback Buffer Frame Size To Use:	  1024
[2022.07.19-14.55.04:228][472]LogAudioMixer: Display: 	Number of buffers to queue:			  2
[2022.07.19-14.55.04:228][472]LogAudioMixer: Display: 	Max Channels (voices):				  32
[2022.07.19-14.55.04:228][472]LogAudioMixer: Display: 	Number of Async Source Workers:		  0
[2022.07.19-14.55.04:229][472]LogAudio: Display: AudioDevice MaxSources: 32
[2022.07.19-14.55.04:229][472]LogAudio: Display: Using built-in audio occlusion.
[2022.07.19-14.55.04:229][472]LogAudioMixer: Display: Initializing audio mixer.
[2022.07.19-14.55.04:231][472]LogAudioMixer: Display: 0: FrontLeft
[2022.07.19-14.55.04:231][472]LogAudioMixer: Display: 1: FrontRight
[2022.07.19-14.55.04:250][472]LogAudioMixer: Display: Using Audio Device 扬声器 (USBAudio2.0)
[2022.07.19-14.55.04:250][472]LogAudioMixer: Display: Initializing Sound Submixes...
[2022.07.19-14.55.04:250][472]LogAudioMixer: Display: Creating Master Submix 'MasterSubmixDefault'
[2022.07.19-14.55.04:250][472]LogAudioMixer: Display: Creating Master Submix 'MasterReverbSubmixDefault'
[2022.07.19-14.55.04:251][472]LogAudioMixer: Display: Creating Master Submix 'MasterEQSubmixDefault'
[2022.07.19-14.55.04:259][472]LogInit: FAudioDevice initialized.
[2022.07.19-14.55.04:265][472]LogLoad: Game class is 'GameModeBase'
[2022.07.19-14.55.04:266][472]LogWorld: Bringing World /Game/ActionRoguelike/Maps/UEDPIE_0_testmap.testmap up for play (max tick rate 0) at 2022.07.19-22.55.04
[2022.07.19-14.55.04:266][472]LogWorld: Bringing up level for play took: 0.000558
[2022.07.19-14.55.04:267][472]LogOnline: OSS: Creating online subsystem instance for: :Context_3
[2022.07.19-14.55.04:269][472]PIE: Server logged in
[2022.07.19-14.55.04:270][472]PIE: Play in editor total start time 0.092 seconds.
[2022.07.19-14.55.09:872][140]LogSlate: Updating window title bar state: overlay mode, drag disabled, window buttons hidden, title bar hidden
[2022.07.19-14.55.09:872][140]LogWorld: BeginTearingDown for /Game/ActionRoguelike/Maps/UEDPIE_0_testmap
[2022.07.19-14.55.09:873][140]LogWorld: UWorld::CleanupWorld for testmap, bSessionEnded=true, bCleanupResources=true
[2022.07.19-14.55.09:873][140]LogSlate: InvalidateAllWidgets triggered.  All widgets were invalidated
[2022.07.19-14.55.09:885][140]LogPlayLevel: Display: Shutting down PIE online subsystems
[2022.07.19-14.55.09:886][140]LogSlate: InvalidateAllWidgets triggered.  All widgets were invalidated
[2022.07.19-14.55.09:896][140]LogSlate: Updating window title bar state: overlay mode, drag disabled, window buttons hidden, title bar hidden
[2022.07.19-14.55.09:920][140]LogAISub: UAISubsystem::~UAISubsystem AIPerceptionSystem (0000017A81656340), frame # 73140
[2022.07.19-14.55.09:920][140]LogAISub: UAISubsystem::~UAISubsystem EnvQueryManager (0000017A8D631A00), frame # 73140
[2022.07.19-14.55.09:921][140]LogUObjectHash: Compacting FUObjectHashTables data took   0.37ms
[2022.07.19-14.55.09:954][142]LogPlayLevel: Display: Destroying online subsystem :Context_3
[2022.07.19-14.55.48:091][585]LogHttp: Warning: 0000017A8E31D600: invalid HTTP response code received. URL: https://datarouter.ol.epicgames.com/datarouter/api/v1/public/data?SessionID=%7B2D5DC311-42A5-AF48-25AF-2F96C4BFF19B%7D&AppID=UEEditor.Rocket.Release&AppVersion=4.25.4-14469661%2B%2B%2BUE4%2BRelease-4.25&UserID=ee02f0b2420013ce6272f09156c0dfa1%7C9d15eed15e9f43baa3c6380e53147671%7C58991dc6-ea27-4622-8afa-0584a5920bda&AppEnvironment=datacollector-source&UploadType=eteventstream, HTTP code: 0, content length: 0, actual payload size: 0
[2022.07.19-14.55.48:091][585]LogHttp: Warning: 0000017A8E31D600: request failed, libcurl error: 0 (No error)
[2022.07.19-14.55.48:091][585]LogHttp: Warning: 0000017A8E31D600: libcurl info message cache 0 (Found bundle for host datarouter.ol.epicgames.com: 0x17aadafff70 [can pipeline])
[2022.07.19-14.55.48:092][585]LogHttp: Warning: 0000017A8E31D600: libcurl info message cache 1 (Re-using existing connection! (#2) with proxy 127.0.0.1)
[2022.07.19-14.55.48:092][585]LogHttp: Warning: 0000017A8E31D600: libcurl info message cache 2 (Connected to 127.0.0.1 (127.0.0.1) port 4780 (#2))
[2022.07.19-14.55.48:092][585]LogHttp: Warning: 0000017A8E31D600: libcurl info message cache 3 (We are completely uploaded and fine)
[2022.07.19-14.55.48:092][585]LogHttp: Warning: 0000017A8E31D600: libcurl info message cache 4 (Connection died, retrying a fresh connect)
[2022.07.19-14.55.48:092][585]LogHttp: Warning: 0000017A8E31D600: libcurl info message cache 5 (necessary data rewind wasn't possible)
[2022.07.19-14.55.48:092][585]LogHttp: Warning: 0000017A8E31D600: libcurl info message cache 6 (Closing connection 2)
[2022.07.19-14.55.48:092][585]LogHttp: Warning: 0000017A8E31D600: libcurl info message cache 7 (TLSv1.2 (OUT), TLS alert, Client hello (1):)
[2022.07.19-14.55.48:101][586]LogHttp: Warning: Retry exhausted on https://datarouter.ol.epicgames.com/datarouter/api/v1/public/data?SessionID=%7B2D5DC311-42A5-AF48-25AF-2F96C4BFF19B%7D&AppID=UEEditor.Rocket.Release&AppVersion=4.25.4-14469661%2B%2B%2BUE4%2BRelease-4.25&UserID=ee02f0b2420013ce6272f09156c0dfa1%7C9d15eed15e9f43baa3c6380e53147671%7C58991dc6-ea27-4622-8afa-0584a5920bda&AppEnvironment=datacollector-source&UploadType=eteventstream
[2022.07.19-14.56.46:989][520]LogSlate: Window 'Project Settings' being destroyed
[2022.07.19-14.56.46:993][520]LogSlate: Window 'Project Settings' being destroyed
[2022.07.19-14.56.48:958][749]LogAssetEditorSubsystem: Opening Asset editor for World /Game/ActionRoguelike/Maps/testmap.testmap
[2022.07.19-14.56.48:968][749]LogUObjectHash: Compacting FUObjectHashTables data took   0.38ms
[2022.07.19-14.56.48:970][749]Cmd: MAP LOAD FILE="../../../../../githubProject/ActionRoguelike/ActionRoguelike/Content/ActionRoguelike/Maps/testmap.umap" TEMPLATE=0 SHOWPROGRESS=1 FEATURELEVEL=3
[2022.07.19-14.56.48:970][749]LightingResults: New page: Lighting Build
[2022.07.19-14.56.48:970][749]LoadErrors: New page: Loading map: testmap.umap
[2022.07.19-14.56.49:001][749]LogWorld: UWorld::CleanupWorld for testmap, bSessionEnded=true, bCleanupResources=true
[2022.07.19-14.56.49:002][749]LogSlate: InvalidateAllWidgets triggered.  All widgets were invalidated
[2022.07.19-14.56.49:002][749]MapCheck: New page: Map Check
[2022.07.19-14.56.49:002][749]LightingResults: New page: Lighting Build
[2022.07.19-14.56.49:011][749]LogAISub: UAISubsystem::~UAISubsystem AIPerceptionSystem (0000017AC7E80E00), frame # 84749
[2022.07.19-14.56.49:011][749]LogAISub: UAISubsystem::~UAISubsystem EnvQueryManager (0000017AC797FC00), frame # 84749
[2022.07.19-14.56.49:012][749]LogUObjectHash: Compacting FUObjectHashTables data took   0.43ms
[2022.07.19-14.56.49:016][749]LogAIModule: Creating AISystem for world testmap
[2022.07.19-14.56.49:016][749]LogAISub: UAISubsystem::UAISubsystem EnvQueryManager (0000017A816ED600), frame # 84749
[2022.07.19-14.56.49:017][749]LogAISub: UAISubsystem::UAISubsystem AIPerceptionSystem (0000017A88045F80), frame # 84749
[2022.07.19-14.56.49:018][749]LogEditorServer: Finished looking for orphan Actors (0.000 secs)
[2022.07.19-14.56.49:029][749]LogUObjectHash: Compacting FUObjectHashTables data took   0.61ms
[2022.07.19-14.56.49:039][749]Cmd: MAP CHECKDEP NOCLEARLOG
[2022.07.19-14.56.49:040][749]MapCheck: Map check complete: 0 Error(s), 0 Warning(s), took 0.068ms to complete.
[2022.07.19-14.56.49:040][749]LogFileHelpers: Loading map 'testmap' took 0.071
[2022.07.19-14.56.50:911][966]LogTemp: Repeating last play command: Selected Viewport
[2022.07.19-14.56.50:917][966]LogPlayLevel: PlayLevel: No blueprints needed recompiling
[2022.07.19-14.56.50:917][966]PIE: New page: PIE session: testmap (2022年7月20日 上午6:56:50)
[2022.07.19-14.56.50:942][966]LogPlayLevel: Creating play world package: /Game/ActionRoguelike/Maps/UEDPIE_0_testmap
[2022.07.19-14.56.50:943][966]LogPlayLevel: PIE: StaticDuplicateObject took: (0.001480s)
[2022.07.19-14.56.50:944][966]LogAIModule: Creating AISystem for world testmap
[2022.07.19-14.56.50:944][966]LogAISub: UAISubsystem::UAISubsystem EnvQueryManager (0000017A8152EE00), frame # 84966
[2022.07.19-14.56.50:944][966]LogAISub: UAISubsystem::UAISubsystem AIPerceptionSystem (0000017A86169A80), frame # 84966
[2022.07.19-14.56.50:945][966]LogPlayLevel: PIE: World Init took: (0.001104s)
[2022.07.19-14.56.50:945][966]LogPlayLevel: PIE: Created PIE world by copying editor world from /Game/ActionRoguelike/Maps/testmap.testmap to /Game/ActionRoguelike/Maps/UEDPIE_0_testmap.testmap (0.002997s)
[2022.07.19-14.56.50:955][966]LogUObjectHash: Compacting FUObjectHashTables data took   0.31ms
[2022.07.19-14.56.50:956][966]LogAudioMixer: Display: Audio Mixer Platform Settings:
[2022.07.19-14.56.50:956][966]LogAudioMixer: Display: 	Sample Rate:						  48000
[2022.07.19-14.56.50:956][966]LogAudioMixer: Display: 	Callback Buffer Frame Size Requested: 1024
[2022.07.19-14.56.50:956][966]LogAudioMixer: Display: 	Callback Buffer Frame Size To Use:	  1024
[2022.07.19-14.56.50:956][966]LogAudioMixer: Display: 	Number of buffers to queue:			  2
[2022.07.19-14.56.50:956][966]LogAudioMixer: Display: 	Max Channels (voices):				  32
[2022.07.19-14.56.50:956][966]LogAudioMixer: Display: 	Number of Async Source Workers:		  0
[2022.07.19-14.56.50:956][966]LogAudio: Display: AudioDevice MaxSources: 32
[2022.07.19-14.56.50:957][966]LogAudio: Display: Using built-in audio occlusion.
[2022.07.19-14.56.50:957][966]LogAudioMixer: Display: Initializing audio mixer.
[2022.07.19-14.56.50:959][966]LogAudioMixer: Display: 0: FrontLeft
[2022.07.19-14.56.50:959][966]LogAudioMixer: Display: 1: FrontRight
[2022.07.19-14.56.50:980][966]LogAudioMixer: Display: Using Audio Device 扬声器 (USBAudio2.0)
[2022.07.19-14.56.50:980][966]LogAudioMixer: Display: Initializing Sound Submixes...
[2022.07.19-14.56.50:980][966]LogAudioMixer: Display: Creating Master Submix 'MasterSubmixDefault'
[2022.07.19-14.56.50:980][966]LogAudioMixer: Display: Creating Master Submix 'MasterReverbSubmixDefault'
[2022.07.19-14.56.50:980][966]LogAudioMixer: Display: Creating Master Submix 'MasterEQSubmixDefault'
[2022.07.19-14.56.50:989][966]LogInit: FAudioDevice initialized.
[2022.07.19-14.56.51:000][966]LogLoad: Game class is 'GameModeBase'
[2022.07.19-14.56.51:000][966]LogWorld: Bringing World /Game/ActionRoguelike/Maps/UEDPIE_0_testmap.testmap up for play (max tick rate 0) at 2022.07.19-22.56.51
[2022.07.19-14.56.51:000][966]LogWorld: Bringing up level for play took: 0.000506
[2022.07.19-14.56.51:001][966]LogOnline: OSS: Creating online subsystem instance for: :Context_4
[2022.07.19-14.56.51:003][966]PIE: Server logged in
[2022.07.19-14.56.51:004][966]PIE: Play in editor total start time 0.087 seconds.
[2022.07.19-14.56.57:752][772]LogSlate: Updating window title bar state: overlay mode, drag disabled, window buttons hidden, title bar hidden
[2022.07.19-14.56.57:752][772]LogWorld: BeginTearingDown for /Game/ActionRoguelike/Maps/UEDPIE_0_testmap
[2022.07.19-14.56.57:753][772]LogWorld: UWorld::CleanupWorld for testmap, bSessionEnded=true, bCleanupResources=true
[2022.07.19-14.56.57:753][772]LogSlate: InvalidateAllWidgets triggered.  All widgets were invalidated
[2022.07.19-14.56.57:761][772]LogPlayLevel: Display: Shutting down PIE online subsystems
[2022.07.19-14.56.57:762][772]LogSlate: InvalidateAllWidgets triggered.  All widgets were invalidated
[2022.07.19-14.56.57:793][772]LogSlate: Updating window title bar state: overlay mode, drag disabled, window buttons hidden, title bar hidden
[2022.07.19-14.56.57:794][772]LogAISub: UAISubsystem::~UAISubsystem AIPerceptionSystem (0000017A86169A80), frame # 85772
[2022.07.19-14.56.57:794][772]LogAISub: UAISubsystem::~UAISubsystem EnvQueryManager (0000017A8152EE00), frame # 85772
[2022.07.19-14.56.57:794][772]LogUObjectHash: Compacting FUObjectHashTables data took   0.35ms
[2022.07.19-14.56.57:834][775]LogPlayLevel: Display: Destroying online subsystem :Context_4
[2022.07.19-14.58.24:495][935]LogSlate: Window 'Project Settings' being destroyed
[2022.07.19-14.58.24:499][935]LogSlate: Window 'Project Settings' being destroyed
[2022.07.19-14.58.25:319][ 31]LogUObjectHash: Compacting FUObjectHashTables data took   0.40ms
[2022.07.19-14.58.25:358][ 31]LogSlate: Window 'ActionRoguelike - Unreal Editor' being destroyed
[2022.07.19-14.58.25:446][ 32]Cmd: QUIT_EDITOR
[2022.07.19-14.58.25:446][ 32]LogCore: Engine exit requested (reason: UUnrealEdEngine::CloseEditor())
[2022.07.19-14.58.25:463][ 32]LogCore: Engine exit requested (reason: EngineExit() was called; note: exit was already requested)
[2022.07.19-14.58.25:916][ 32]LogWindowsTextInputMethodSystem: Display: IME system now activated using TSF (搜狗拼音输入法).
[2022.07.19-14.58.25:921][ 32]LogExit: Preparing to exit.
[2022.07.19-14.58.26:338][ 32]LogWorld: UWorld::CleanupWorld for World_0, bSessionEnded=true, bCleanupResources=true
[2022.07.19-14.58.26:342][ 32]LogDemo: Cleaned up 0 splitscreen connections with owner deletion
[2022.07.19-14.58.26:345][ 32]LogWorld: UWorld::CleanupWorld for None, bSessionEnded=true, bCleanupResources=true
[2022.07.19-14.58.26:345][ 32]LogExit: Editor shut down
[2022.07.19-14.58.26:345][ 32]LogExit: Transaction tracking system shut down
[2022.07.19-14.58.26:538][ 32]LogAISub: UAISubsystem::~UAISubsystem AISubsystem (0000017AD5A94380), frame # 96032
[2022.07.19-14.58.26:538][ 32]LogAISub: UAISubsystem::~UAISubsystem AIPerceptionSystem (0000017AD5A107C0), frame # 96032
[2022.07.19-14.58.26:538][ 32]LogAISub: UAISubsystem::~UAISubsystem EnvQueryManager (0000017AD5A35E00), frame # 96032
[2022.07.19-14.58.26:549][ 32]LogAISub: UAISubsystem::~UAISubsystem AIPerceptionSystem (0000017A88045F80), frame # 96032
[2022.07.19-14.58.26:550][ 32]LogAISub: UAISubsystem::~UAISubsystem EnvQueryManager (0000017A816ED600), frame # 96032
[2022.07.19-14.58.26:564][ 32]LogExit: Object subsystem successfully closed.
[2022.07.19-14.58.26:604][ 32]LogShaderCompilers: Display: Shaders left to compile 0
[2022.07.19-14.58.26:620][ 32]LogModuleManager: Shutting down and abandoning module MovieSceneCapture (800)
[2022.07.19-14.58.26:620][ 32]LogModuleManager: Shutting down and abandoning module Voice (798)
[2022.07.19-14.58.26:620][ 32]LogModuleManager: Shutting down and abandoning module ExternalImagePicker (796)
[2022.07.19-14.58.26:620][ 32]LogModuleManager: Shutting down and abandoning module HierarchicalLODOutliner (794)
[2022.07.19-14.58.26:620][ 32]LogModuleManager: Shutting down and abandoning module SceneOutliner (792)
[2022.07.19-14.58.26:621][ 32]LogModuleManager: Shutting down and abandoning module AddContentDialog (790)
[2022.07.19-14.58.26:621][ 32]LogModuleManager: Shutting down and abandoning module WidgetCarousel (789)
[2022.07.19-14.58.26:621][ 32]LogModuleManager: Shutting down and abandoning module EditorWidgets (786)
[2022.07.19-14.58.26:621][ 32]LogModuleManager: Shutting down and abandoning module CollectionManager (784)
[2022.07.19-14.58.26:621][ 32]LogModuleManager: Shutting down and abandoning module HierarchicalLODUtilities (782)
[2022.07.19-14.58.26:621][ 32]LogModuleManager: Shutting down and abandoning module StatsViewer (780)
[2022.07.19-14.58.26:621][ 32]LogModuleManager: Shutting down and abandoning module VirtualTexturingEditor (778)
[2022.07.19-14.58.26:621][ 32]LogModuleManager: Shutting down and abandoning module FoliageEdit (776)
[2022.07.19-14.58.26:621][ 32]LogModuleManager: Shutting down and abandoning module LandscapeEditor (774)
[2022.07.19-14.58.26:622][ 32]LogModuleManager: Shutting down and abandoning module MeshPaintMode (772)
[2022.07.19-14.58.26:622][ 32]LogModuleManager: Shutting down and abandoning module SceneDepthPickerMode (770)
[2022.07.19-14.58.26:622][ 32]LogModuleManager: Shutting down and abandoning module ActorPickerMode (768)
[2022.07.19-14.58.26:622][ 32]LogModuleManager: Shutting down and abandoning module PIEPreviewDeviceProfileSelector (766)
[2022.07.19-14.58.26:622][ 32]LogModuleManager: Shutting down and abandoning module SequenceRecorderSections (764)
[2022.07.19-14.58.26:623][ 32]LogModuleManager: Shutting down and abandoning module AutomationWorker (762)
[2022.07.19-14.58.26:623][ 32]LogModuleManager: Shutting down and abandoning module SteamVREditor (760)
[2022.07.19-14.58.26:623][ 32]LogModuleManager: Shutting down and abandoning module OculusMR (758)
[2022.07.19-14.58.26:623][ 32]LogModuleManager: Shutting down and abandoning module GooglePADEditor (756)
[2022.07.19-14.58.26:623][ 32]LogModuleManager: Shutting down and abandoning module AudioCaptureEditor (754)
[2022.07.19-14.58.26:623][ 32]LogModuleManager: Shutting down and abandoning module TemplateSequenceEditor (752)
[2022.07.19-14.58.26:623][ 32]LogModuleManager: Shutting down and abandoning module MatineeToLevelSequence (750)
[2022.07.19-14.58.26:623][ 32]LogModuleManager: Shutting down and abandoning module LevelSequenceEditor (748)
[2022.07.19-14.58.26:623][ 32]LogModuleManager: Shutting down and abandoning module ActorSequenceEditor (746)
[2022.07.19-14.58.26:624][ 32]LogModuleManager: Shutting down and abandoning module WmfMediaFactory (744)
[2022.07.19-14.58.26:624][ 32]LogModuleManager: Shutting down and abandoning module WmfMediaEditor (742)
[2022.07.19-14.58.26:624][ 32]LogModuleManager: Shutting down and abandoning module WebMMediaFactory (740)
[2022.07.19-14.58.26:624][ 32]LogModuleManager: Shutting down and abandoning module WebMMediaEditor (738)
[2022.07.19-14.58.26:624][ 32]LogModuleManager: Shutting down and abandoning module WebMMedia (736)
[2022.07.19-14.58.26:624][ 32]LogModuleManager: Shutting down and abandoning module MediaPlayerEditor (734)
[2022.07.19-14.58.26:624][ 32]LogModuleManager: Shutting down and abandoning module MediaCompositingEditor (732)
[2022.07.19-14.58.26:624][ 32]LogModuleManager: Shutting down and abandoning module SequenceRecorder (731)
[2022.07.19-14.58.26:624][ 32]LogModuleManager: Shutting down and abandoning module OpenExrWrapper (728)
[2022.07.19-14.58.26:624][ 32]LogModuleManager: Shutting down and abandoning module ImgMediaFactory (726)
[2022.07.19-14.58.26:624][ 32]LogModuleManager: Shutting down and abandoning module ImgMediaEditor (724)
[2022.07.19-14.58.26:624][ 32]LogModuleManager: Shutting down and abandoning module AvfMediaFactory (722)
[2022.07.19-14.58.26:624][ 32]LogModuleManager: Shutting down and abandoning module AvfMediaEditor (720)
[2022.07.19-14.58.26:624][ 32]LogModuleManager: Shutting down and abandoning module AndroidMediaFactory (718)
[2022.07.19-14.58.26:624][ 32]LogModuleManager: Shutting down and abandoning module AndroidMediaEditor (716)
[2022.07.19-14.58.26:624][ 32]LogModuleManager: Shutting down and abandoning module MagicLeapMediaCodecFactory (714)
[2022.07.19-14.58.26:624][ 32]LogModuleManager: Shutting down and abandoning module MagicLeapMediaFactory (712)
[2022.07.19-14.58.26:625][ 32]LogModuleManager: Shutting down and abandoning module MagicLeapMediaEditor (710)
[2022.07.19-14.58.26:625][ 32]LogModuleManager: Shutting down and abandoning module PlanarCut (708)
[2022.07.19-14.58.26:625][ 32]LogModuleManager: Shutting down and abandoning module CharacterAI (706)
[2022.07.19-14.58.26:625][ 32]LogModuleManager: Shutting down and abandoning module TextureAlignMode (704)
[2022.07.19-14.58.26:625][ 32]LogModuleManager: Shutting down and abandoning module BspMode (702)
[2022.07.19-14.58.26:625][ 32]LogModuleManager: Shutting down and abandoning module PlacementMode (701)
[2022.07.19-14.58.26:625][ 32]LogModuleManager: Shutting down and abandoning module GeometryMode (698)
[2022.07.19-14.58.26:625][ 32]LogModuleManager: Shutting down and abandoning module CameraShakePreviewer (696)
[2022.07.19-14.58.26:625][ 32]LogModuleManager: Shutting down and abandoning module SmartSnapping (694)
[2022.07.19-14.58.26:625][ 32]LogModuleManager: Shutting down and abandoning module SessionServices (692)
[2022.07.19-14.58.26:625][ 32]LogModuleManager: Shutting down and abandoning module MeshPaint (690)
[2022.07.19-14.58.26:626][ 32]LogModuleManager: Shutting down and abandoning module ViewportSnapping (688)
[2022.07.19-14.58.26:626][ 32]LogModuleManager: Shutting down and abandoning module ViewportInteraction (686)
[2022.07.19-14.58.26:626][ 32]LogModuleManager: Shutting down and abandoning module ClothPainter (684)
[2022.07.19-14.58.26:626][ 32]LogModuleManager: Shutting down and abandoning module SkeletalMeshEditor (683)
[2022.07.19-14.58.26:626][ 32]LogModuleManager: Shutting down and abandoning module LogVisualizer (680)
[2022.07.19-14.58.26:626][ 32]LogModuleManager: Shutting down and abandoning module IntroTutorials (678)
[2022.07.19-14.58.26:627][ 32]LogModuleManager: Shutting down and abandoning module GameProjectGeneration (677)
[2022.07.19-14.58.26:627][ 32]LogModuleManager: Shutting down and abandoning module LuminPlatformEditor (674)
[2022.07.19-14.58.26:627][ 32]LogModuleManager: Shutting down and abandoning module IOSPlatformEditor (672)
[2022.07.19-14.58.26:627][ 32]LogModuleManager: Shutting down and abandoning module AndroidPlatformEditor (670)
[2022.07.19-14.58.26:627][ 32]LogModuleManager: Shutting down and abandoning module AndroidDeviceDetection (669)
