Log file open, 07/19/22 22:28:15
LogInit: Display: Running engine for game: ActionRoguelike
LogPlatformFile: Not using cached read wrapper
LogTaskGraph: Started task graph with 5 named threads and 47 total threads with 3 sets of task threads.
LogStats: Stats thread started at 0.596525
LogD3D11RHI: Loaded GFSDK_Aftermath_Lib.x64.dll
LogICUInternationalization: ICU TimeZone Detection - Raw Offset: +8:00, Platform Override: ''
LogPluginManager: Mounting plugin Paper2D
LogPluginManager: Mounting plugin AISupport
LogPluginManager: Mounting plugin LightPropagationVolume
LogPluginManager: Mounting plugin CameraShakePreviewer
LogPluginManager: Mounting plugin ActorLayerUtilities
LogPluginManager: Mounting plugin AnimationSharing
LogPluginManager: Mounting plugin CLionSourceCodeAccess
LogPluginManager: Mounting plugin CodeLiteSourceCodeAccess
LogPluginManager: Mounting plugin GitSourceControl
LogPluginManager: Mounting plugin KDevelopSourceCodeAccess
LogPluginManager: Mounting plugin NullSourceCodeAccess
LogPluginManager: Mounting plugin PerforceSourceControl
LogPluginManager: Mounting plugin PlasticSourceControl
LogPluginManager: Mounting plugin RiderSourceCodeAccess
LogPluginManager: Mounting plugin SubversionSourceControl
LogPluginManager: Mounting plugin UObjectPlugin
LogPluginManager: Mounting plugin VisualStudioCodeSourceCodeAccess
LogPluginManager: Mounting plugin VisualStudioSourceCodeAccess
LogPluginManager: Mounting plugin XCodeSourceCodeAccess
LogPluginManager: Mounting plugin AssetManagerEditor
LogPluginManager: Mounting plugin CryptoKeys
LogPluginManager: Mounting plugin CurveEditorTools
LogPluginManager: Mounting plugin DataValidation
LogPluginManager: Mounting plugin EditorScriptingUtilities
LogPluginManager: Mounting plugin FacialAnimation
LogPluginManager: Mounting plugin GameplayTagsEditor
LogPluginManager: Mounting plugin GeometryMode
LogPluginManager: Mounting plugin MacGraphicsSwitching
LogPluginManager: Mounting plugin MaterialAnalyzer
LogPluginManager: Mounting plugin MobileLauncherProfileWizard
LogPluginManager: Mounting plugin PluginBrowser
LogPluginManager: Mounting plugin SpeedTreeImporter
LogPluginManager: Mounting plugin DatasmithContent
LogPluginManager: Mounting plugin VariantManagerContent
LogPluginManager: Mounting plugin AlembicImporter
LogPluginManager: Mounting plugin AutomationUtils
LogPluginManager: Mounting plugin BackChannel
LogPluginManager: Mounting plugin ChaosCloth
LogPluginManager: Mounting plugin ChaosClothEditor
LogPluginManager: Mounting plugin ChaosEditor
LogPluginManager: Mounting plugin ChaosNiagara
LogPluginManager: Mounting plugin ChaosSolverPlugin
LogPluginManager: Mounting plugin CharacterAI
LogPluginManager: Mounting plugin GeometryCache
LogPluginManager: Mounting plugin GeometryCollectionPlugin
LogPluginManager: Mounting plugin GeometryProcessing
LogPluginManager: Mounting plugin PlanarCut
LogPluginManager: Mounting plugin PlatformCrypto
LogPluginManager: Mounting plugin ProxyLODPlugin
LogPluginManager: Mounting plugin SkeletalReduction
LogPluginManager: Mounting plugin Niagara
LogPluginManager: Mounting plugin MagicLeap
LogPluginManager: Mounting plugin MagicLeapLightEstimation
LogPluginManager: Mounting plugin MagicLeapMedia
LogPluginManager: Mounting plugin MagicLeapPassableWorld
LogPluginManager: Mounting plugin MLSDK
LogPluginManager: Mounting plugin AndroidMedia
LogPluginManager: Mounting plugin AvfMedia
LogPluginManager: Mounting plugin ImgMedia
LogPluginManager: Mounting plugin MediaCompositing
LogPluginManager: Mounting plugin MediaPlayerEditor
LogPluginManager: Mounting plugin WebMMedia
LogPluginManager: Mounting plugin WmfMedia
LogPluginManager: Mounting plugin MeshPainting
LogPluginManager: Mounting plugin TcpMessaging
LogPluginManager: Mounting plugin UdpMessaging
LogPluginManager: Mounting plugin ActorSequence
LogPluginManager: Mounting plugin LevelSequenceEditor
LogPluginManager: Mounting plugin MatineeToLevelSequence
LogPluginManager: Mounting plugin MovieRenderPipeline
LogPluginManager: Mounting plugin TemplateSequence
LogPluginManager: Mounting plugin NetcodeUnitTest
LogPluginManager: Mounting plugin NUTUnrealEngine4
LogPluginManager: Mounting plugin OnlineSubsystemGooglePlay
LogPluginManager: Mounting plugin OnlineSubsystemIOS
LogPluginManager: Mounting plugin OnlineSubsystem
LogPluginManager: Mounting plugin OnlineSubsystemNull
LogPluginManager: Mounting plugin OnlineSubsystemUtils
LogPluginManager: Mounting plugin LauncherChunkInstaller
LogPluginManager: Mounting plugin AndroidDeviceProfileSelector
LogPluginManager: Mounting plugin AndroidMoviePlayer
LogPluginManager: Mounting plugin AndroidPermission
LogPluginManager: Mounting plugin AppleImageUtils
LogPluginManager: Mounting plugin AppleMoviePlayer
LogPluginManager: Mounting plugin ArchVisCharacter
LogPluginManager: Mounting plugin AssetTags
LogPluginManager: Mounting plugin AudioCapture
LogPluginManager: Mounting plugin CableComponent
LogPluginManager: Mounting plugin CustomMeshComponent
LogPluginManager: Mounting plugin EditableMesh
LogPluginManager: Mounting plugin ExampleDeviceProfileSelector
LogPluginManager: Mounting plugin GoogleCloudMessaging
LogPluginManager: Mounting plugin GooglePAD
LogPluginManager: Mounting plugin IOSDeviceProfileSelector
LogPluginManager: Mounting plugin LinuxDeviceProfileSelector
LogPluginManager: Mounting plugin LocationServicesBPLibrary
LogPluginManager: Mounting plugin MobilePatchingUtils
LogPluginManager: Mounting plugin OculusVR
LogPluginManager: Mounting plugin PhysXVehicles
LogPluginManager: Mounting plugin PostSplashScreen
LogPluginManager: Mounting plugin ProceduralMeshComponent
LogPluginManager: Mounting plugin RuntimePhysXCooking
LogPluginManager: Mounting plugin SignificanceManager
LogPluginManager: Mounting plugin SoundFields
LogPluginManager: Mounting plugin SteamVR
LogPluginManager: Mounting plugin Synthesis
LogPluginManager: Mounting plugin WebMMoviePlayer
LogPluginManager: Mounting plugin WindowsMoviePlayer
LogPluginManager: Mounting plugin ScreenshotTools
LogInit: Using libcurl 7.55.1-DEV
LogInit:  - built for x86_64-pc-win32
LogInit:  - supports SSL with OpenSSL/1.1.1
LogInit:  - supports HTTP deflate (compression) using libz 1.2.8
LogInit:  - other features:
LogInit:      CURL_VERSION_SSL
LogInit:      CURL_VERSION_LIBZ
LogInit:      CURL_VERSION_IPV6
LogInit:      CURL_VERSION_ASYNCHDNS
LogInit:      CURL_VERSION_LARGEFILE
LogInit:      CURL_VERSION_IDN
LogInit:  CurlRequestOptions (configurable via config and command line):
LogInit:  - bVerifyPeer = true  - Libcurl will verify peer certificate
LogInit:  - bUseHttpProxy = true  - Libcurl will use HTTP proxy
LogInit:  - HttpProxyAddress = '127.0.0.1:4780'
LogInit:  - bDontReuseConnections = false  - Libcurl will reuse connections
LogInit:  - MaxHostConnections = 16  - Libcurl will limit the number of connections to a host
LogInit:  - LocalHostAddr = Default
LogInit:  - BufferSize = 65536
LogOnline: OSS: Creating online subsystem instance for: NULL
LogInit: WinSock: version 1.1 (2.2), MaxSocks=32767, MaxUdp=65467
LogOnline: OSS: TryLoadSubsystemAndSetDefault: Loaded subsystem for module [NULL]
LogInit: Build: ++UE4+Release-4.25-CL-14469661
LogInit: Engine Version: 4.25.4-14469661+++UE4+Release-4.25
LogInit: Compatible Engine Version: 4.25.0-13144385+++UE4+Release-4.25
LogInit: Net CL: 13144385
LogInit: OS: Windows 10 (Release 2009) (), CPU: 11th Gen Intel(R) Core(TM) i7-11700F @ 2.50GHz, GPU: NVIDIA GeForce RTX 3060
LogInit: Compiled (64-bit): Oct 11 2020 08:10:49
LogInit: Compiled with Visual C++: 19.24.28315.00
LogInit: Build Configuration: Development
LogInit: Branch Name: ++UE4+Release-4.25
LogInit: Command Line:  -skipcompile
LogInit: Base Directory: I:/unrealEngine/UE_4.25/Engine/Binaries/Win64/
LogInit: Allocator: TBB
LogInit: Installed Engine Build: 1
LogDevObjectVersion: Number of dev versions registered: 26
LogDevObjectVersion:   Dev-Blueprints (B0D832E4-1F89-4F0D-ACCF-7EB736FD4AA2): 10
LogDevObjectVersion:   Dev-Build (E1C64328-A22C-4D53-A36C-8E866417BD8C): 0
LogDevObjectVersion:   Dev-Core (375EC13C-06E4-48FB-B500-84F0262A717E): 4
LogDevObjectVersion:   Dev-Editor (E4B068ED-F494-42E9-A231-DA0B2E46BB41): 38
LogDevObjectVersion:   Dev-Framework (CFFC743F-43B0-4480-9391-14DF171D2073): 37
LogDevObjectVersion:   Dev-Mobile (B02B49B5-BB20-44E9-A304-32B752E40360): 2
LogDevObjectVersion:   Dev-Networking (A4E4105C-59A1-49B5-A7C5-40C4547EDFEE): 0
LogDevObjectVersion:   Dev-Online (39C831C9-5AE6-47DC-9A44-9C173E1C8E7C): 0
LogDevObjectVersion:   Dev-Physics (78F01B33-EBEA-4F98-B9B4-84EACCB95AA2): 4
LogDevObjectVersion:   Dev-Platform (6631380F-2D4D-43E0-8009-CF276956A95A): 0
LogDevObjectVersion:   Dev-Rendering (12F88B9F-8875-4AFC-A67C-D90C383ABD29): 43
LogDevObjectVersion:   Dev-Sequencer (7B5AE74C-D270-4C10-A958-57980B212A5A): 12
LogDevObjectVersion:   Dev-VR (D7296918-1DD6-4BDD-9DE2-64A83CC13884): 3
LogDevObjectVersion:   Dev-LoadTimes (C2A15278-BFE7-4AFE-6C17-90FF531DF755): 1
LogDevObjectVersion:   Private-Geometry (6EACA3D4-40EC-4CC1-B786-8BED09428FC5): 3
LogDevObjectVersion:   Dev-AnimPhys (29E575DD-E0A3-4627-9D10-D276232CDCEA): 17
LogDevObjectVersion:   Dev-Anim (AF43A65D-7FD3-4947-9873-3E8ED9C1BB05): 7
LogDevObjectVersion:   Dev-ReflectionCapture (6B266CEC-1EC7-4B8F-A30B-E4D90942FC07): 1
LogDevObjectVersion:   Dev-Automation (0DF73D61-A23F-47EA-B727-89E90C41499A): 1
LogDevObjectVersion:   FortniteMain (601D1886-AC64-4F84-AA16-D3DE0DEAC7D6): 31
LogDevObjectVersion:   Dev-Enterprise (9DFFBCD6-494F-0158-E221-12823C92A888): 10
LogDevObjectVersion:   Dev-Niagara (F2AED0AC-9AFE-416F-8664-AA7FFA26D6FC): 1
LogDevObjectVersion:   Dev-Destruction (174F1F0B-B4C6-45A5-B13F-2EE8D0FB917D): 10
LogDevObjectVersion:   Dev-Physics-Ext (35F94A83-E258-406C-A318-09F59610247C): 37
LogDevObjectVersion:   Dev-PhysicsMaterial-Chaos (B68FC16E-8B1B-42E2-B453-215C058844FE): 1
LogDevObjectVersion:   Dev-CineCamera (B2E18506-4273-CFC2-A54E-F4BB758BBA07): 1
LogInit: Presizing for max 25165824 objects, including 0 objects not considered by GC, pre-allocating 0 bytes for permanent pool.
LogConfig: Applying CVar settings from Section [/Script/Engine.StreamingSettings] File [I:/githubProject/ActionRoguelike/ActionRoguelike/Saved/Config/Windows/Engine.ini]
LogConfig: Setting CVar [[s.MinBulkDataSizeForAsyncLoading:131072]]
LogConfig: Setting CVar [[s.AsyncLoadingThreadEnabled:0]]
LogConfig: Setting CVar [[s.EventDrivenLoaderEnabled:1]]
LogConfig: Setting CVar [[s.WarnIfTimeLimitExceeded:0]]
LogConfig: Setting CVar [[s.TimeLimitExceededMultiplier:1.5]]
LogConfig: Setting CVar [[s.TimeLimitExceededMinTime:0.005]]
LogConfig: Setting CVar [[s.UseBackgroundLevelStreaming:1]]
LogConfig: Setting CVar [[s.PriorityAsyncLoadingExtraTime:15.0]]
LogConfig: Setting CVar [[s.LevelStreamingActorsUpdateTimeLimit:5.0]]
LogConfig: Setting CVar [[s.PriorityLevelStreamingActorsUpdateExtraTime:5.0]]
LogConfig: Setting CVar [[s.LevelStreamingComponentsRegistrationGranularity:10]]
LogConfig: Setting CVar [[s.UnregisterComponentsTimeLimit:1.0]]
LogConfig: Setting CVar [[s.LevelStreamingComponentsUnregistrationGranularity:5]]
LogConfig: Setting CVar [[s.FlushStreamingOnExit:1]]
LogInit: Object subsystem initialized
LogConfig: Setting CVar [[con.DebugEarlyDefault:1]]
LogConfig: Setting CVar [[r.setres:1280x720]]
[2022.07.19-14.28.16:606][  0]LogConfig: Setting CVar [[r.VSync:0]]
[2022.07.19-14.28.16:606][  0]LogConfig: Setting CVar [[r.RHICmdBypass:0]]
[2022.07.19-14.28.16:607][  0]LogConfig: Applying CVar settings from Section [/Script/Engine.RendererSettings] File [I:/githubProject/ActionRoguelike/ActionRoguelike/Saved/Config/Windows/Engine.ini]
[2022.07.19-14.28.16:607][  0]LogConfig: Setting CVar [[r.GPUCrashDebugging:0]]
[2022.07.19-14.28.16:607][  0]LogConfig: Applying CVar settings from Section [/Script/Engine.RendererOverrideSettings] File [I:/githubProject/ActionRoguelike/ActionRoguelike/Saved/Config/Windows/Engine.ini]
[2022.07.19-14.28.16:607][  0]LogConfig: Applying CVar settings from Section [/Script/Engine.StreamingSettings] File [I:/githubProject/ActionRoguelike/ActionRoguelike/Saved/Config/Windows/Engine.ini]
[2022.07.19-14.28.16:607][  0]LogConfig: Setting CVar [[s.MinBulkDataSizeForAsyncLoading:131072]]
[2022.07.19-14.28.16:607][  0]LogConfig: Setting CVar [[s.AsyncLoadingThreadEnabled:0]]
[2022.07.19-14.28.16:607][  0]LogConfig: Setting CVar [[s.EventDrivenLoaderEnabled:1]]
[2022.07.19-14.28.16:607][  0]LogConfig: Setting CVar [[s.WarnIfTimeLimitExceeded:0]]
[2022.07.19-14.28.16:607][  0]LogConfig: Setting CVar [[s.TimeLimitExceededMultiplier:1.5]]
[2022.07.19-14.28.16:607][  0]LogConfig: Setting CVar [[s.TimeLimitExceededMinTime:0.005]]
[2022.07.19-14.28.16:607][  0]LogConfig: Setting CVar [[s.UseBackgroundLevelStreaming:1]]
[2022.07.19-14.28.16:607][  0]LogConfig: Setting CVar [[s.PriorityAsyncLoadingExtraTime:15.0]]
[2022.07.19-14.28.16:607][  0]LogConfig: Setting CVar [[s.LevelStreamingActorsUpdateTimeLimit:5.0]]
[2022.07.19-14.28.16:607][  0]LogConfig: Setting CVar [[s.PriorityLevelStreamingActorsUpdateExtraTime:5.0]]
[2022.07.19-14.28.16:607][  0]LogConfig: Setting CVar [[s.LevelStreamingComponentsRegistrationGranularity:10]]
[2022.07.19-14.28.16:607][  0]LogConfig: Setting CVar [[s.UnregisterComponentsTimeLimit:1.0]]
[2022.07.19-14.28.16:607][  0]LogConfig: Setting CVar [[s.LevelStreamingComponentsUnregistrationGranularity:5]]
[2022.07.19-14.28.16:607][  0]LogConfig: Setting CVar [[s.FlushStreamingOnExit:1]]
[2022.07.19-14.28.16:607][  0]LogConfig: Applying CVar settings from Section [/Script/Engine.GarbageCollectionSettings] File [I:/githubProject/ActionRoguelike/ActionRoguelike/Saved/Config/Windows/Engine.ini]
[2022.07.19-14.28.16:607][  0]LogConfig: Setting CVar [[gc.MaxObjectsNotConsideredByGC:1]]
[2022.07.19-14.28.16:607][  0]LogConfig: Setting CVar [[gc.SizeOfPermanentObjectPool:0]]
[2022.07.19-14.28.16:607][  0]LogConfig: Setting CVar [[gc.FlushStreamingOnGC:0]]
[2022.07.19-14.28.16:608][  0]LogConfig: Setting CVar [[gc.NumRetriesBeforeForcingGC:10]]
[2022.07.19-14.28.16:608][  0]LogConfig: Setting CVar [[gc.AllowParallelGC:1]]
[2022.07.19-14.28.16:608][  0]LogConfig: Setting CVar [[gc.TimeBetweenPurgingPendingKillObjects:61.1]]
[2022.07.19-14.28.16:608][  0]LogConfig: Setting CVar [[gc.MaxObjectsInEditor:25165824]]
[2022.07.19-14.28.16:608][  0]LogConfig: Setting CVar [[gc.IncrementalBeginDestroyEnabled:1]]
[2022.07.19-14.28.16:608][  0]LogConfig: Setting CVar [[gc.CreateGCClusters:1]]
[2022.07.19-14.28.16:608][  0]LogConfig: Setting CVar [[gc.MinGCClusterSize:5]]
[2022.07.19-14.28.16:608][  0]LogConfig: Setting CVar [[gc.ActorClusteringEnabled:0]]
[2022.07.19-14.28.16:608][  0]LogConfig: Setting CVar [[gc.BlueprintClusteringEnabled:0]]
[2022.07.19-14.28.16:608][  0]LogConfig: Setting CVar [[gc.UseDisregardForGCOnDedicatedServers:0]]
[2022.07.19-14.28.16:608][  0]LogConfig: Applying CVar settings from Section [/Script/Engine.NetworkSettings] File [I:/githubProject/ActionRoguelike/ActionRoguelike/Saved/Config/Windows/Engine.ini]
[2022.07.19-14.28.16:608][  0]LogConfig: Applying CVar settings from Section [/Script/UnrealEd.CookerSettings] File [I:/githubProject/ActionRoguelike/ActionRoguelike/Saved/Config/Windows/Engine.ini]
[2022.07.19-14.28.16:614][  0]LogConfig: Applying CVar settings from Section [ViewDistanceQuality@3] File [I:/githubProject/ActionRoguelike/ActionRoguelike/Saved/Config/Windows/Scalability.ini]
[2022.07.19-14.28.16:614][  0]LogConfig: Setting CVar [[r.SkeletalMeshLODBias:0]]
[2022.07.19-14.28.16:614][  0]LogConfig: Setting CVar [[r.ViewDistanceScale:1.0]]
[2022.07.19-14.28.16:614][  0]LogConfig: Applying CVar settings from Section [AntiAliasingQuality@3] File [I:/githubProject/ActionRoguelike/ActionRoguelike/Saved/Config/Windows/Scalability.ini]
[2022.07.19-14.28.16:614][  0]LogConfig: Setting CVar [[r.PostProcessAAQuality:4]]
[2022.07.19-14.28.16:614][  0]LogConfig: Applying CVar settings from Section [ShadowQuality@3] File [I:/githubProject/ActionRoguelike/ActionRoguelike/Saved/Config/Windows/Scalability.ini]
[2022.07.19-14.28.16:614][  0]LogConfig: Setting CVar [[r.LightFunctionQuality:1]]
[2022.07.19-14.28.16:614][  0]LogConfig: Setting CVar [[r.ShadowQuality:5]]
[2022.07.19-14.28.16:614][  0]LogConfig: Setting CVar [[r.Shadow.CSM.MaxCascades:10]]
[2022.07.19-14.28.16:614][  0]LogConfig: Setting CVar [[r.Shadow.MaxResolution:2048]]
[2022.07.19-14.28.16:614][  0]LogConfig: Setting CVar [[r.Shadow.MaxCSMResolution:2048]]
[2022.07.19-14.28.16:614][  0]LogConfig: Setting CVar [[r.Shadow.RadiusThreshold:0.01]]
[2022.07.19-14.28.16:614][  0]LogConfig: Setting CVar [[r.Shadow.DistanceScale:1.0]]
[2022.07.19-14.28.16:614][  0]LogConfig: Setting CVar [[r.Shadow.CSM.TransitionScale:1.0]]
[2022.07.19-14.28.16:614][  0]LogConfig: Setting CVar [[r.Shadow.PreShadowResolutionFactor:1.0]]
[2022.07.19-14.28.16:614][  0]LogConfig: Setting CVar [[r.DistanceFieldShadowing:1]]
[2022.07.19-14.28.16:614][  0]LogConfig: Setting CVar [[r.DistanceFieldAO:1]]
[2022.07.19-14.28.16:614][  0]LogConfig: Setting CVar [[r.AOQuality:2]]
[2022.07.19-14.28.16:614][  0]LogConfig: Setting CVar [[r.VolumetricFog:1]]
[2022.07.19-14.28.16:614][  0]LogConfig: Setting CVar [[r.VolumetricFog.GridPixelSize:8]]
[2022.07.19-14.28.16:614][  0]LogConfig: Setting CVar [[r.VolumetricFog.GridSizeZ:128]]
[2022.07.19-14.28.16:614][  0]LogConfig: Setting CVar [[r.VolumetricFog.HistoryMissSupersampleCount:4]]
[2022.07.19-14.28.16:614][  0]LogConfig: Setting CVar [[r.LightMaxDrawDistanceScale:1]]
[2022.07.19-14.28.16:614][  0]LogConfig: Setting CVar [[r.CapsuleShadows:1]]
[2022.07.19-14.28.16:614][  0]LogConfig: Applying CVar settings from Section [PostProcessQuality@3] File [I:/githubProject/ActionRoguelike/ActionRoguelike/Saved/Config/Windows/Scalability.ini]
[2022.07.19-14.28.16:614][  0]LogConfig: Setting CVar [[r.MotionBlurQuality:4]]
[2022.07.19-14.28.16:614][  0]LogConfig: Setting CVar [[r.AmbientOcclusionMipLevelFactor:0.4]]
[2022.07.19-14.28.16:614][  0]LogConfig: Setting CVar [[r.AmbientOcclusionMaxQuality:100]]
[2022.07.19-14.28.16:615][  0]LogConfig: Setting CVar [[r.AmbientOcclusionLevels:-1]]
[2022.07.19-14.28.16:615][  0]LogConfig: Setting CVar [[r.AmbientOcclusionRadiusScale:1.0]]
[2022.07.19-14.28.16:615][  0]LogConfig: Setting CVar [[r.DepthOfFieldQuality:2]]
[2022.07.19-14.28.16:615][  0]LogConfig: Setting CVar [[r.RenderTargetPoolMin:400]]
[2022.07.19-14.28.16:615][  0]LogConfig: Setting CVar [[r.LensFlareQuality:2]]
[2022.07.19-14.28.16:615][  0]LogConfig: Setting CVar [[r.SceneColorFringeQuality:1]]
[2022.07.19-14.28.16:615][  0]LogConfig: Setting CVar [[r.EyeAdaptationQuality:2]]
[2022.07.19-14.28.16:615][  0]LogConfig: Setting CVar [[r.BloomQuality:5]]
[2022.07.19-14.28.16:615][  0]LogConfig: Setting CVar [[r.FastBlurThreshold:100]]
[2022.07.19-14.28.16:615][  0]LogConfig: Setting CVar [[r.Upscale.Quality:3]]
[2022.07.19-14.28.16:615][  0]LogConfig: Setting CVar [[r.Tonemapper.GrainQuantization:1]]
[2022.07.19-14.28.16:615][  0]LogConfig: Setting CVar [[r.LightShaftQuality:1]]
[2022.07.19-14.28.16:615][  0]LogConfig: Setting CVar [[r.Filter.SizeScale:1]]
[2022.07.19-14.28.16:615][  0]LogConfig: Setting CVar [[r.Tonemapper.Quality:5]]
[2022.07.19-14.28.16:615][  0]LogConfig: Setting CVar [[r.DOF.Gather.AccumulatorQuality:1        ; higher gathering accumulator quality]]
[2022.07.19-14.28.16:615][  0]LogConfig: Setting CVar [[r.DOF.Gather.PostfilterMethod:1          ; Median3x3 postfilering method]]
[2022.07.19-14.28.16:615][  0]LogConfig: Setting CVar [[r.DOF.Gather.EnableBokehSettings:0       ; no bokeh simulation when gathering]]
[2022.07.19-14.28.16:615][  0]LogConfig: Setting CVar [[r.DOF.Gather.RingCount:4                 ; medium number of samples when gathering]]
[2022.07.19-14.28.16:615][  0]LogConfig: Setting CVar [[r.DOF.Scatter.ForegroundCompositing:1    ; additive foreground scattering]]
[2022.07.19-14.28.16:615][  0]LogConfig: Setting CVar [[r.DOF.Scatter.BackgroundCompositing:2    ; additive background scattering]]
[2022.07.19-14.28.16:615][  0]LogConfig: Setting CVar [[r.DOF.Scatter.EnableBokehSettings:1      ; bokeh simulation when scattering]]
[2022.07.19-14.28.16:615][  0]LogConfig: Setting CVar [[r.DOF.Scatter.MaxSpriteRatio:0.1         ; only a maximum of 10% of scattered bokeh]]
[2022.07.19-14.28.16:615][  0]LogConfig: Setting CVar [[r.DOF.Recombine.Quality:1                ; cheap slight out of focus]]
[2022.07.19-14.28.16:615][  0]LogConfig: Setting CVar [[r.DOF.Recombine.EnableBokehSettings:0    ; no bokeh simulation on slight out of focus]]
[2022.07.19-14.28.16:616][  0]LogConfig: Setting CVar [[r.DOF.TemporalAAQuality:1                ; more stable temporal accumulation]]
[2022.07.19-14.28.16:616][  0]LogConfig: Setting CVar [[r.DOF.Kernel.MaxForegroundRadius:0.025]]
[2022.07.19-14.28.16:616][  0]LogConfig: Setting CVar [[r.DOF.Kernel.MaxBackgroundRadius:0.025]]
[2022.07.19-14.28.16:616][  0]LogConfig: Applying CVar settings from Section [TextureQuality@3] File [I:/githubProject/ActionRoguelike/ActionRoguelike/Saved/Config/Windows/Scalability.ini]
[2022.07.19-14.28.16:616][  0]LogConfig: Setting CVar [[r.Streaming.MipBias:0]]
[2022.07.19-14.28.16:616][  0]LogConfig: Setting CVar [[r.Streaming.AmortizeCPUToGPUCopy:0]]
[2022.07.19-14.28.16:616][  0]LogConfig: Setting CVar [[r.Streaming.MaxNumTexturesToStreamPerFrame:0]]
[2022.07.19-14.28.16:616][  0]LogConfig: Setting CVar [[r.Streaming.Boost:1]]
[2022.07.19-14.28.16:616][  0]LogConfig: Setting CVar [[r.MaxAnisotropy:8]]
[2022.07.19-14.28.16:616][  0]LogConfig: Setting CVar [[r.VT.MaxAnisotropy:8]]
[2022.07.19-14.28.16:616][  0]LogConfig: Setting CVar [[r.Streaming.LimitPoolSizeToVRAM:0]]
[2022.07.19-14.28.16:616][  0]LogConfig: Setting CVar [[r.Streaming.PoolSize:1000]]
[2022.07.19-14.28.16:616][  0]LogConfig: Setting CVar [[r.Streaming.MaxEffectiveScreenSize:0]]
[2022.07.19-14.28.16:616][  0]LogConfig: Applying CVar settings from Section [EffectsQuality@3] File [I:/githubProject/ActionRoguelike/ActionRoguelike/Saved/Config/Windows/Scalability.ini]
[2022.07.19-14.28.16:616][  0]LogConfig: Setting CVar [[r.TranslucencyLightingVolumeDim:64]]
[2022.07.19-14.28.16:616][  0]LogConfig: Setting CVar [[r.RefractionQuality:2]]
[2022.07.19-14.28.16:616][  0]LogConfig: Setting CVar [[r.SSR.Quality:3]]
[2022.07.19-14.28.16:616][  0]LogConfig: Setting CVar [[r.SSR.HalfResSceneColor:0]]
[2022.07.19-14.28.16:616][  0]LogConfig: Setting CVar [[r.SceneColorFormat:4]]
[2022.07.19-14.28.16:616][  0]LogConfig: Setting CVar [[r.DetailMode:2]]
[2022.07.19-14.28.16:616][  0]LogConfig: Setting CVar [[r.TranslucencyVolumeBlur:1]]
[2022.07.19-14.28.16:616][  0]LogConfig: Setting CVar [[r.MaterialQualityLevel:1 ; High quality]]
[2022.07.19-14.28.16:616][  0]LogConfig: Setting CVar [[r.SSS.Scale:1]]
[2022.07.19-14.28.16:616][  0]LogConfig: Setting CVar [[r.SSS.SampleSet:2]]
[2022.07.19-14.28.16:616][  0]LogConfig: Setting CVar [[r.SSS.Quality:1]]
[2022.07.19-14.28.16:616][  0]LogConfig: Setting CVar [[r.SSS.HalfRes:0]]
[2022.07.19-14.28.16:616][  0]LogConfig: Setting CVar [[r.SSGI.Quality:3]]
[2022.07.19-14.28.16:616][  0]LogConfig: Setting CVar [[r.EmitterSpawnRateScale:1.0]]
[2022.07.19-14.28.16:617][  0]LogConfig: Setting CVar [[r.ParticleLightQuality:2]]
[2022.07.19-14.28.16:617][  0]LogConfig: Setting CVar [[r.SkyAtmosphere.AerialPerspectiveLUT.FastApplyOnOpaque:1 ; Always have FastSkyLUT 1 in this case to avoid wrong sky]]
[2022.07.19-14.28.16:617][  0]LogConfig: Setting CVar [[r.SkyAtmosphere.AerialPerspectiveLUT.SampleCountPerSlice:1]]
[2022.07.19-14.28.16:617][  0]LogConfig: Setting CVar [[r.SkyAtmosphere.AerialPerspectiveLUT.DepthResolution:16.0]]
[2022.07.19-14.28.16:617][  0]LogConfig: Setting CVar [[r.SkyAtmosphere.FastSkyLUT:1]]
[2022.07.19-14.28.16:617][  0]LogConfig: Setting CVar [[r.SkyAtmosphere.FastSkyLUT.SampleCountMin:4.0]]
[2022.07.19-14.28.16:617][  0]LogConfig: Setting CVar [[r.SkyAtmosphere.FastSkyLUT.SampleCountMax:32.0]]
[2022.07.19-14.28.16:617][  0]LogConfig: Setting CVar [[r.SkyAtmosphere.SampleCountMin:4.0]]
[2022.07.19-14.28.16:617][  0]LogConfig: Setting CVar [[r.SkyAtmosphere.SampleCountMax:32.0]]
[2022.07.19-14.28.16:617][  0]LogConfig: Setting CVar [[r.SkyAtmosphere.TransmittanceLUT.UseSmallFormat:0]]
[2022.07.19-14.28.16:617][  0]LogConfig: Setting CVar [[r.SkyAtmosphere.TransmittanceLUT.SampleCount:10.0]]
[2022.07.19-14.28.16:617][  0]LogConfig: Setting CVar [[r.SkyAtmosphere.MultiScatteringLUT.SampleCount:15.0]]
[2022.07.19-14.28.16:617][  0]LogConfig: Applying CVar settings from Section [FoliageQuality@3] File [I:/githubProject/ActionRoguelike/ActionRoguelike/Saved/Config/Windows/Scalability.ini]
[2022.07.19-14.28.16:617][  0]LogConfig: Setting CVar [[foliage.DensityScale:1.0]]
[2022.07.19-14.28.16:617][  0]LogConfig: Setting CVar [[grass.DensityScale:1.0]]
[2022.07.19-14.28.16:617][  0]LogConfig: Applying CVar settings from Section [ShadingQuality@3] File [I:/githubProject/ActionRoguelike/ActionRoguelike/Saved/Config/Windows/Scalability.ini]
[2022.07.19-14.28.16:617][  0]LogConfig: Setting CVar [[r.HairStrands.SkyLighting.SampleCount:16]]
[2022.07.19-14.28.16:617][  0]LogConfig: Setting CVar [[r.HairStrands.SkyLighting.JitterIntegration:0]]
[2022.07.19-14.28.16:617][  0]LogConfig: Setting CVar [[r.HairStrands.SkyAO.SampleCount:16]]
[2022.07.19-14.28.16:617][  0]LogConfig: Setting CVar [[r.HairStrands.DeepShadow.SuperSampling:0]]
[2022.07.19-14.28.16:617][  0]LogConfig: Setting CVar [[r.HairStrands.VisibilityPPLL:0]]
[2022.07.19-14.28.16:617][  0]LogConfig: Setting CVar [[r.HairStrands.RasterizationScale:0.5]]
[2022.07.19-14.28.16:617][  0]LogConfig: Setting CVar [[r.HairStrands.VelocityRasterizationScale:1]]
[2022.07.19-14.28.16:618][  0]LogInit: Selected Device Profile: [Windows]
[2022.07.19-14.28.16:618][  0]LogInit: Applying CVar settings loaded from the selected device profile: [Windows]
[2022.07.19-14.28.16:618][  0]LogHAL: Display: Platform has ~ 32 GB [34222546944 / 34359738368 / 32], which maps to Largest [LargestMinGB=32, LargerMinGB=12, DefaultMinGB=8, SmallerMinGB=6, SmallestMinGB=0)
[2022.07.19-14.28.16:618][  0]LogInit: Going up to parent DeviceProfile []
[2022.07.19-14.28.16:619][  0]LogConfig: Applying CVar settings from Section [ViewDistanceQuality@3] File [I:/githubProject/ActionRoguelike/ActionRoguelike/Saved/Config/Windows/Scalability.ini]
[2022.07.19-14.28.16:619][  0]LogConfig: Setting CVar [[r.SkeletalMeshLODBias:0]]
[2022.07.19-14.28.16:619][  0]LogConfig: Setting CVar [[r.ViewDistanceScale:1.0]]
[2022.07.19-14.28.16:619][  0]LogConfig: Applying CVar settings from Section [AntiAliasingQuality@3] File [I:/githubProject/ActionRoguelike/ActionRoguelike/Saved/Config/Windows/Scalability.ini]
[2022.07.19-14.28.16:619][  0]LogConfig: Setting CVar [[r.PostProcessAAQuality:4]]
[2022.07.19-14.28.16:619][  0]LogConfig: Applying CVar settings from Section [ShadowQuality@3] File [I:/githubProject/ActionRoguelike/ActionRoguelike/Saved/Config/Windows/Scalability.ini]
[2022.07.19-14.28.16:619][  0]LogConfig: Setting CVar [[r.LightFunctionQuality:1]]
[2022.07.19-14.28.16:619][  0]LogConfig: Setting CVar [[r.ShadowQuality:5]]
[2022.07.19-14.28.16:619][  0]LogConfig: Setting CVar [[r.Shadow.CSM.MaxCascades:10]]
[2022.07.19-14.28.16:619][  0]LogConfig: Setting CVar [[r.Shadow.MaxResolution:2048]]
[2022.07.19-14.28.16:619][  0]LogConfig: Setting CVar [[r.Shadow.MaxCSMResolution:2048]]
[2022.07.19-14.28.16:619][  0]LogConfig: Setting CVar [[r.Shadow.RadiusThreshold:0.01]]
[2022.07.19-14.28.16:619][  0]LogConfig: Setting CVar [[r.Shadow.DistanceScale:1.0]]
[2022.07.19-14.28.16:619][  0]LogConfig: Setting CVar [[r.Shadow.CSM.TransitionScale:1.0]]
[2022.07.19-14.28.16:619][  0]LogConfig: Setting CVar [[r.Shadow.PreShadowResolutionFactor:1.0]]
[2022.07.19-14.28.16:619][  0]LogConfig: Setting CVar [[r.DistanceFieldShadowing:1]]
[2022.07.19-14.28.16:619][  0]LogConfig: Setting CVar [[r.DistanceFieldAO:1]]
[2022.07.19-14.28.16:619][  0]LogConfig: Setting CVar [[r.AOQuality:2]]
[2022.07.19-14.28.16:619][  0]LogConfig: Setting CVar [[r.VolumetricFog:1]]
[2022.07.19-14.28.16:619][  0]LogConfig: Setting CVar [[r.VolumetricFog.GridPixelSize:8]]
[2022.07.19-14.28.16:619][  0]LogConfig: Setting CVar [[r.VolumetricFog.GridSizeZ:128]]
[2022.07.19-14.28.16:619][  0]LogConfig: Setting CVar [[r.VolumetricFog.HistoryMissSupersampleCount:4]]
[2022.07.19-14.28.16:619][  0]LogConfig: Setting CVar [[r.LightMaxDrawDistanceScale:1]]
[2022.07.19-14.28.16:619][  0]LogConfig: Setting CVar [[r.CapsuleShadows:1]]
[2022.07.19-14.28.16:619][  0]LogConfig: Applying CVar settings from Section [PostProcessQuality@3] File [I:/githubProject/ActionRoguelike/ActionRoguelike/Saved/Config/Windows/Scalability.ini]
[2022.07.19-14.28.16:619][  0]LogConfig: Setting CVar [[r.MotionBlurQuality:4]]
[2022.07.19-14.28.16:619][  0]LogConfig: Setting CVar [[r.AmbientOcclusionMipLevelFactor:0.4]]
[2022.07.19-14.28.16:620][  0]LogConfig: Setting CVar [[r.AmbientOcclusionMaxQuality:100]]
[2022.07.19-14.28.16:620][  0]LogConfig: Setting CVar [[r.AmbientOcclusionLevels:-1]]
[2022.07.19-14.28.16:620][  0]LogConfig: Setting CVar [[r.AmbientOcclusionRadiusScale:1.0]]
[2022.07.19-14.28.16:620][  0]LogConfig: Setting CVar [[r.DepthOfFieldQuality:2]]
[2022.07.19-14.28.16:620][  0]LogConfig: Setting CVar [[r.RenderTargetPoolMin:400]]
[2022.07.19-14.28.16:620][  0]LogConfig: Setting CVar [[r.LensFlareQuality:2]]
[2022.07.19-14.28.16:620][  0]LogConfig: Setting CVar [[r.SceneColorFringeQuality:1]]
[2022.07.19-14.28.16:620][  0]LogConfig: Setting CVar [[r.EyeAdaptationQuality:2]]
[2022.07.19-14.28.16:620][  0]LogConfig: Setting CVar [[r.BloomQuality:5]]
[2022.07.19-14.28.16:620][  0]LogConfig: Setting CVar [[r.FastBlurThreshold:100]]
[2022.07.19-14.28.16:620][  0]LogConfig: Setting CVar [[r.Upscale.Quality:3]]
[2022.07.19-14.28.16:620][  0]LogConfig: Setting CVar [[r.Tonemapper.GrainQuantization:1]]
[2022.07.19-14.28.16:620][  0]LogConfig: Setting CVar [[r.LightShaftQuality:1]]
[2022.07.19-14.28.16:620][  0]LogConfig: Setting CVar [[r.Filter.SizeScale:1]]
[2022.07.19-14.28.16:620][  0]LogConfig: Setting CVar [[r.Tonemapper.Quality:5]]
[2022.07.19-14.28.16:620][  0]LogConfig: Setting CVar [[r.DOF.Gather.AccumulatorQuality:1        ; higher gathering accumulator quality]]
[2022.07.19-14.28.16:620][  0]LogConfig: Setting CVar [[r.DOF.Gather.PostfilterMethod:1          ; Median3x3 postfilering method]]
[2022.07.19-14.28.16:620][  0]LogConfig: Setting CVar [[r.DOF.Gather.EnableBokehSettings:0       ; no bokeh simulation when gathering]]
[2022.07.19-14.28.16:620][  0]LogConfig: Setting CVar [[r.DOF.Gather.RingCount:4                 ; medium number of samples when gathering]]
[2022.07.19-14.28.16:620][  0]LogConfig: Setting CVar [[r.DOF.Scatter.ForegroundCompositing:1    ; additive foreground scattering]]
[2022.07.19-14.28.16:620][  0]LogConfig: Setting CVar [[r.DOF.Scatter.BackgroundCompositing:2    ; additive background scattering]]
[2022.07.19-14.28.16:620][  0]LogConfig: Setting CVar [[r.DOF.Scatter.EnableBokehSettings:1      ; bokeh simulation when scattering]]
[2022.07.19-14.28.16:620][  0]LogConfig: Setting CVar [[r.DOF.Scatter.MaxSpriteRatio:0.1         ; only a maximum of 10% of scattered bokeh]]
[2022.07.19-14.28.16:620][  0]LogConfig: Setting CVar [[r.DOF.Recombine.Quality:1                ; cheap slight out of focus]]
[2022.07.19-14.28.16:620][  0]LogConfig: Setting CVar [[r.DOF.Recombine.EnableBokehSettings:0    ; no bokeh simulation on slight out of focus]]
[2022.07.19-14.28.16:620][  0]LogConfig: Setting CVar [[r.DOF.TemporalAAQuality:1                ; more stable temporal accumulation]]
[2022.07.19-14.28.16:620][  0]LogConfig: Setting CVar [[r.DOF.Kernel.MaxForegroundRadius:0.025]]
[2022.07.19-14.28.16:620][  0]LogConfig: Setting CVar [[r.DOF.Kernel.MaxBackgroundRadius:0.025]]
[2022.07.19-14.28.16:620][  0]LogConfig: Applying CVar settings from Section [TextureQuality@3] File [I:/githubProject/ActionRoguelike/ActionRoguelike/Saved/Config/Windows/Scalability.ini]
[2022.07.19-14.28.16:620][  0]LogConfig: Setting CVar [[r.Streaming.MipBias:0]]
[2022.07.19-14.28.16:620][  0]LogConfig: Setting CVar [[r.Streaming.AmortizeCPUToGPUCopy:0]]
[2022.07.19-14.28.16:621][  0]LogConfig: Setting CVar [[r.Streaming.MaxNumTexturesToStreamPerFrame:0]]
[2022.07.19-14.28.16:621][  0]LogConfig: Setting CVar [[r.Streaming.Boost:1]]
[2022.07.19-14.28.16:621][  0]LogConfig: Setting CVar [[r.MaxAnisotropy:8]]
[2022.07.19-14.28.16:621][  0]LogConfig: Setting CVar [[r.VT.MaxAnisotropy:8]]
[2022.07.19-14.28.16:621][  0]LogConfig: Setting CVar [[r.Streaming.LimitPoolSizeToVRAM:0]]
[2022.07.19-14.28.16:621][  0]LogConfig: Setting CVar [[r.Streaming.PoolSize:1000]]
[2022.07.19-14.28.16:621][  0]LogConfig: Setting CVar [[r.Streaming.MaxEffectiveScreenSize:0]]
[2022.07.19-14.28.16:621][  0]LogConfig: Applying CVar settings from Section [EffectsQuality@3] File [I:/githubProject/ActionRoguelike/ActionRoguelike/Saved/Config/Windows/Scalability.ini]
[2022.07.19-14.28.16:621][  0]LogConfig: Setting CVar [[r.TranslucencyLightingVolumeDim:64]]
[2022.07.19-14.28.16:621][  0]LogConfig: Setting CVar [[r.RefractionQuality:2]]
[2022.07.19-14.28.16:621][  0]LogConfig: Setting CVar [[r.SSR.Quality:3]]
[2022.07.19-14.28.16:621][  0]LogConfig: Setting CVar [[r.SSR.HalfResSceneColor:0]]
[2022.07.19-14.28.16:621][  0]LogConfig: Setting CVar [[r.SceneColorFormat:4]]
[2022.07.19-14.28.16:621][  0]LogConfig: Setting CVar [[r.DetailMode:2]]
[2022.07.19-14.28.16:621][  0]LogConfig: Setting CVar [[r.TranslucencyVolumeBlur:1]]
[2022.07.19-14.28.16:621][  0]LogConfig: Setting CVar [[r.MaterialQualityLevel:1 ; High quality]]
[2022.07.19-14.28.16:621][  0]LogConfig: Setting CVar [[r.SSS.Scale:1]]
[2022.07.19-14.28.16:621][  0]LogConfig: Setting CVar [[r.SSS.SampleSet:2]]
[2022.07.19-14.28.16:621][  0]LogConfig: Setting CVar [[r.SSS.Quality:1]]
[2022.07.19-14.28.16:621][  0]LogConfig: Setting CVar [[r.SSS.HalfRes:0]]
[2022.07.19-14.28.16:621][  0]LogConfig: Setting CVar [[r.SSGI.Quality:3]]
[2022.07.19-14.28.16:621][  0]LogConfig: Setting CVar [[r.EmitterSpawnRateScale:1.0]]
[2022.07.19-14.28.16:621][  0]LogConfig: Setting CVar [[r.ParticleLightQuality:2]]
[2022.07.19-14.28.16:621][  0]LogConfig: Setting CVar [[r.SkyAtmosphere.AerialPerspectiveLUT.FastApplyOnOpaque:1 ; Always have FastSkyLUT 1 in this case to avoid wrong sky]]
[2022.07.19-14.28.16:621][  0]LogConfig: Setting CVar [[r.SkyAtmosphere.AerialPerspectiveLUT.SampleCountPerSlice:1]]
[2022.07.19-14.28.16:621][  0]LogConfig: Setting CVar [[r.SkyAtmosphere.AerialPerspectiveLUT.DepthResolution:16.0]]
[2022.07.19-14.28.16:621][  0]LogConfig: Setting CVar [[r.SkyAtmosphere.FastSkyLUT:1]]
[2022.07.19-14.28.16:621][  0]LogConfig: Setting CVar [[r.SkyAtmosphere.FastSkyLUT.SampleCountMin:4.0]]
[2022.07.19-14.28.16:621][  0]LogConfig: Setting CVar [[r.SkyAtmosphere.FastSkyLUT.SampleCountMax:32.0]]
[2022.07.19-14.28.16:621][  0]LogConfig: Setting CVar [[r.SkyAtmosphere.SampleCountMin:4.0]]
[2022.07.19-14.28.16:621][  0]LogConfig: Setting CVar [[r.SkyAtmosphere.SampleCountMax:32.0]]
[2022.07.19-14.28.16:621][  0]LogConfig: Setting CVar [[r.SkyAtmosphere.TransmittanceLUT.UseSmallFormat:0]]
[2022.07.19-14.28.16:622][  0]LogConfig: Setting CVar [[r.SkyAtmosphere.TransmittanceLUT.SampleCount:10.0]]
[2022.07.19-14.28.16:622][  0]LogConfig: Setting CVar [[r.SkyAtmosphere.MultiScatteringLUT.SampleCount:15.0]]
[2022.07.19-14.28.16:622][  0]LogConfig: Applying CVar settings from Section [FoliageQuality@3] File [I:/githubProject/ActionRoguelike/ActionRoguelike/Saved/Config/Windows/Scalability.ini]
[2022.07.19-14.28.16:622][  0]LogConfig: Setting CVar [[foliage.DensityScale:1.0]]
[2022.07.19-14.28.16:622][  0]LogConfig: Setting CVar [[grass.DensityScale:1.0]]
[2022.07.19-14.28.16:622][  0]LogConfig: Applying CVar settings from Section [ShadingQuality@3] File [I:/githubProject/ActionRoguelike/ActionRoguelike/Saved/Config/Windows/Scalability.ini]
[2022.07.19-14.28.16:622][  0]LogConfig: Setting CVar [[r.HairStrands.SkyLighting.SampleCount:16]]
[2022.07.19-14.28.16:622][  0]LogConfig: Setting CVar [[r.HairStrands.SkyLighting.JitterIntegration:0]]
[2022.07.19-14.28.16:622][  0]LogConfig: Setting CVar [[r.HairStrands.SkyAO.SampleCount:16]]
[2022.07.19-14.28.16:622][  0]LogConfig: Setting CVar [[r.HairStrands.DeepShadow.SuperSampling:0]]
[2022.07.19-14.28.16:622][  0]LogConfig: Setting CVar [[r.HairStrands.VisibilityPPLL:0]]
[2022.07.19-14.28.16:622][  0]LogConfig: Setting CVar [[r.HairStrands.RasterizationScale:0.5]]
[2022.07.19-14.28.16:622][  0]LogConfig: Setting CVar [[r.HairStrands.VelocityRasterizationScale:1]]
[2022.07.19-14.28.16:622][  0]LogConfig: Applying CVar settings from Section [Startup] File [../../../Engine/Config/ConsoleVariables.ini]
[2022.07.19-14.28.16:626][  0]LogConfig: Setting CVar [[net.UseAdaptiveNetUpdateFrequency:0]]
[2022.07.19-14.28.16:626][  0]LogConfig: Setting CVar [[p.chaos.AllowCreatePhysxBodies:1]]
[2022.07.19-14.28.16:626][  0]LogConfig: Setting CVar [[fx.SkipVectorVMBackendOptimizations:1]]
[2022.07.19-14.28.16:626][  0]LogConfig: Applying CVar settings from Section [ConsoleVariables] File [I:/githubProject/ActionRoguelike/ActionRoguelike/Saved/Config/Windows/Engine.ini]
[2022.07.19-14.28.16:627][  0]LogInit: Computer: DESKTOP-PCRVT7B
[2022.07.19-14.28.16:627][  0]LogInit: User: admin
[2022.07.19-14.28.16:627][  0]LogInit: CPU Page size=4096, Cores=8
[2022.07.19-14.28.16:627][  0]LogInit: High frequency timer resolution =10.000000 MHz
[2022.07.19-14.28.16:627][  0]LogMemory: Memory total: Physical=31.9GB (32GB approx)
[2022.07.19-14.28.16:627][  0]LogMemory: Platform Memory Stats for Windows
[2022.07.19-14.28.16:627][  0]LogMemory: Process Physical Memory: 117.06 MB used, 117.06 MB peak
[2022.07.19-14.28.16:627][  0]LogMemory: Process Virtual Memory: 101.57 MB used, 101.57 MB peak
[2022.07.19-14.28.16:627][  0]LogMemory: Physical Memory: 13713.04 MB used,  18924.13 MB free, 32637.16 MB total
[2022.07.19-14.28.16:627][  0]LogMemory: Virtual Memory: 5191.06 MB used,  134212536.00 MB free, 134217728.00 MB total
[2022.07.19-14.28.16:632][  0]LogWindows: WindowsPlatformFeatures enabled
[2022.07.19-14.28.17:058][  0]LogInit: Physics initialised using underlying interface: PhysX
[2022.07.19-14.28.17:060][  0]LogInit: Overriding language with editor language configuration option (en).
[2022.07.19-14.28.17:060][  0]LogInit: Overriding locale with editor culture configuration option ().
[2022.07.19-14.28.17:060][  0]LogInit: Using OS detected locale (zh-CN).
[2022.07.19-14.28.17:261][  0]LogInit: Setting process to per monitor DPI aware
[2022.07.19-14.28.17:388][  0]LogSlate: New Slate User Created.  User Index 0, Is Virtual User: 0
[2022.07.19-14.28.17:388][  0]LogSlate: Slate User Registered.  User Index 0, Is Virtual User: 0
[2022.07.19-14.28.19:029][  0]LogHMD: Failed to initialize OpenVR with code 110
[2022.07.19-14.28.19:029][  0]LogD3D11RHI: D3D11 min allowed feature level: 11_0
[2022.07.19-14.28.19:029][  0]LogD3D11RHI: D3D11 max allowed feature level: 11_0
[2022.07.19-14.28.19:029][  0]LogD3D11RHI: D3D11 adapters:
[2022.07.19-14.28.19:178][  0]LogD3D11RHI:    0. 'NVIDIA GeForce RTX 3060' (Feature Level 11_0)
[2022.07.19-14.28.19:178][  0]LogD3D11RHI:       12143/0/16318 MB DedicatedVideo/DedicatedSystem/SharedSystem, Outputs:2, VendorId:0x10de
[2022.07.19-14.28.19:183][  0]LogD3D11RHI:    1. 'Microsoft Basic Render Driver' (Feature Level 11_0)
[2022.07.19-14.28.19:183][  0]LogD3D11RHI:       0/0/16318 MB DedicatedVideo/DedicatedSystem/SharedSystem, Outputs:0, VendorId:0x1414
[2022.07.19-14.28.19:183][  0]LogD3D11RHI: Chosen D3D11 Adapter: 0
[2022.07.19-14.28.19:188][  0]LogD3D11RHI: Creating new Direct3DDevice
[2022.07.19-14.28.19:188][  0]LogD3D11RHI:     GPU DeviceId: 0x2504 (for the marketing name, search the web for "GPU Device Id")
[2022.07.19-14.28.19:188][  0]LogWindows: EnumDisplayDevices:
[2022.07.19-14.28.19:188][  0]LogWindows:    0. 'NVIDIA GeForce RTX 3060' (P:1 D:1)
[2022.07.19-14.28.19:189][  0]LogWindows:    1. 'NVIDIA GeForce RTX 3060' (P:0 D:1)
[2022.07.19-14.28.19:189][  0]LogWindows:    2. 'NVIDIA GeForce RTX 3060' (P:0 D:0)
[2022.07.19-14.28.19:189][  0]LogWindows:    3. 'NVIDIA GeForce RTX 3060' (P:0 D:0)
[2022.07.19-14.28.19:189][  0]LogWindows: DebugString: FoundDriverCount:4 
[2022.07.19-14.28.19:189][  0]LogD3D11RHI:     Adapter Name: NVIDIA GeForce RTX 3060
[2022.07.19-14.28.19:189][  0]LogD3D11RHI:   Driver Version: 471.11 (internal:30.0.14.7111, unified:471.11)
[2022.07.19-14.28.19:189][  0]LogD3D11RHI:      Driver Date: 6-21-2021
[2022.07.19-14.28.19:189][  0]LogRHI: Texture pool is 8500 MB (70% of 12143 MB)
[2022.07.19-14.28.19:250][  0]LogD3D11RHI: RHI has support for 64 bit atomics
[2022.07.19-14.28.19:251][  0]LogD3D11RHI: Async texture creation enabled
[2022.07.19-14.28.19:251][  0]LogD3D11RHI: Array index from any shader is supported
[2022.07.19-14.28.19:270][  0]LogD3D11RHI: GPU Timing Frequency: 1000.000000 (Debug: 2 1)
[2022.07.19-14.28.19:478][  0]LogTargetPlatformManager: Display: Loaded TargetPlatform 'AllDesktop'
[2022.07.19-14.28.19:513][  0]LogTargetPlatformManager: Display: Loaded TargetPlatform 'Android'
[2022.07.19-14.28.19:513][  0]LogTargetPlatformManager: Display: Loaded TargetPlatform 'Android_ASTC'
[2022.07.19-14.28.19:513][  0]LogTargetPlatformManager: Display: Loaded TargetPlatform 'Android_DXT'
[2022.07.19-14.28.19:513][  0]LogTargetPlatformManager: Display: Loaded TargetPlatform 'Android_ETC2'
[2022.07.19-14.28.19:513][  0]LogTargetPlatformManager: Display: Loaded TargetPlatform 'AndroidClient'
[2022.07.19-14.28.19:513][  0]LogTargetPlatformManager: Display: Loaded TargetPlatform 'Android_ASTCClient'
[2022.07.19-14.28.19:513][  0]LogTargetPlatformManager: Display: Loaded TargetPlatform 'Android_DXTClient'
[2022.07.19-14.28.19:513][  0]LogTargetPlatformManager: Display: Loaded TargetPlatform 'Android_ETC2Client'
[2022.07.19-14.28.19:513][  0]LogTargetPlatformManager: Display: Loaded TargetPlatform 'Android_Multi'
[2022.07.19-14.28.19:513][  0]LogTargetPlatformManager: Display: Loaded TargetPlatform 'Android_MultiClient'
[2022.07.19-14.28.19:595][  0]LogTargetPlatformManager: Display: Loaded TargetPlatform 'IOSClient'
[2022.07.19-14.28.19:595][  0]LogTargetPlatformManager: Display: Loaded TargetPlatform 'IOS'
[2022.07.19-14.28.19:625][  0]LogTargetPlatformManager: Display: Loaded TargetPlatform 'Linux'
[2022.07.19-14.28.19:650][  0]LogTargetPlatformManager: Display: Loaded TargetPlatform 'LinuxNoEditor'
[2022.07.19-14.28.19:674][  0]LogTargetPlatformManager: Display: Loaded TargetPlatform 'LinuxClient'
[2022.07.19-14.28.19:699][  0]LogTargetPlatformManager: Display: Loaded TargetPlatform 'LinuxServer'
[2022.07.19-14.28.19:723][  0]LogTargetPlatformManager: Display: Loaded TargetPlatform 'LinuxAArch64NoEditor'
[2022.07.19-14.28.19:747][  0]LogTargetPlatformManager: Display: Loaded TargetPlatform 'LinuxAArch64Client'
[2022.07.19-14.28.19:771][  0]LogTargetPlatformManager: Display: Loaded TargetPlatform 'LinuxAArch64Server'
[2022.07.19-14.28.19:810][  0]LogTargetPlatformManager: Display: Loaded TargetPlatform 'Lumin'
[2022.07.19-14.28.19:810][  0]LogTargetPlatformManager: Display: Loaded TargetPlatform 'LuminClient'
[2022.07.19-14.28.19:837][  0]LogTargetPlatformManager: Display: Loaded TargetPlatform 'TVOSClient'
[2022.07.19-14.28.19:837][  0]LogTargetPlatformManager: Display: Loaded TargetPlatform 'TVOS'
[2022.07.19-14.28.19:865][  0]LogTargetPlatformManager: Display: Loaded TargetPlatform 'WindowsNoEditor'
[2022.07.19-14.28.19:894][  0]LogTargetPlatformManager: Display: Loaded TargetPlatform 'Windows'
[2022.07.19-14.28.19:922][  0]LogTargetPlatformManager: Display: Loaded TargetPlatform 'WindowsClient'
[2022.07.19-14.28.19:950][  0]LogTargetPlatformManager: Display: Loaded TargetPlatform 'WindowsServer'
[2022.07.19-14.28.19:950][  0]LogTargetPlatformManager: Display: Building Assets For Windows
[2022.07.19-14.28.20:032][  0]LogAudioDebug: Display: Lib vorbis DLL was dynamically loaded.
[2022.07.19-14.28.20:484][  0]LogShaderCompilers: Guid format shader working directory is -15 characters bigger than the processId version (../../../../../githubProject/ActionRoguelike/ActionRoguelike/Intermediate/Shaders/WorkingDirectory/18932/).
[2022.07.19-14.28.20:484][  0]LogShaderCompilers: Cleaned the shader compiler working directory 'C:/Users/admin/AppData/Local/Temp/UnrealShaderWorkingDir/6D85380345D503C27B70DEA43934D6B9/'.
[2022.07.19-14.28.20:484][  0]LogXGEController: Cleaning working directory: C:/Users/admin/AppData/Local/Temp/UnrealXGEWorkingDir/
[2022.07.19-14.28.20:485][  0]LogXGEController: Cannot use XGE Controller as Incredibuild is not installed on this machine.
[2022.07.19-14.28.20:485][  0]LogShaderCompilers: Cannot use XGE Shader Compiler as Incredibuild is not installed on this machine.
[2022.07.19-14.28.20:485][  0]LogShaderCompilers: Display: Using Local Shader Compiler.
[2022.07.19-14.28.22:497][  0]LogDerivedDataCache: Display: Max Cache Size: 512 MB
[2022.07.19-14.28.22:544][  0]LogDerivedDataCache: Loaded boot cache 0.05s 76MB C:/Users/admin/AppData/Local/UnrealEngine/4.25/DerivedDataCache/Boot.ddc.
[2022.07.19-14.28.22:544][  0]LogDerivedDataCache: Display: Loaded Boot cache: C:/Users/admin/AppData/Local/UnrealEngine/4.25/DerivedDataCache/Boot.ddc
[2022.07.19-14.28.22:544][  0]LogDerivedDataCache: FDerivedDataBackendGraph:  Pak pak cache file ../../../../../githubProject/ActionRoguelike/ActionRoguelike/DerivedDataCache/DDC.ddp not found, will not use a pak cache.
[2022.07.19-14.28.22:544][  0]LogDerivedDataCache: Unable to find inner node Pak for hierarchical cache Hierarchy.
[2022.07.19-14.28.22:544][  0]LogDerivedDataCache: FDerivedDataBackendGraph:  CompressedPak pak cache file ../../../../../githubProject/ActionRoguelike/ActionRoguelike/DerivedDataCache/Compressed.ddp not found, will not use a pak cache.
[2022.07.19-14.28.22:544][  0]LogDerivedDataCache: Unable to find inner node CompressedPak for hierarchical cache Hierarchy.
[2022.07.19-14.28.22:558][  0]LogDerivedDataCache: Display: Pak cache opened for reading ../../../Engine/DerivedDataCache/Compressed.ddp.
[2022.07.19-14.28.22:559][  0]LogDerivedDataCache: FDerivedDataBackendGraph:  EnterprisePak pak cache file ../../../Enterprise/DerivedDataCache/Compressed.ddp not found, will not use a pak cache.
[2022.07.19-14.28.22:559][  0]LogDerivedDataCache: Unable to find inner node EnterprisePak for hierarchical cache Hierarchy.
[2022.07.19-14.28.22:561][  0]LogDerivedDataCache: Using Local data cache path C:/Users/admin/AppData/Local/UnrealEngine/Common/DerivedDataCache: Writable
[2022.07.19-14.28.22:561][  0]LogDerivedDataCache: Shared data cache path not found in *engine.ini, will not use an Shared cache.
[2022.07.19-14.28.22:561][  0]LogDerivedDataCache: Unable to find inner node Shared for hierarchical cache Hierarchy.
[2022.07.19-14.28.22:601][  0]LogSlate: Using FreeType 2.10.0
[2022.07.19-14.28.22:611][  0]LogSlate: SlateFontServices - WITH_FREETYPE: 1, WITH_HARFBUZZ: 1
[2022.07.19-14.28.22:721][  0]LogAssetRegistry: FAssetRegistry took 0.0038 seconds to start up
[2022.07.19-14.28.22:939][  0]LogInit: Selected Device Profile: [Windows]
[2022.07.19-14.28.23:371][  0]LogMeshReduction: Using QuadricMeshReduction for automatic static mesh reduction
[2022.07.19-14.28.23:371][  0]LogMeshReduction: Using SimplygonMeshReduction for automatic skeletal mesh reduction
[2022.07.19-14.28.23:372][  0]LogMeshReduction: Using ProxyLODMeshReduction for automatic mesh merging
[2022.07.19-14.28.23:372][  0]LogMeshReduction: No distributed automatic mesh merging module available
[2022.07.19-14.28.23:372][  0]LogMeshMerging: No distributed automatic mesh merging module available
[2022.07.19-14.28.23:435][  0]LogNetVersion: ActionRoguelike 1.0.0, NetCL: 13144385, EngineNetVer: 14, GameNetVer: 0 (Checksum: 3012751956)
[2022.07.19-14.28.24:921][  0]LogAISub: UAISubsystem::UAISubsystem AISubsystem (00000245B71B2A00), frame # 0
[2022.07.19-14.28.24:922][  0]LogAISub: UAISubsystem::UAISubsystem AIPerceptionSystem (00000245B703F9C0), frame # 0
[2022.07.19-14.28.24:925][  0]LogAISub: UAISubsystem::UAISubsystem EnvQueryManager (00000245B70A5C00), frame # 0
[2022.07.19-14.28.24:975][  0]LogPackageLocalizationCache: Processed 19 localized package path(s) for 1 prioritized culture(s) in 0.026951 seconds
[2022.07.19-14.28.24:978][  0]LogUObjectArray: 15917 objects as part of root set at end of initial load.
[2022.07.19-14.28.24:978][  0]LogUObjectAllocator: 3965568 out of 0 bytes used by permanent object pool.
[2022.07.19-14.28.24:978][  0]LogUObjectArray: CloseDisregardForGC: 0/0 objects in disregard for GC pool
[2022.07.19-14.28.27:205][  0]LogTcpMessaging: Initializing TcpMessaging bridge
[2022.07.19-14.28.27:234][  0]LogUdpMessaging: Initializing bridge on interface 0.0.0.0:0 to multicast group 230.0.0.1:6666.
[2022.07.19-14.28.27:792][  0]SourceControl: Source control is disabled
[2022.07.19-14.28.27:792][  0]SourceControl: Source control is disabled
[2022.07.19-14.28.27:833][  0]SourceControl: Source control is disabled
[2022.07.19-14.28.27:862][  0]SourceControl: Source control is disabled
[2022.07.19-14.28.27:915][  0]SourceControl: Source control is disabled
[2022.07.19-14.28.29:643][  0]LogAndroidPermission: UAndroidPermissionCallbackProxy::GetInstance
[2022.07.19-14.28.29:794][  0]LogAudioCaptureCore: Display: No Audio Capture implementations found. Audio input will be silent.
[2022.07.19-14.28.29:794][  0]LogAudioCaptureCore: Display: No Audio Capture implementations found. Audio input will be silent.
[2022.07.19-14.28.30:049][  0]LogOcInput: OculusInput pre-init called
[2022.07.19-14.28.30:104][  0]LogWindows: Failed to load 'OVRPlugin.dll' (GetLastError=126)
[2022.07.19-14.28.30:104][  0]LogWindows: File 'OVRPlugin.dll' does not exist
[2022.07.19-14.28.30:368][  0]LogEngine: Initializing Engine...
[2022.07.19-14.28.30:369][  0]LogHMD: Failed to initialize OpenVR with code 110
[2022.07.19-14.28.30:369][  0]LogMagicLeap: Warning: VR disabled because ZI is not enabled.  To enable, in the editor, Edit -> Project Settings -> Plugins -> Magic Leap Plugin -> Enable Zero Iteration
[2022.07.19-14.28.30:371][  0]LogStats: UGameplayTagsManager::InitializeManager -  0.001 s
[2022.07.19-14.28.30:588][  0]LogInit: Initializing FReadOnlyCVARCache
[2022.07.19-14.28.30:630][  0]LogAIModule: Creating AISystem for world Untitled
[2022.07.19-14.28.30:630][  0]LogAISub: UAISubsystem::UAISubsystem EnvQueryManager (00000245B9A57C00), frame # 0
[2022.07.19-14.28.30:630][  0]LogAISub: UAISubsystem::UAISubsystem AIPerceptionSystem (00000245B9A77100), frame # 0
[2022.07.19-14.28.30:659][  0]LogAudioMixer: Display: Audio Mixer Platform Settings:
[2022.07.19-14.28.30:659][  0]LogAudioMixer: Display: 	Sample Rate:						  48000
[2022.07.19-14.28.30:659][  0]LogAudioMixer: Display: 	Callback Buffer Frame Size Requested: 1024
[2022.07.19-14.28.30:659][  0]LogAudioMixer: Display: 	Callback Buffer Frame Size To Use:	  1024
[2022.07.19-14.28.30:659][  0]LogAudioMixer: Display: 	Number of buffers to queue:			  2
[2022.07.19-14.28.30:659][  0]LogAudioMixer: Display: 	Max Channels (voices):				  32
[2022.07.19-14.28.30:659][  0]LogAudioMixer: Display: 	Number of Async Source Workers:		  0
[2022.07.19-14.28.30:659][  0]LogAudio: Display: AudioDevice MaxSources: 32
[2022.07.19-14.28.30:660][  0]LogAudio: Display: Using built-in audio occlusion.
[2022.07.19-14.28.30:660][  0]LogAudioMixer: Display: Initializing audio mixer.
[2022.07.19-14.28.30:700][  0]LogAudioMixer: Display: 0: FrontLeft
[2022.07.19-14.28.30:700][  0]LogAudioMixer: Display: 1: FrontRight
[2022.07.19-14.28.30:735][  0]LogAudioMixer: Display: Using Audio Device 扬声器 (USBAudio2.0)
[2022.07.19-14.28.30:736][  0]LogAudioMixer: Display: Initializing Sound Submixes...
[2022.07.19-14.28.30:751][  0]LogAudioMixer: Display: Creating Master Submix 'MasterSubmixDefault'
[2022.07.19-14.28.30:751][  0]LogAudioMixer: Display: Creating Master Submix 'MasterReverbSubmixDefault'
[2022.07.19-14.28.30:753][  0]LogAudioMixer: Display: Creating Master Submix 'MasterEQSubmixDefault'
[2022.07.19-14.28.30:754][  0]LogInit: FAudioDevice initialized.
[2022.07.19-14.28.30:755][  0]LogNetVersion: Set ProjectVersion to 1.0.0.0. Version Checksum will be recalculated on next use.
[2022.07.19-14.28.30:783][  0]LogDerivedDataCache: Saved boot cache 0.03s 76MB C:/Users/admin/AppData/Local/UnrealEngine/4.25/DerivedDataCache/Boot.ddc.
[2022.07.19-14.28.30:784][  0]LogInit: Texture streaming: Enabled
[2022.07.19-14.28.30:878][  0]LogEngineSessionManager: EngineSessionManager initialized
[2022.07.19-14.28.30:878][  0]LogEngineSessionManager: EngineSessionManager sent abnormal shutdown report. Type=Debugger, SessionId={2F6420DF-4ED2-58EE-0E4A-F1BA5A0410A4}
[2022.07.19-14.28.30:878][  0]LogEditorSessionSummary: Verbose: Initializing EditorSessionSummaryWriter for editor session tracking
[2022.07.19-14.28.30:880][  0]LogEditorSessionSummary: EditorSessionSummaryWriter initialized
[2022.07.19-14.28.30:953][  0]LogInit: Transaction tracking system initialized
[2022.07.19-14.28.31:116][  0]BlueprintLog: New page: Editor Load
[2022.07.19-14.28.31:649][  0]LocalizationService: Localization service is disabled
[2022.07.19-14.28.32:590][  0]LogFileCache: Scanning file cache for directory 'I:/githubProject/ActionRoguelike/ActionRoguelike/Content/' took 0.01s
[2022.07.19-14.28.32:590][  0]LogCook: Display: Max memory allowance for cook 16384mb min free memory 0mb
[2022.07.19-14.28.32:590][  0]LogCook: Display: Mobile HDR setting 1
[2022.07.19-14.28.33:766][  0]SourceControl: Source control is disabled
[2022.07.19-14.28.33:766][  0]LogUnrealEdMisc: Loading editor; pre map load, took 21.156
[2022.07.19-14.28.33:767][  0]Cmd: MAP LOAD FILE="../../../Engine/Content/Maps/Templates/Template_Default.umap" TEMPLATE=1 SHOWPROGRESS=1 FEATURELEVEL=3
[2022.07.19-14.28.33:772][  0]LightingResults: New page: Lighting Build
[2022.07.19-14.28.33:775][  0]LogWorld: UWorld::CleanupWorld for Untitled, bSessionEnded=true, bCleanupResources=true
[2022.07.19-14.28.33:775][  0]LogSlate: InvalidateAllWidgets triggered.  All widgets were invalidated
[2022.07.19-14.28.33:775][  0]MapCheck: New page: Map Check
[2022.07.19-14.28.33:775][  0]LightingResults: New page: Lighting Build
[2022.07.19-14.28.33:792][  0]LogAISub: UAISubsystem::~UAISubsystem EnvQueryManager (00000245B9A57C00), frame # 0
[2022.07.19-14.28.33:792][  0]LogAISub: UAISubsystem::~UAISubsystem AIPerceptionSystem (00000245B9A77100), frame # 0
[2022.07.19-14.28.33:793][  0]LogUObjectHash: Compacting FUObjectHashTables data took   0.44ms
[2022.07.19-14.28.33:898][  0]LogAIModule: Creating AISystem for world Untitled_1
[2022.07.19-14.28.33:898][  0]LogAISub: UAISubsystem::UAISubsystem EnvQueryManager (00000245A8D09800), frame # 0
[2022.07.19-14.28.33:899][  0]LogAISub: UAISubsystem::UAISubsystem AIPerceptionSystem (00000245A8752340), frame # 0
[2022.07.19-14.28.33:910][  0]LogEditorServer: Finished looking for orphan Actors (0.000 secs)
[2022.07.19-14.28.33:922][  0]LogUObjectHash: Compacting FUObjectHashTables data took   0.42ms
[2022.07.19-14.28.33:923][  0]Cmd: MAP CHECKDEP NOCLEARLOG
[2022.07.19-14.28.33:923][  0]MapCheck: Map check complete: 0 Error(s), 0 Warning(s), took 0.26ms to complete.
[2022.07.19-14.28.33:923][  0]LogFileHelpers: Loading map 'Template_Default' took 0.157
[2022.07.19-14.28.33:936][  0]LogUnrealEdMisc: Total Editor Startup Time, took 21.326
[2022.07.19-14.28.34:085][  0]LogSlate: Updating window title bar state: overlay mode, drag disabled, window buttons hidden, title bar hidden
[2022.07.19-14.28.34:090][  0]LogSlate: Updating window title bar state: overlay mode, drag disabled, window buttons hidden, title bar hidden
[2022.07.19-14.28.34:095][  0]LogSlate: Updating window title bar state: overlay mode, drag disabled, window buttons hidden, title bar hidden
[2022.07.19-14.28.34:099][  0]LogSlate: Updating window title bar state: overlay mode, drag disabled, window buttons hidden, title bar hidden
[2022.07.19-14.28.34:131][  0]LogCollectionManager: Loaded 0 collections in 0.000591 seconds
[2022.07.19-14.28.34:153][  0]LogFileCache: Scanning file cache for directory 'I:/githubProject/ActionRoguelike/ActionRoguelike/Saved/Collections/' took 0.00s
[2022.07.19-14.28.34:153][  0]LogFileCache: Scanning file cache for directory 'I:/githubProject/ActionRoguelike/ActionRoguelike/Content/Developers/admin/Collections/' took 0.00s
[2022.07.19-14.28.34:153][  0]LogFileCache: Scanning file cache for directory 'I:/githubProject/ActionRoguelike/ActionRoguelike/Content/Collections/' took 0.00s
[2022.07.19-14.28.34:153][  0]LogContentBrowser: Native class hierarchy populated in 0.0068 seconds. Added 3429 classes and 824 folders.
[2022.07.19-14.28.34:157][  0]LogContentBrowser: Native class hierarchy updated for 'WidgetCarousel' in 0.0002 seconds. Added 0 classes and 0 folders.
[2022.07.19-14.28.34:465][  0]LogContentBrowser: Native class hierarchy updated for 'AddContentDialog' in 0.0002 seconds. Added 0 classes and 0 folders.
[2022.07.19-14.28.34:468][  0]LogContentBrowser: Native class hierarchy updated for 'SceneOutliner' in 0.0002 seconds. Added 2 classes and 0 folders.
[2022.07.19-14.28.34:530][  0]LogSlate: Took 0.005740 seconds to synchronously load lazily loaded font '../../../Engine/Content/Slate/Fonts/Roboto-Regular.ttf' (155K)
[2022.07.19-14.28.34:535][  0]LogSlate: Took 0.003823 seconds to synchronously load lazily loaded font '../../../Engine/Content/Slate/Fonts/Roboto-Bold.ttf' (160K)
[2022.07.19-14.28.34:544][  0]LogSlate: Took 0.004294 seconds to synchronously load lazily loaded font '../../../Engine/Content/Editor/Slate/Fonts/FontAwesome.ttf' (139K)
[2022.07.19-14.28.34:613][  0]LogRenderer: Reallocating scene render targets to support 1292x648 Format 10 NumSamples 1 (Frame:1).
[2022.07.19-14.28.34:707][  0]LogContentBrowser: Native class hierarchy updated for 'HierarchicalLODOutliner' in 0.0002 seconds. Added 0 classes and 0 folders.
[2022.07.19-14.28.34:707][  0]LogLoad: (Engine Initialization) Total time: 22.10 seconds
[2022.07.19-14.28.34:708][  0]LogLoad: (Engine Initialization) Total Blueprint compile time: 0.00 seconds
[2022.07.19-14.28.34:734][  0]LogAssetRegistry: Asset discovery search completed in 12.0148 seconds
[2022.07.19-14.28.34:737][  0]LogCollectionManager: Fixed up redirectors for 0 collections in 0.000002 seconds (updated 0 objects)
[2022.07.19-14.28.34:740][  0]LogContentStreaming: Texture pool size now 1000 MB
[2022.07.19-14.28.34:781][  0]LogSlate: Took 0.003859 seconds to synchronously load lazily loaded font '../../../Engine/Content/Slate/Fonts/Roboto-Light.ttf' (167K)
[2022.07.19-14.28.36:992][139]LogRenderer: Reallocating scene render targets to support 1292x676 Format 10 NumSamples 1 (Frame:143).
[2022.07.19-14.30.44:115][ 54]Cmd: DELETE
[2022.07.19-14.30.44:115][ 54]Cmd: ACTOR DELETE
[2022.07.19-14.30.44:130][ 54]LogEditorActor: Deleted Actor: PlayerStart
[2022.07.19-14.30.44:143][ 54]LogUObjectHash: Compacting FUObjectHashTables data took   0.32ms
[2022.07.19-14.30.44:144][ 54]LogEditorActor: Deleted 1 Actors (0.016 secs)
[2022.07.19-14.30.51:017][846]LogTemp: Repeating last play command: Selected Viewport
[2022.07.19-14.30.51:035][846]LogPlayLevel: PlayLevel: No blueprints needed recompiling
[2022.07.19-14.30.51:035][846]PIE: New page: PIE session: Untitled_1 (2022年7月20日 上午6:30:51)
[2022.07.19-14.30.51:037][846]LogOnline: OSS: Creating online subsystem instance for: NULL
[2022.07.19-14.30.51:039][846]LogOnline: OSS: TryLoadSubsystemAndSetDefault: Loaded subsystem for module [NULL]
[2022.07.19-14.30.51:039][846]LogPlayLevel: Creating play world package: /Temp/UEDPIE_0_Untitled_1
[2022.07.19-14.30.51:042][846]LogPlayLevel: PIE: StaticDuplicateObject took: (0.002475s)
[2022.07.19-14.30.51:043][846]LogAIModule: Creating AISystem for world Untitled_1
[2022.07.19-14.30.51:043][846]LogAISub: UAISubsystem::UAISubsystem EnvQueryManager (00000245C5B6FE00), frame # 2846
[2022.07.19-14.30.51:043][846]LogAISub: UAISubsystem::UAISubsystem AIPerceptionSystem (00000245CD573D80), frame # 2846
[2022.07.19-14.30.51:043][846]LogPlayLevel: PIE: World Init took: (0.001424s)
[2022.07.19-14.30.51:044][846]LogPlayLevel: PIE: Created PIE world by copying editor world from /Temp/Untitled_1.Untitled_1 to /Temp/UEDPIE_0_Untitled_1.Untitled_1 (0.004334s)
[2022.07.19-14.30.51:054][846]LogUObjectHash: Compacting FUObjectHashTables data took   0.33ms
[2022.07.19-14.30.51:055][846]LogAudioMixer: Display: Audio Mixer Platform Settings:
[2022.07.19-14.30.51:055][846]LogAudioMixer: Display: 	Sample Rate:						  48000
[2022.07.19-14.30.51:055][846]LogAudioMixer: Display: 	Callback Buffer Frame Size Requested: 1024
[2022.07.19-14.30.51:055][846]LogAudioMixer: Display: 	Callback Buffer Frame Size To Use:	  1024
[2022.07.19-14.30.51:055][846]LogAudioMixer: Display: 	Number of buffers to queue:			  2
[2022.07.19-14.30.51:055][846]LogAudioMixer: Display: 	Max Channels (voices):				  32
[2022.07.19-14.30.51:055][846]LogAudioMixer: Display: 	Number of Async Source Workers:		  0
[2022.07.19-14.30.51:056][846]LogAudio: Display: AudioDevice MaxSources: 32
[2022.07.19-14.30.51:056][846]LogAudio: Display: Using built-in audio occlusion.
[2022.07.19-14.30.51:056][846]LogAudioMixer: Display: Initializing audio mixer.
[2022.07.19-14.30.51:059][846]LogAudioMixer: Display: 0: FrontLeft
[2022.07.19-14.30.51:059][846]LogAudioMixer: Display: 1: FrontRight
[2022.07.19-14.30.51:078][846]LogAudioMixer: Display: Using Audio Device 扬声器 (USBAudio2.0)
[2022.07.19-14.30.51:079][846]LogAudioMixer: Display: Initializing Sound Submixes...
[2022.07.19-14.30.51:079][846]LogAudioMixer: Display: Creating Master Submix 'MasterSubmixDefault'
[2022.07.19-14.30.51:079][846]LogAudioMixer: Display: Creating Master Submix 'MasterReverbSubmixDefault'
[2022.07.19-14.30.51:079][846]LogAudioMixer: Display: Creating Master Submix 'MasterEQSubmixDefault'
[2022.07.19-14.30.51:088][846]LogInit: FAudioDevice initialized.
[2022.07.19-14.30.51:096][846]LogLoad: Game class is 'GameModeBase'
[2022.07.19-14.30.51:112][846]LogWorld: Bringing World /Temp/UEDPIE_0_Untitled_1.Untitled_1 up for play (max tick rate 0) at 2022.07.19-22.30.51
[2022.07.19-14.30.51:115][846]LogWorld: Bringing up level for play took: 0.002959
[2022.07.19-14.30.51:115][846]LogOnline: OSS: Creating online subsystem instance for: :Context_1
[2022.07.19-14.30.51:119][846]LogContentBrowser: Native class hierarchy updated for 'MovieSceneCapture' in 0.0003 seconds. Added 20 classes and 0 folders.
[2022.07.19-14.30.51:120][846]PIE: Server logged in
[2022.07.19-14.30.51:121][846]PIE: Play in editor total start time 0.088 seconds.
[2022.07.19-14.30.56:746][515]LogSlate: Updating window title bar state: overlay mode, drag disabled, window buttons hidden, title bar hidden
[2022.07.19-14.30.56:746][515]LogWorld: BeginTearingDown for /Temp/UEDPIE_0_Untitled_1
[2022.07.19-14.30.56:758][515]LogWorld: UWorld::CleanupWorld for Untitled_1, bSessionEnded=true, bCleanupResources=true
[2022.07.19-14.30.56:758][515]LogSlate: InvalidateAllWidgets triggered.  All widgets were invalidated
[2022.07.19-14.30.56:766][515]LogPlayLevel: Display: Shutting down PIE online subsystems
[2022.07.19-14.30.56:767][515]LogSlate: InvalidateAllWidgets triggered.  All widgets were invalidated
[2022.07.19-14.30.56:799][515]LogSlate: Updating window title bar state: overlay mode, drag disabled, window buttons hidden, title bar hidden
[2022.07.19-14.30.56:800][515]LogAISub: UAISubsystem::~UAISubsystem EnvQueryManager (00000245C5B6FE00), frame # 3515
[2022.07.19-14.30.56:800][515]LogAISub: UAISubsystem::~UAISubsystem AIPerceptionSystem (00000245CD573D80), frame # 3515
[2022.07.19-14.30.56:801][515]LogUObjectHash: Compacting FUObjectHashTables data took   0.36ms
[2022.07.19-14.30.56:823][516]LogPlayLevel: Display: Destroying online subsystem :Context_1
[2022.07.19-14.32.04:208][470]LogSlate: Took 0.000101 seconds to synchronously load lazily loaded font '../../../Engine/Content/Slate/Fonts/Roboto-Light.ttf' (167K)
[2022.07.19-14.32.04:229][470]LogAssetEditorSubsystem: Opening Asset editor for Blueprint /Game/ActionRoguelike/PlayerCharacter.PlayerCharacter
[2022.07.19-14.32.04:597][470]LogContentBrowser: Native class hierarchy updated for 'BlueprintGraph' in 0.0004 seconds. Added 125 classes and 0 folders.
[2022.07.19-14.32.07:207][696]LogSlate: Window 'PlayerCharacter' being destroyed
[2022.07.19-14.32.07:215][696]LogWorld: UWorld::CleanupWorld for World_0, bSessionEnded=true, bCleanupResources=true
[2022.07.19-14.32.07:216][696]LogSlate: InvalidateAllWidgets triggered.  All widgets were invalidated
[2022.07.19-14.32.07:258][696]LogAssetEditorSubsystem: Opening Asset editor for Blueprint /Game/ActionRoguelike/PlayerCharacter.PlayerCharacter
[2022.07.19-14.32.07:525][696]LogSlate: Took 0.004225 seconds to synchronously load lazily loaded font '../../../Engine/Content/Slate/Fonts/Roboto-BoldCondensed.ttf' (158K)
[2022.07.19-14.32.08:867][827]LogSlate: Took 0.014970 seconds to synchronously load lazily loaded font '../../../Engine/Content/Slate/Fonts/Roboto-Italic.ttf' (157K)
